<?xml version="1.0" encoding="utf-8"?><testsuites name="pytest tests"><testsuite name="pytest" errors="0" failures="0" skipped="0" tests="34" time="4.009" timestamp="2026-06-30T20:41:44.626405+00:00" hostname="agent-env-f7939756-170e-482d-adc5-1a71ac872695"><testcase classname="backend.tests.test_chief_ai_sprint.TestMissionStandard" name="test_status_and_mode" time="0.465" /><testcase classname="backend.tests.test_chief_ai_sprint.TestMissionStandard" name="test_top_matches_present_and_shape" time="0.000" /><testcase classname="backend.tests.test_chief_ai_sprint.TestMissionStandard" name="test_match_label_is_french" time="0.000" /><testcase classname="backend.tests.test_chief_ai_sprint.TestMissionStandard" name="test_best_pro_first" time="0.000" /><testcase classname="backend.tests.test_chief_ai_sprint.TestMissionEmergency" name="test_mode_and_status" time="0.059" /><testcase classname="backend.tests.test_chief_ai_sprint.TestMissionEmergency" name="test_notified_pros_populated_and_capped" time="0.000" /><testcase classname="backend.tests.test_chief_ai_sprint.TestRefuseConfirm" name="test_refuse_advances_to_next_candidate_with_reasons" time="0.147" /><testcase classname="backend.tests.test_chief_ai_sprint.TestRefuseConfirm" name="test_refuse_exhausts_to_no_pro" time="0.188" /><testcase classname="backend.tests.test_chief_ai_sprint.TestRefuseConfirm" name="test_confirm_sets_en_route_with_eta" time="0.111" /><testcase classname="backend.tests.test_chief_ai_sprint.TestProAccept" name="test_first_pro_accept_succeeds" time="0.120" /><testcase classname="backend.tests.test_chief_ai_sprint.TestProAccept" name="test_second_pro_accept_returns_409" time="0.218" /><testcase classname="backend.tests.test_chief_ai_sprint.TestProAccept" name="test_non_notified_pro_returns_403" time="0.203" /><testcase classname="backend.tests.test_chief_ai_sprint.TestProAccept" name="test_non_emergency_mission_returns_400" time="0.125" /><testcase classname="backend.tests.test_chief_ai_sprint.TestProAccept" name="test_unknown_mission_returns_404" time="0.071" /><testcase classname="backend.tests.test_chief_ai_sprint.TestAvailability" name="test_availability_shape_and_slots" time="0.112" /><testcase classname="backend.tests.test_chief_ai_sprint.TestAvailability" name="test_availability_404_unknown" time="0.053" /><testcase classname="backend.tests.test_chief_ai_sprint.TestCalendarConnect" name="test_connect_google_mock" time="0.464" /><testcase classname="backend.tests.test_chief_ai_sprint.TestCalendarConnect" name="test_connect_invalid_provider_400" time="0.062" /><testcase classname="backend.tests.test_chief_ai_sprint.TestCalendarConnect" name="test_connect_without_artisan_profile_404" time="0.057" /><testcase classname="backend.tests.test_chief_ai_sprint.TestCompleteMission" name="test_complete_returns_ids" time="0.176" /><testcase classname="backend.tests.test_chief_ai_sprint.TestCompleteMission" name="test_invoice_created_and_listed" time="0.069" /><testcase classname="backend.tests.test_chief_ai_sprint.TestCompleteMission" name="test_guarantee_created_and_listed_12_months" time="0.053" /><testcase classname="backend.tests.test_chief_ai_sprint.TestCompleteMission" name="test_passport_history_entry_added" time="0.060" /><testcase classname="backend.tests.test_chief_ai_sprint.TestHomePassport" name="test_get_home_passport_returns_shape" time="0.058" /><testcase classname="backend.tests.test_chief_ai_sprint.TestHomePassport" name="test_add_equipment_persists" time="0.112" /><testcase classname="backend.tests.test_chief_ai_sprint.TestHomePassport" name="test_unauthenticated_returns_401" time="0.146" /><testcase classname="backend.tests.test_chief_ai_sprint.TestRegression" name="test_login" time="0.275" /><testcase classname="backend.tests.test_chief_ai_sprint.TestRegression" name="test_categories" time="0.055" /><testcase classname="backend.tests.test_chief_ai_sprint.TestRegression" name="test_artisans_list" time="0.050" /><testcase classname="backend.tests.test_chief_ai_sprint.TestRegression" name="test_artisans_filter" time="0.057" /><testcase classname="backend.tests.test_chief_ai_sprint.TestRegression" name="test_bookings_mine" time="0.142" /><testcase classname="backend.tests.test_chief_ai_sprint.TestRegression" name="test_create_booking_and_review" time="0.104" /><testcase classname="backend.tests.test_chief_ai_sprint.TestRegression" name="test_conversations_mine" time="0.063" /><testcase classname="backend.tests.test_chief_ai_sprint.TestRegression" name="test_ai_diagnose_auth_gating" time="0.058" /></testsuite></testsuites>