<?xml version="1.0" encoding="utf-8"?><testsuites name="pytest tests"><testsuite name="pytest" errors="0" failures="0" skipped="0" tests="24" time="13.433" timestamp="2026-07-08T18:49:31.338785+00:00" hostname="agent-env-92625e3a-3dc2-4d39-b8b8-0d15ea5c373b"><testcase classname="tests.test_concierge.TestConciergeUnit" name="test_initial_greeting_deterministic" time="0.000" /><testcase classname="tests.test_concierge.TestConciergeUnit" name="test_new_session_id_format" time="0.000" /><testcase classname="tests.test_concierge.TestConciergeUnit" name="test_augment_safety_gas_smell" time="0.000" /><testcase classname="tests.test_concierge.TestConciergeUnit" name="test_augment_safety_electrocution" time="0.000" /><testcase classname="tests.test_concierge.TestConciergeUnit" name="test_augment_safety_dedup" time="0.000" /><testcase classname="tests.test_concierge.TestConciergeUnit" name="test_augment_safety_no_trigger" time="0.000" /><testcase classname="tests.test_concierge.TestConciergeUnit" name="test_sanitize_bad_urgency_and_confidence" time="0.000" /><testcase classname="tests.test_concierge.TestConciergeUnit" name="test_sanitize_defaults_fill" time="0.000" /><testcase classname="tests.test_concierge.TestConciergeUnit" name="test_sanitize_augments_safety_from_user_text" time="0.000" /><testcase classname="tests.test_concierge.TestConciergeLifecycle" name="test_start_persists_greeting_turn" time="0.615" /><testcase classname="tests.test_concierge.TestConciergeLifecycle" name="test_get_foreign_session_404" time="0.356" /><testcase classname="tests.test_concierge.TestConciergeLifecycle" name="test_delete_foreign_session_404" time="0.053" /><testcase classname="tests.test_concierge.TestConciergeLifecycle" name="test_message_gas_smell_triggers_safety" time="4.377" /><testcase classname="tests.test_concierge.TestConciergeLifecycle" name="test_message_appends_turns" time="0.051" /><testcase classname="tests.test_concierge.TestConciergeLifecycle" name="test_list_sessions_contains_this_one" time="0.050" /><testcase classname="tests.test_concierge.TestConciergeLifecycle" name="test_video_placeholder" time="0.097" /><testcase classname="tests.test_concierge.TestConciergeLifecycle" name="test_finish_completes_session" time="0.234" /><testcase classname="tests.test_concierge.TestConciergeLifecycle" name="test_message_after_finish_400" time="0.047" /><testcase classname="tests.test_concierge.TestConciergeLifecycle" name="test_finish_idempotent" time="0.048" /><testcase classname="tests.test_concierge.TestConciergeLifecycle" name="test_delete_own_session" time="0.095" /><testcase classname="tests.test_concierge.TestMultiTurnMemory" name="test_memory_boiler_context" time="5.767" /><testcase classname="tests.test_concierge.TestAuthGuards" name="test_start_unauth_401" time="0.046" /><testcase classname="tests.test_concierge.TestAuthGuards" name="test_list_unauth_401" time="0.051" /><testcase classname="tests.test_concierge.TestAuthGuards" name="test_get_missing_404" time="0.047" /></testsuite></testsuites>