<?xml version="1.0" encoding="utf-8"?><testsuites name="pytest tests"><testsuite name="pytest" errors="0" failures="0" skipped="0" tests="60" time="4.375" timestamp="2026-07-08T19:21:59.606853+00:00" hostname="agent-env-92625e3a-3dc2-4d39-b8b8-0d15ea5c373b"><testcase classname="tests.test_enterprise_sprint.TestEnterpriseModule" name="test_account_types_length" time="0.000" /><testcase classname="tests.test_enterprise_sprint.TestEnterpriseModule" name="test_org_types_length" time="0.000" /><testcase classname="tests.test_enterprise_sprint.TestEnterpriseModule" name="test_team_roles_length" time="0.000" /><testcase classname="tests.test_enterprise_sprint.TestEnterpriseModule" name="test_permissions_owner_largest" time="0.000" /><testcase classname="tests.test_enterprise_sprint.TestEnterpriseModule" name="test_permissions_viewer_empty" time="0.000" /><testcase classname="tests.test_enterprise_sprint.TestEnterpriseModule" name="test_work_order_statuses" time="0.000" /><testcase classname="tests.test_enterprise_sprint.TestEnterpriseModule" name="test_work_order_transitions" time="0.000" /><testcase classname="tests.test_enterprise_sprint.TestEnterpriseModule" name="test_has_permission" time="0.000" /><testcase classname="tests.test_enterprise_sprint.TestEnterpriseMeta" name="test_roles_capabilities" time="0.326" /><testcase classname="tests.test_enterprise_sprint.TestEnterpriseMeta" name="test_account_types" time="0.053" /><testcase classname="tests.test_enterprise_sprint.TestOrganizationsCRUD" name="test_create_org_invalid_type_400" time="0.325" /><testcase classname="tests.test_enterprise_sprint.TestOrganizationsCRUD" name="test_create_org_valid_and_persists" time="0.102" /><testcase classname="tests.test_enterprise_sprint.TestOrganizationsCRUD" name="test_seed_org_owner_role" time="0.051" /><testcase classname="tests.test_enterprise_sprint.TestOrganizationsCRUD" name="test_patch_org_invalid_type_400" time="0.057" /><testcase classname="tests.test_enterprise_sprint.TestOrganizationsCRUD" name="test_patch_org_updates_only_allowed_fields" time="0.054" /><testcase classname="tests.test_enterprise_sprint.TestOrganizationsCRUD" name="test_patch_org_non_owner_403" time="0.317" /><testcase classname="tests.test_enterprise_sprint.TestOrgMembers" name="test_list_members_forbids_non_member" time="0.049" /><testcase classname="tests.test_enterprise_sprint.TestOrgMembers" name="test_list_members_owner_ok" time="0.049" /><testcase classname="tests.test_enterprise_sprint.TestOrgMembers" name="test_invite_invalid_role_400" time="0.051" /><testcase classname="tests.test_enterprise_sprint.TestOrgMembers" name="test_invite_owner_role_400" time="0.049" /><testcase classname="tests.test_enterprise_sprint.TestOrgMembers" name="test_invite_known_email_becomes_active" time="0.052" /><testcase classname="tests.test_enterprise_sprint.TestOrgMembers" name="test_invite_unknown_email_becomes_invited" time="0.049" /><testcase classname="tests.test_enterprise_sprint.TestOrgMembers" name="test_invite_without_permission_403" time="0.000" /><testcase classname="tests.test_enterprise_sprint.TestOrgMembers" name="test_update_role_invalid_400" time="0.048" /><testcase classname="tests.test_enterprise_sprint.TestOrgMembers" name="test_update_role_owner_400" time="0.047" /><testcase classname="tests.test_enterprise_sprint.TestOrgMembers" name="test_update_role_downgrade_to_viewer" time="0.047" /><testcase classname="tests.test_enterprise_sprint.TestOrgMembers" name="test_viewer_cannot_invite_403" time="0.048" /><testcase classname="tests.test_enterprise_sprint.TestOrgMembers" name="test_viewer_cannot_update_role_403" time="0.047" /><testcase classname="tests.test_enterprise_sprint.TestOrgMembers" name="test_viewer_cannot_remove_member_403" time="0.049" /><testcase classname="tests.test_enterprise_sprint.TestOrgMembers" name="test_owner_can_remove" time="0.048" /><testcase classname="tests.test_enterprise_sprint.TestOrgProperties" name="test_link_property_not_owned_404" time="0.050" /><testcase classname="tests.test_enterprise_sprint.TestOrgProperties" name="test_link_property_without_permission_403" time="0.047" /><testcase classname="tests.test_enterprise_sprint.TestOrgProperties" name="test_seed_org_lists_property" time="0.048" /><testcase classname="tests.test_enterprise_sprint.TestWorkOrders" name="test_create_wo_invalid_priority_400" time="0.048" /><testcase classname="tests.test_enterprise_sprint.TestWorkOrders" name="test_create_wo_no_permission_403" time="0.048" /><testcase classname="tests.test_enterprise_sprint.TestWorkOrders" name="test_owner_creates_in_draft" time="0.047" /><testcase classname="tests.test_enterprise_sprint.TestWorkOrders" name="test_employee_creates_in_pending_approval" time="0.144" /><testcase classname="tests.test_enterprise_sprint.TestWorkOrders" name="test_list_all_my_orgs_no_filter" time="0.048" /><testcase classname="tests.test_enterprise_sprint.TestWorkOrders" name="test_list_status_invalid_400" time="0.061" /><testcase classname="tests.test_enterprise_sprint.TestWorkOrders" name="test_list_filter_org_not_member_403" time="0.096" /><testcase classname="tests.test_enterprise_sprint.TestWorkOrders" name="test_get_wo_404" time="0.052" /><testcase classname="tests.test_enterprise_sprint.TestWorkOrders" name="test_get_wo_non_member_403" time="0.099" /><testcase classname="tests.test_enterprise_sprint.TestWorkOrders" name="test_transition_invalid_status_400" time="0.050" /><testcase classname="tests.test_enterprise_sprint.TestWorkOrders" name="test_transition_disallowed_by_workflow_400" time="0.053" /><testcase classname="tests.test_enterprise_sprint.TestWorkOrders" name="test_full_workflow_draft_to_completed" time="0.235" /><testcase classname="tests.test_enterprise_sprint.TestWorkOrders" name="test_transition_from_terminal_400" time="0.046" /><testcase classname="tests.test_enterprise_sprint.TestDashboardAnalyticsMap" name="test_dashboard_keys" time="0.051" /><testcase classname="tests.test_enterprise_sprint.TestDashboardAnalyticsMap" name="test_dashboard_non_member_403" time="0.052" /><testcase classname="tests.test_enterprise_sprint.TestDashboardAnalyticsMap" name="test_analytics_keys" time="0.053" /><testcase classname="tests.test_enterprise_sprint.TestDashboardAnalyticsMap" name="test_map" time="0.048" /><testcase classname="tests.test_enterprise_sprint.TestOrgDocuments" name="test_upload_invalid_category_400" time="0.048" /><testcase classname="tests.test_enterprise_sprint.TestOrgDocuments" name="test_upload_ok_all_categories" time="0.450" /><testcase classname="tests.test_enterprise_sprint.TestOrgDocuments" name="test_upload_without_permission_403" time="0.049" /><testcase classname="tests.test_enterprise_sprint.TestOrgDocuments" name="test_list_filter_invalid_category_400" time="0.051" /><testcase classname="tests.test_enterprise_sprint.TestOrgDocuments" name="test_list_filter_ok" time="0.050" /><testcase classname="tests.test_enterprise_sprint.TestOrgDocuments" name="test_delete_document_owner_ok" time="0.048" /><testcase classname="tests.test_enterprise_sprint.TestIntegrations" name="test_catalog_shape" time="0.048" /><testcase classname="tests.test_enterprise_sprint.TestIntegrations" name="test_configure_unknown_key_400" time="0.046" /><testcase classname="tests.test_enterprise_sprint.TestIntegrations" name="test_configure_without_permission_403" time="0.047" /><testcase classname="tests.test_enterprise_sprint.TestIntegrations" name="test_configure_owner_ok_status_coming_soon" time="0.104" /></testsuite></testsuites>