<?xml version="1.0" encoding="utf-8"?><testsuites name="pytest tests"><testsuite name="pytest" errors="0" failures="0" skipped="0" tests="28" time="4.962" timestamp="2026-07-08T18:31:44.972246+00:00" hostname="agent-env-92625e3a-3dc2-4d39-b8b8-0d15ea5c373b"><testcase classname="backend.tests.test_fintech_sprint" name="test_subscription_plans_public_no_leak" time="0.299" /><testcase classname="backend.tests.test_fintech_sprint" name="test_future_features" time="0.057" /><testcase classname="backend.tests.test_fintech_sprint" name="test_connect_onboard_non_artisan_403" time="0.327" /><testcase classname="backend.tests.test_fintech_sprint" name="test_connect_onboard_artisan_ok_and_reuse" time="0.383" /><testcase classname="backend.tests.test_fintech_sprint" name="test_connect_status_shapes" time="0.105" /><testcase classname="backend.tests.test_fintech_sprint" name="test_payment_intent_and_duplicate" time="0.205" /><testcase classname="backend.tests.test_fintech_sprint" name="test_mock_confirm_moves_state" time="0.206" /><testcase classname="backend.tests.test_fintech_sprint" name="test_commission_precedence_global_then_promo_then_exemption" time="1.019" /><testcase classname="backend.tests.test_fintech_sprint" name="test_release_state_machine_only_held" time="0.149" /><testcase classname="backend.tests.test_fintech_sprint" name="test_freeze_authorization" time="0.661" /><testcase classname="backend.tests.test_fintech_sprint" name="test_refund_from_held" time="0.258" /><testcase classname="backend.tests.test_fintech_sprint" name="test_subscribe_starter_free" time="0.049" /><testcase classname="backend.tests.test_fintech_sprint" name="test_subscribe_professional_paid" time="0.050" /><testcase classname="backend.tests.test_fintech_sprint" name="test_subscribe_artisan_only" time="0.047" /><testcase classname="backend.tests.test_fintech_sprint" name="test_subscription_cancel" time="0.098" /><testcase classname="backend.tests.test_fintech_sprint" name="test_artisan_finance_shape" time="0.049" /><testcase classname="backend.tests.test_fintech_sprint" name="test_artisan_finance_client_403" time="0.047" /><testcase classname="backend.tests.test_fintech_sprint" name="test_admin_endpoints_non_admin_403" time="0.140" /><testcase classname="backend.tests.test_fintech_sprint" name="test_admin_finance_overview" time="0.047" /><testcase classname="backend.tests.test_fintech_sprint" name="test_admin_commissions_get_and_put" time="0.096" /><testcase classname="backend.tests.test_fintech_sprint" name="test_admin_commission_rule_invalid_kind" time="0.045" /><testcase classname="backend.tests.test_fintech_sprint" name="test_admin_commission_rule_create_and_deactivate" time="0.143" /><testcase classname="backend.tests.test_fintech_sprint" name="test_admin_audit_logs" time="0.046" /><testcase classname="backend.tests.test_fintech_sprint" name="test_webhook_idempotency" time="0.121" /><testcase classname="backend.tests.test_fintech_sprint" name="test_smart_recommendations_no_subscription_bias" time="0.103" /><testcase classname="backend.tests.test_fintech_sprint" name="test_matching_source_no_subscription_reference" time="0.000" /><testcase classname="backend.tests.test_fintech_sprint" name="test_regression_properties_list" time="0.048" /><testcase classname="backend.tests.test_fintech_sprint" name="test_regression_trust_endpoint" time="0.052" /></testsuite></testsuites>