<?xml version="1.0" encoding="utf-8"?><testsuites name="pytest tests"><testsuite name="pytest" errors="0" failures="2" skipped="0" tests="75" time="3.780" timestamp="2026-07-08T19:01:40.356062+00:00" hostname="agent-env-92625e3a-3dc2-4d39-b8b8-0d15ea5c373b"><testcase classname="tests.test_growth_sprint.TestGrowthUnit" name="test_pro_level_bronze_minimum" time="0.000" /><testcase classname="tests.test_growth_sprint.TestGrowthUnit" name="test_pro_level_below_bronze_still_returns_bronze" time="0.000" /><testcase classname="tests.test_growth_sprint.TestGrowthUnit" name="test_pro_level_gold_seed_pro" time="0.000" /><testcase classname="tests.test_growth_sprint.TestGrowthUnit" name="test_pro_level_gold_when_thresholds_met" time="0.000" /><testcase classname="tests.test_growth_sprint.TestGrowthUnit" name="test_pro_level_elite_top" time="0.000" /><testcase classname="tests.test_growth_sprint.TestGrowthUnit" name="test_pro_level_progress_clamped" time="0.000" /><testcase classname="tests.test_growth_sprint.TestGrowthUnit" name="test_points_earn_table" time="0.000" /><testcase classname="tests.test_growth_sprint.TestGrowthUnit" name="test_loyalty_tier_mapping[0-member]" time="0.000" /><testcase classname="tests.test_growth_sprint.TestGrowthUnit" name="test_loyalty_tier_mapping[499-member]" time="0.000" /><testcase classname="tests.test_growth_sprint.TestGrowthUnit" name="test_loyalty_tier_mapping[500-silver]" time="0.000" /><testcase classname="tests.test_growth_sprint.TestGrowthUnit" name="test_loyalty_tier_mapping[1999-silver]" time="0.000" /><testcase classname="tests.test_growth_sprint.TestGrowthUnit" name="test_loyalty_tier_mapping[2000-gold]" time="0.000" /><testcase classname="tests.test_growth_sprint.TestGrowthUnit" name="test_loyalty_tier_mapping[4999-gold]" time="0.000" /><testcase classname="tests.test_growth_sprint.TestGrowthUnit" name="test_loyalty_tier_mapping[5000-platinum]" time="0.000" /><testcase classname="tests.test_growth_sprint.TestGrowthUnit" name="test_loyalty_tier_mapping[14999-platinum]" time="0.000" /><testcase classname="tests.test_growth_sprint.TestGrowthUnit" name="test_loyalty_tier_mapping[15000-vip]" time="0.000" /><testcase classname="tests.test_growth_sprint.TestGrowthUnit" name="test_loyalty_tier_mapping[999999-vip]" time="0.000" /><testcase classname="tests.test_growth_sprint.TestGrowthUnit" name="test_health_label[100-excellent]" time="0.000" /><testcase classname="tests.test_growth_sprint.TestGrowthUnit" name="test_health_label[90-excellent]" time="0.000" /><testcase classname="tests.test_growth_sprint.TestGrowthUnit" name="test_health_label[89-good]" time="0.000" /><testcase classname="tests.test_growth_sprint.TestGrowthUnit" name="test_health_label[75-good]" time="0.000" /><testcase classname="tests.test_growth_sprint.TestGrowthUnit" name="test_health_label[74-attention]" time="0.000" /><testcase classname="tests.test_growth_sprint.TestGrowthUnit" name="test_health_label[55-attention]" time="0.000" /><testcase classname="tests.test_growth_sprint.TestGrowthUnit" name="test_health_label[54-critical]" time="0.000" /><testcase classname="tests.test_growth_sprint.TestGrowthUnit" name="test_health_label[0-critical]" time="0.000" /><testcase classname="tests.test_growth_sprint.TestGrowthUnit" name="test_referral_code_deterministic" time="0.000" /><testcase classname="tests.test_growth_sprint.TestGrowthUnit" name="test_referral_code_unique_per_user" time="0.000" /><testcase classname="tests.test_growth_sprint.TestGrowthUnit" name="test_suggest_maintenance_unknown_category_returns_none" time="0.000" /><testcase classname="tests.test_growth_sprint.TestGrowthUnit" name="test_suggest_maintenance_boiler_12mo" time="0.000" /><testcase classname="tests.test_growth_sprint.TestGrowthUnit" name="test_suggest_maintenance_intervals[heat_pump-12]" time="0.000" /><testcase classname="tests.test_growth_sprint.TestGrowthUnit" name="test_suggest_maintenance_intervals[vmc-12]" time="0.000" /><testcase classname="tests.test_growth_sprint.TestGrowthUnit" name="test_suggest_maintenance_intervals[smoke_detector-12]" time="0.000" /><testcase classname="tests.test_growth_sprint.TestGrowthUnit" name="test_suggest_maintenance_intervals[water_heater-24]" time="0.000" /><testcase classname="tests.test_growth_sprint.TestGrowthUnit" name="test_suggest_maintenance_intervals[roof-24]" time="0.000" /><testcase classname="tests.test_growth_sprint.TestGrowthUnit" name="test_suggest_maintenance_intervals[solar-24]" time="0.000" /><testcase classname="tests.test_growth_sprint.TestGrowthUnit" name="test_suggest_maintenance_intervals[ev_charger-24]" time="0.000" /><testcase classname="tests.test_growth_sprint.TestGrowthUnit" name="test_suggest_maintenance_intervals[water_softener-6]" time="0.000" /><testcase classname="tests.test_growth_sprint.TestGrowthUnit" name="test_suggest_maintenance_intervals[panel-60]" time="0.000" /><testcase classname="tests.test_growth_sprint.TestGrowthUnit" name="test_suggest_maintenance_intervals[windows-60]" time="0.000" /><testcase classname="tests.test_growth_sprint.TestGrowthUnit" name="test_suggest_maintenance_intervals[doors-60]" time="0.000" /><testcase classname="tests.test_growth_sprint.TestTrustedPros" name="test_list_and_add_idempotent" time="0.715" /><testcase classname="tests.test_growth_sprint.TestTrustedPros" name="test_delete_trusted_pro" time="0.171" /><testcase classname="tests.test_growth_sprint.TestLoyalty" name="test_summary_schema" time="0.058" /><testcase classname="tests.test_growth_sprint.TestLoyalty" name="test_ledger_desc" time="0.047" /><testcase classname="tests.test_growth_sprint.TestLoyalty" name="test_redeem_unknown_reward_404" time="0.052" /><testcase classname="tests.test_growth_sprint.TestLoyalty" name="test_redeem_insufficient_400" time="0.106" /><testcase classname="tests.test_growth_sprint.TestLoyaltyHooks" name="test_property_creation_credits_50" time="0.093"><failure message="AssertionError: {&quot;detail&quot;:[{&quot;type&quot;:&quot;missing&quot;,&quot;loc&quot;:[&quot;body&quot;,&quot;name&quot;],&quot;msg&quot;:&quot;Field required&quot;,&quot;input&quot;:{&quot;label&quot;:&quot;TEST_prop_5f581f&quot;,&quot;address&quot;:&quot;1 rue TEST&quot;,&quot;postal_code&quot;:&quot;75011&quot;,&quot;city&quot;:&quot;Paris&quot;,&quot;type&quot;:&quot;apartment&quot;},&quot;url&quot;:&quot;https://errors.pydantic.dev/2.13/v/missing&quot;}]}&#10;assert 422 in (200, 201)&#10; +  where 422 = &lt;Response [422]&gt;.status_code">tests/test_growth_sprint.py:262: in test_property_creation_credits_50
    assert r.status_code in (200, 201), r.text
E   AssertionError: {"detail":[{"type":"missing","loc":["body","name"],"msg":"Field required","input":{"label":"TEST_prop_5f581f","address":"1 rue TEST","postal_code":"75011","city":"Paris","type":"apartment"},"url":"https://errors.pydantic.dev/2.13/v/missing"}]}
E   assert 422 in (200, 201)
E    +  where 422 = &lt;Response [422]&gt;.status_code</failure></testcase><testcase classname="tests.test_growth_sprint.TestReferrals" name="test_referrals_mine_deterministic_code" time="0.052" /><testcase classname="tests.test_growth_sprint.TestReferrals" name="test_referral_invalid_code_404" time="0.055" /><testcase classname="tests.test_growth_sprint.TestReferrals" name="test_referral_self_400" time="0.050" /><testcase classname="tests.test_growth_sprint.TestReferrals" name="test_referral_duplicate_conversion_400" time="0.342" /><testcase classname="tests.test_growth_sprint.TestProLevels" name="test_growth_levels_catalog" time="0.054" /><testcase classname="tests.test_growth_sprint.TestProLevels" name="test_artisan_level_endpoint" time="0.056" /><testcase classname="tests.test_growth_sprint.TestProLevels" name="test_artisan_level_404" time="0.049" /><testcase classname="tests.test_growth_sprint.TestGallery" name="test_client_cannot_post_gallery" time="0.051" /><testcase classname="tests.test_growth_sprint.TestGallery" name="test_pro_create_list_delete_gallery" time="0.171" /><testcase classname="tests.test_growth_sprint.TestPropertyHealth" name="test_property_health_endpoint" time="0.099" /><testcase classname="tests.test_growth_sprint.TestPropertyHealth" name="test_property_health_no_equipment_returns_demo" time="0.101"><failure message="assert 404 == 200&#10; +  where 404 = &lt;Response [404]&gt;.status_code">tests/test_growth_sprint.py:379: in test_property_health_no_equipment_returns_demo
    assert r.status_code == 200
E   assert 404 == 200
E    +  where 404 = &lt;Response [404]&gt;.status_code</failure></testcase><testcase classname="tests.test_growth_sprint.TestMaintenancePlanner" name="test_maintenance_plan_returns_sorted" time="0.052" /><testcase classname="tests.test_growth_sprint.TestMaintenancePlanner" name="test_generate_reminders_idempotent" time="0.098" /><testcase classname="tests.test_growth_sprint.TestBusiness" name="test_setup_invalid_type_400" time="0.051" /><testcase classname="tests.test_growth_sprint.TestBusiness" name="test_setup_and_get" time="0.124" /><testcase classname="tests.test_growth_sprint.TestBusiness" name="test_get_default_individual" time="0.127" /><testcase classname="tests.test_growth_sprint.TestFamily" name="test_invalid_role_400" time="0.048" /><testcase classname="tests.test_growth_sprint.TestFamily" name="test_invite_unknown_email_becomes_invited" time="0.123" /><testcase classname="tests.test_growth_sprint.TestFamily" name="test_invite_existing_user_becomes_active" time="0.101" /><testcase classname="tests.test_growth_sprint.TestFamily" name="test_list_members" time="0.044" /><testcase classname="tests.test_growth_sprint.TestFavourites" name="test_invalid_kind_query_400" time="0.045" /><testcase classname="tests.test_growth_sprint.TestFavourites" name="test_invalid_kind_post_400" time="0.046" /><testcase classname="tests.test_growth_sprint.TestFavourites" name="test_add_favourite_idempotent" time="0.164" /><testcase classname="tests.test_growth_sprint.TestFavourites" name="test_list_filter_by_kind" time="0.048" /><testcase classname="tests.test_growth_sprint.TestAnalytics" name="test_analytics_schema" time="0.061" /><testcase classname="tests.test_growth_sprint.TestAuthGuards" name="test_trusted_pros_unauth_401" time="0.049" /><testcase classname="tests.test_growth_sprint.TestAuthGuards" name="test_loyalty_summary_unauth_401" time="0.060" /><testcase classname="tests.test_growth_sprint.TestAuthGuards" name="test_favourites_unauth_401" time="0.045" /></testsuite></testsuites>