<?xml version="1.0" encoding="utf-8"?><testsuites name="pytest tests"><testsuite name="pytest" errors="0" failures="0" skipped="0" tests="10" time="0.846" timestamp="2026-07-16T18:15:28.366563+00:00" hostname="agent-env-92625e3a-3dc2-4d39-b8b8-0d15ea5c373b"><testcase classname="backend.tests.test_home_os_passport.TestPropertyEnhancedFields" name="test_create_property_returns_all_new_fields" time="0.318" /><testcase classname="backend.tests.test_home_os_passport.TestPropertyEnhancedFields" name="test_patch_updates_rooms_and_dpe" time="0.089" /><testcase classname="backend.tests.test_home_os_passport.TestEquipmentAutoReminders" name="test_create_equipment_returns_auto_reminders_counter" time="0.046" /><testcase classname="backend.tests.test_home_os_passport.TestEquipmentAutoReminders" name="test_reminders_endpoint_lists_auto_generated_entries" time="0.044" /><testcase classname="backend.tests.test_home_os_passport.TestPropertyPassportShare" name="test_enable_share_returns_token_and_url" time="0.046" /><testcase classname="backend.tests.test_home_os_passport.TestPropertyPassportShare" name="test_public_passport_no_auth_returns_property" time="0.004" /><testcase classname="backend.tests.test_home_os_passport.TestPropertyPassportShare" name="test_disable_share_revokes_public_access" time="0.048" /><testcase classname="backend.tests.test_home_os_passport.TestPropertyBudget" name="test_budget_shape" time="0.044" /><testcase classname="backend.tests.test_home_os_passport.TestPropertyBudget" name="test_post_event_endpoint_exists" time="0.053" /><testcase classname="backend.tests.test_home_os_passport.TestPropertyBudget" name="test_budget_reflects_new_event" time="0.090" /></testsuite></testsuites>