<?xml version="1.0" encoding="utf-8"?><testsuites name="pytest tests"><testsuite name="pytest" errors="0" failures="3" skipped="0" tests="10" time="0.894" timestamp="2026-07-16T18:10:22.198438+00:00" hostname="agent-env-92625e3a-3dc2-4d39-b8b8-0d15ea5c373b"><testcase classname="backend.tests.test_home_os_passport.TestPropertyEnhancedFields" name="test_create_property_returns_all_new_fields" time="0.327" /><testcase classname="backend.tests.test_home_os_passport.TestPropertyEnhancedFields" name="test_patch_updates_rooms_and_dpe" time="0.089" /><testcase classname="backend.tests.test_home_os_passport.TestEquipmentAutoReminders" name="test_create_equipment_returns_auto_reminders_counter" time="0.049" /><testcase classname="backend.tests.test_home_os_passport.TestEquipmentAutoReminders" name="test_reminders_endpoint_lists_auto_generated_entries" time="0.044"><failure message="AssertionError: Missing 'garantie' auto-reminder. types={'entretien'}&#10;assert 'garantie' in {'entretien'}">backend/tests/test_home_os_passport.py:144: in test_reminders_endpoint_lists_auto_generated_entries
    assert "garantie" in types, f"Missing 'garantie' auto-reminder. types={types}"
E   AssertionError: Missing 'garantie' auto-reminder. types={'entretien'}
E   assert 'garantie' in {'entretien'}</failure></testcase><testcase classname="backend.tests.test_home_os_passport.TestPropertyPassportShare" name="test_enable_share_returns_token_and_url" time="0.045" /><testcase classname="backend.tests.test_home_os_passport.TestPropertyPassportShare" name="test_public_passport_no_auth_returns_property" time="0.003" /><testcase classname="backend.tests.test_home_os_passport.TestPropertyPassportShare" name="test_disable_share_revokes_public_access" time="0.048" /><testcase classname="backend.tests.test_home_os_passport.TestPropertyBudget" name="test_budget_shape" time="0.045" /><testcase classname="backend.tests.test_home_os_passport.TestPropertyBudget" name="test_post_event_endpoint_exists" time="0.043"><failure message="AssertionError: POST /properties/{pid}/events unavailable or failed: 404 {&quot;detail&quot;:&quot;Not Found&quot;}&#10;assert 404 in (200, 201)&#10; +  where 404 = &lt;Response [404]&gt;.status_code">backend/tests/test_home_os_passport.py:232: in test_post_event_endpoint_exists
    assert r.status_code in (200, 201), \
E   AssertionError: POST /properties/{pid}/events unavailable or failed: 404 {"detail":"Not Found"}
E   assert 404 in (200, 201)
E    +  where 404 = &lt;Response [404]&gt;.status_code</failure></testcase><testcase classname="backend.tests.test_home_os_passport.TestPropertyBudget" name="test_budget_reflects_new_event" time="0.090"><failure message="AssertionError: Expected total_cents &gt;= 15000, got 0&#10;assert 0 &gt;= 15000">backend/tests/test_home_os_passport.py:239: in test_budget_reflects_new_event
    assert b["total_cents"] &gt;= 15000, f"Expected total_cents &gt;= 15000, got {b['total_cents']}"
E   AssertionError: Expected total_cents &gt;= 15000, got 0
E   assert 0 &gt;= 15000</failure></testcase></testsuite></testsuites>