<?xml version="1.0" encoding="utf-8"?><testsuites name="pytest tests"><testsuite name="pytest" errors="0" failures="0" skipped="0" tests="14" time="6.763" timestamp="2026-08-19T15:35:05.177687+00:00" hostname="agent-env-92625e3a-3dc2-4d39-b8b8-0d15ea5c373b"><testcase classname="tests.test_sprint1_connect_onboard_no_500" name="test_connect_onboard_artisan_never_500" time="0.764" /><testcase classname="tests.test_sprint1_connect_onboard_no_500" name="test_connect_onboard_client_forbidden_no_500" time="0.583" /><testcase classname="tests.test_sprint1_connect_onboard_no_500" name="test_connect_onboard_no_auth_returns_401" time="0.143" /><testcase classname="tests.test_sprint1_connect_onboard_no_500" name="test_connect_status_artisan_200" time="0.512" /><testcase classname="tests.test_sprint1_stripe_live_smoke" name="test_root_returns_faqtotum_api" time="0.142" /><testcase classname="tests.test_sprint1_stripe_live_smoke" name="test_email_login_client" time="0.360" /><testcase classname="tests.test_sprint1_stripe_live_smoke" name="test_email_login_artisan" time="0.357" /><testcase classname="tests.test_sprint1_stripe_live_smoke" name="test_apple_bogus_token_returns_401_not_500" time="0.130" /><testcase classname="tests.test_sprint1_stripe_live_smoke" name="test_google_bogus_token_returns_4xx_not_500" time="0.226" /><testcase classname="tests.test_sprint1_stripe_live_smoke" name="test_connect_status_artisan_no_500" time="0.615" /><testcase classname="tests.test_sprint1_stripe_live_smoke" name="test_connect_status_client_forbidden_no_500" time="0.601" /><testcase classname="tests.test_sprint1_stripe_live_smoke" name="test_payments_create_intent_client_no_500" time="0.768" /><testcase classname="tests.test_sprint1_stripe_live_smoke" name="test_escrows_mine_client_no_500" time="0.957" /><testcase classname="tests.test_sprint1_stripe_live_smoke" name="test_payment_summary_missing_intervention_no_500" time="0.542" /></testsuite></testsuites>