<?xml version="1.0" encoding="utf-8"?><testsuites name="pytest tests"><testsuite name="pytest" errors="0" failures="0" skipped="19" tests="309" time="104.565" timestamp="2026-08-19T15:27:31.003830+00:00" hostname="agent-env-92625e3a-3dc2-4d39-b8b8-0d15ea5c373b"><testcase classname="tests.test_apple_audiences_env_split" name="test_prod_refuses_expo_go_audience" time="0.011" /><testcase classname="tests.test_apple_audiences_env_split" name="test_prod_refuses_empty_prod_var" time="0.004" /><testcase classname="tests.test_apple_audiences_env_split" name="test_prod_ignores_legacy_apple_audiences" time="0.004" /><testcase classname="tests.test_apple_audiences_env_split" name="test_prod_accepts_clean_audience_list" time="0.004" /><testcase classname="tests.test_apple_audiences_env_split" name="test_dev_uses_dev_env_var" time="0.004" /><testcase classname="tests.test_apple_audiences_env_split" name="test_dev_falls_back_to_legacy_env_var" time="0.004" /><testcase classname="tests.test_apple_audiences_env_split" name="test_dev_uses_defaults_when_no_env" time="0.004" /><testcase classname="tests.test_apple_audiences_env_split" name="test_dev_allows_expo_go_audience" time="0.004" /><testcase classname="tests.test_apple_audiences_env_split" name="test_boot_fails_fast_on_misconfig" time="1.757" /><testcase classname="tests.test_apple_audiences_env_split" name="test_verify_apple_audiences_config_returns_resolved_list" time="0.005" /><testcase classname="tests.test_concierge.TestConciergeUnit" name="test_initial_greeting_deterministic" time="0.004" /><testcase classname="tests.test_concierge.TestConciergeUnit" name="test_new_session_id_format" time="0.004" /><testcase classname="tests.test_concierge.TestConciergeUnit" name="test_augment_safety_gas_smell" time="0.004" /><testcase classname="tests.test_concierge.TestConciergeUnit" name="test_augment_safety_electrocution" time="0.004" /><testcase classname="tests.test_concierge.TestConciergeUnit" name="test_augment_safety_dedup" time="0.004" /><testcase classname="tests.test_concierge.TestConciergeUnit" name="test_augment_safety_no_trigger" time="0.004" /><testcase classname="tests.test_concierge.TestConciergeUnit" name="test_sanitize_bad_urgency_and_confidence" time="0.004" /><testcase classname="tests.test_concierge.TestConciergeUnit" name="test_sanitize_defaults_fill" time="0.004" /><testcase classname="tests.test_concierge.TestConciergeUnit" name="test_sanitize_augments_safety_from_user_text" time="0.004" /><testcase classname="tests.test_concierge.TestConciergeLifecycle" name="test_start_persists_greeting_turn" time="0.863" /><testcase classname="tests.test_concierge.TestConciergeLifecycle" name="test_get_foreign_session_404" time="0.387" /><testcase classname="tests.test_concierge.TestConciergeLifecycle" name="test_delete_foreign_session_404" time="0.097" /><testcase classname="tests.test_concierge.TestConciergeLifecycle" name="test_message_gas_smell_triggers_safety" time="5.200" /><testcase classname="tests.test_concierge.TestConciergeLifecycle" name="test_message_appends_turns" time="0.075" /><testcase classname="tests.test_concierge.TestConciergeLifecycle" name="test_list_sessions_contains_this_one" time="0.080" /><testcase classname="tests.test_concierge.TestConciergeLifecycle" name="test_video_placeholder" time="0.139" /><testcase classname="tests.test_concierge.TestConciergeLifecycle" name="test_finish_completes_session" time="0.411" /><testcase classname="tests.test_concierge.TestConciergeLifecycle" name="test_message_after_finish_400" time="0.064" /><testcase classname="tests.test_concierge.TestConciergeLifecycle" name="test_finish_idempotent" time="0.071" /><testcase classname="tests.test_concierge.TestConciergeLifecycle" name="test_delete_own_session" time="0.202" /><testcase classname="tests.test_concierge.TestMultiTurnMemory" name="test_memory_boiler_context" time="6.622" /><testcase classname="tests.test_concierge.TestAuthGuards" name="test_start_unauth_401" time="0.061" /><testcase classname="tests.test_concierge.TestAuthGuards" name="test_list_unauth_401" time="0.061" /><testcase classname="tests.test_concierge.TestAuthGuards" name="test_get_missing_404" time="0.067" /><testcase classname="tests.test_fintech_sprint" name="test_connect_onboard_non_artisan_403" time="0.000"><skipped type="pytest.skip" message="Legacy mock-mode integration tests — see test_stripe_boot_validation.py for the live-mode contract.">/app/backend/tests/test_fintech_sprint.py:79: Legacy mock-mode integration tests — see test_stripe_boot_validation.py for the live-mode contract.</skipped></testcase><testcase classname="tests.test_fintech_sprint" name="test_connect_onboard_artisan_ok_and_reuse" time="0.000"><skipped type="pytest.skip" message="Legacy mock-mode integration tests — see test_stripe_boot_validation.py for the live-mode contract.">/app/backend/tests/test_fintech_sprint.py:84: Legacy mock-mode integration tests — see test_stripe_boot_validation.py for the live-mode contract.</skipped></testcase><testcase classname="tests.test_fintech_sprint" name="test_connect_status_shapes" time="0.000"><skipped type="pytest.skip" message="Legacy mock-mode integration tests — see test_stripe_boot_validation.py for the live-mode contract.">/app/backend/tests/test_fintech_sprint.py:98: Legacy mock-mode integration tests — see test_stripe_boot_validation.py for the live-mode contract.</skipped></testcase><testcase classname="tests.test_fintech_sprint" name="test_payment_intent_and_duplicate" time="0.000"><skipped type="pytest.skip" message="Legacy mock-mode integration tests — see test_stripe_boot_validation.py for the live-mode contract.">/app/backend/tests/test_fintech_sprint.py:134: Legacy mock-mode integration tests — see test_stripe_boot_validation.py for the live-mode contract.</skipped></testcase><testcase classname="tests.test_fintech_sprint" name="test_mock_confirm_moves_state" time="0.000"><skipped type="pytest.skip" message="Legacy mock-mode integration tests — see test_stripe_boot_validation.py for the live-mode contract.">/app/backend/tests/test_fintech_sprint.py:149: Legacy mock-mode integration tests — see test_stripe_boot_validation.py for the live-mode contract.</skipped></testcase><testcase classname="tests.test_fintech_sprint" name="test_commission_precedence_global_then_promo_then_exemption" time="0.000"><skipped type="pytest.skip" message="Legacy mock-mode integration tests — see test_stripe_boot_validation.py for the live-mode contract.">/app/backend/tests/test_fintech_sprint.py:171: Legacy mock-mode integration tests — see test_stripe_boot_validation.py for the live-mode contract.</skipped></testcase><testcase classname="tests.test_fintech_sprint" name="test_release_state_machine_only_held" time="0.000"><skipped type="pytest.skip" message="Legacy mock-mode integration tests — see test_stripe_boot_validation.py for the live-mode contract.">/app/backend/tests/test_fintech_sprint.py:223: Legacy mock-mode integration tests — see test_stripe_boot_validation.py for the live-mode contract.</skipped></testcase><testcase classname="tests.test_fintech_sprint" name="test_freeze_authorization" time="0.000"><skipped type="pytest.skip" message="Legacy mock-mode integration tests — see test_stripe_boot_validation.py for the live-mode contract.">/app/backend/tests/test_fintech_sprint.py:233: Legacy mock-mode integration tests — see test_stripe_boot_validation.py for the live-mode contract.</skipped></testcase><testcase classname="tests.test_fintech_sprint" name="test_refund_from_held" time="0.000"><skipped type="pytest.skip" message="Legacy mock-mode integration tests — see test_stripe_boot_validation.py for the live-mode contract.">/app/backend/tests/test_fintech_sprint.py:251: Legacy mock-mode integration tests — see test_stripe_boot_validation.py for the live-mode contract.</skipped></testcase><testcase classname="tests.test_fintech_sprint" name="test_artisan_finance_shape" time="0.000"><skipped type="pytest.skip" message="Legacy mock-mode integration tests — see test_stripe_boot_validation.py for the live-mode contract.">/app/backend/tests/test_fintech_sprint.py:272: Legacy mock-mode integration tests — see test_stripe_boot_validation.py for the live-mode contract.</skipped></testcase><testcase classname="tests.test_fintech_sprint" name="test_artisan_finance_client_403" time="0.000"><skipped type="pytest.skip" message="Legacy mock-mode integration tests — see test_stripe_boot_validation.py for the live-mode contract.">/app/backend/tests/test_fintech_sprint.py:282: Legacy mock-mode integration tests — see test_stripe_boot_validation.py for the live-mode contract.</skipped></testcase><testcase classname="tests.test_fintech_sprint" name="test_admin_endpoints_non_admin_403" time="0.000"><skipped type="pytest.skip" message="Legacy mock-mode integration tests — see test_stripe_boot_validation.py for the live-mode contract.">/app/backend/tests/test_fintech_sprint.py:289: Legacy mock-mode integration tests — see test_stripe_boot_validation.py for the live-mode contract.</skipped></testcase><testcase classname="tests.test_fintech_sprint" name="test_admin_finance_overview" time="0.000"><skipped type="pytest.skip" message="Legacy mock-mode integration tests — see test_stripe_boot_validation.py for the live-mode contract.">/app/backend/tests/test_fintech_sprint.py:295: Legacy mock-mode integration tests — see test_stripe_boot_validation.py for the live-mode contract.</skipped></testcase><testcase classname="tests.test_fintech_sprint" name="test_admin_commissions_get_and_put" time="0.000"><skipped type="pytest.skip" message="Legacy mock-mode integration tests — see test_stripe_boot_validation.py for the live-mode contract.">/app/backend/tests/test_fintech_sprint.py:304: Legacy mock-mode integration tests — see test_stripe_boot_validation.py for the live-mode contract.</skipped></testcase><testcase classname="tests.test_fintech_sprint" name="test_admin_commission_rule_invalid_kind" time="0.000"><skipped type="pytest.skip" message="Legacy mock-mode integration tests — see test_stripe_boot_validation.py for the live-mode contract.">/app/backend/tests/test_fintech_sprint.py:312: Legacy mock-mode integration tests — see test_stripe_boot_validation.py for the live-mode contract.</skipped></testcase><testcase classname="tests.test_fintech_sprint" name="test_admin_commission_rule_create_and_deactivate" time="0.000"><skipped type="pytest.skip" message="Legacy mock-mode integration tests — see test_stripe_boot_validation.py for the live-mode contract.">/app/backend/tests/test_fintech_sprint.py:318: Legacy mock-mode integration tests — see test_stripe_boot_validation.py for the live-mode contract.</skipped></testcase><testcase classname="tests.test_fintech_sprint" name="test_admin_audit_logs" time="0.000"><skipped type="pytest.skip" message="Legacy mock-mode integration tests — see test_stripe_boot_validation.py for the live-mode contract.">/app/backend/tests/test_fintech_sprint.py:331: Legacy mock-mode integration tests — see test_stripe_boot_validation.py for the live-mode contract.</skipped></testcase><testcase classname="tests.test_fintech_sprint" name="test_webhook_idempotency" time="0.000"><skipped type="pytest.skip" message="Legacy mock-mode integration tests — see test_stripe_boot_validation.py for the live-mode contract.">/app/backend/tests/test_fintech_sprint.py:343: Legacy mock-mode integration tests — see test_stripe_boot_validation.py for the live-mode contract.</skipped></testcase><testcase classname="tests.test_fintech_sprint" name="test_regression_properties_list" time="0.000"><skipped type="pytest.skip" message="Legacy mock-mode integration tests — see test_stripe_boot_validation.py for the live-mode contract.">/app/backend/tests/test_fintech_sprint.py:363: Legacy mock-mode integration tests — see test_stripe_boot_validation.py for the live-mode contract.</skipped></testcase><testcase classname="tests.test_home_os_passport.TestPropertyEnhancedFields" name="test_create_property_returns_all_new_fields" time="0.330" /><testcase classname="tests.test_home_os_passport.TestPropertyEnhancedFields" name="test_patch_updates_rooms_and_dpe" time="0.094" /><testcase classname="tests.test_home_os_passport.TestEquipmentAutoReminders" name="test_create_equipment_returns_auto_reminders_counter" time="0.050" /><testcase classname="tests.test_home_os_passport.TestEquipmentAutoReminders" name="test_reminders_endpoint_lists_auto_generated_entries" time="0.049" /><testcase classname="tests.test_home_os_passport.TestPropertyPassportShare" name="test_enable_share_returns_token_and_url" time="0.062" /><testcase classname="tests.test_home_os_passport.TestPropertyPassportShare" name="test_public_passport_no_auth_returns_property" time="0.008" /><testcase classname="tests.test_home_os_passport.TestPropertyPassportShare" name="test_disable_share_revokes_public_access" time="0.062" /><testcase classname="tests.test_home_os_passport.TestPropertyBudget" name="test_budget_shape" time="0.049" /><testcase classname="tests.test_home_os_passport.TestPropertyBudget" name="test_post_event_endpoint_exists" time="0.049" /><testcase classname="tests.test_home_os_passport.TestPropertyBudget" name="test_budget_reflects_new_event" time="0.096" /><testcase classname="tests.test_mfa_bypass_hardening" name="test_mfa_demo_bypass_rejected_when_env_unset" time="0.009" /><testcase classname="tests.test_mfa_bypass_hardening" name="test_mfa_demo_bypass_rejected_in_production" time="0.007" /><testcase classname="tests.test_mfa_bypass_hardening" name="test_mfa_demo_bypass_rejected_when_flag_false" time="0.007" /><testcase classname="tests.test_mfa_bypass_hardening" name="test_mfa_demo_bypass_accepted_when_explicitly_enabled" time="0.010" /><testcase classname="tests.test_mfa_bypass_hardening" name="test_mfa_arbitrary_code_always_rejected" time="0.007" /><testcase classname="tests.test_mfa_bypass_hardening" name="test_mfa_prepare_returns_base32_secret_and_provisioning_uri" time="0.011" /><testcase classname="tests.test_mfa_bypass_hardening" name="test_mfa_secret_is_encrypted_at_rest" time="0.011" /><testcase classname="tests.test_mfa_bypass_hardening" name="test_mfa_verify_accepts_valid_totp_code" time="0.015" /><testcase classname="tests.test_mfa_bypass_hardening" name="test_mfa_verify_rejects_wrong_totp_code" time="0.012" /><testcase classname="tests.test_mfa_bypass_hardening" name="test_mfa_real_secret_bypasses_demo_mode" time="0.011" /><testcase classname="tests.test_mfa_bypass_hardening" name="test_mfa_disable_clears_secret" time="0.017" /><testcase classname="tests.test_mfa_bypass_hardening" name="test_mfa_only_totp_method_supported" time="0.007" /><testcase classname="tests.test_my_home.TestAuthGuards" name="test_list_properties_requires_auth" time="0.637" /><testcase classname="tests.test_my_home.TestAuthGuards" name="test_get_property_requires_auth" time="0.567" /><testcase classname="tests.test_my_home.TestAuthGuards" name="test_get_property_404_when_not_owner" time="1.218" /><testcase classname="tests.test_my_home.TestPropertiesCRUD" name="test_create_invalid_type_returns_400" time="0.199" /><testcase classname="tests.test_my_home.TestPropertiesCRUD" name="test_create_missing_name_returns_422" time="0.177" /><testcase classname="tests.test_my_home.TestPropertiesCRUD" name="test_create_and_get_property" time="0.828" /><testcase classname="tests.test_my_home.TestPropertiesCRUD" name="test_list_properties_has_counts" time="0.862" /><testcase classname="tests.test_my_home.TestPropertiesCRUD" name="test_patch_property" time="0.770" /><testcase classname="tests.test_my_home.TestPropertiesCRUD" name="test_delete_property_cascade" time="1.688" /><testcase classname="tests.test_my_home.TestEquipment" name="test_create_equipment" time="0.559" /><testcase classname="tests.test_my_home.TestEquipment" name="test_list_equipment" time="0.518" /><testcase classname="tests.test_my_home.TestEquipment" name="test_get_equipment" time="0.182" /><testcase classname="tests.test_my_home.TestEquipment" name="test_patch_equipment" time="0.234" /><testcase classname="tests.test_my_home.TestEquipment" name="test_invalid_status_returns_400" time="0.154" /><testcase classname="tests.test_my_home.TestDocuments" name="test_create_document" time="0.195" /><testcase classname="tests.test_my_home.TestDocuments" name="test_invalid_category_returns_400" time="0.267" /><testcase classname="tests.test_my_home.TestDocuments" name="test_list_documents" time="0.168" /><testcase classname="tests.test_my_home.TestDocuments" name="test_delete_document" time="0.201" /><testcase classname="tests.test_my_home.TestReminders" name="test_create_reminder_upcoming" time="0.513" /><testcase classname="tests.test_my_home.TestReminders" name="test_create_reminder_due_auto_flag" time="0.806" /><testcase classname="tests.test_my_home.TestReminders" name="test_patch_reminder_done" time="0.281" /><testcase classname="tests.test_my_home.TestReminders" name="test_invalid_status" time="0.515" /><testcase classname="tests.test_my_home.TestReminders" name="test_delete_reminder" time="0.187" /><testcase classname="tests.test_my_home.TestTimeline" name="test_timeline_structure" time="0.302" /><testcase classname="tests.test_my_home.TestInsights" name="test_insights_shape" time="0.198" /><testcase classname="tests.test_my_home.TestInsights" name="test_insights_demo_values_when_empty" time="0.773" /><testcase classname="tests.test_my_home.TestAICards" name="test_ai_cards" time="0.868" /><testcase classname="tests.test_oauth_hardening" name="test_google_rejects_empty_email" time="0.366" /><testcase classname="tests.test_oauth_hardening" name="test_google_rejects_malformed_email" time="0.004" /><testcase classname="tests.test_oauth_hardening" name="test_google_rejects_invalid_session_token_shape" time="0.215" /><testcase classname="tests.test_oauth_hardening" name="test_apple_verify_rejects_garbage_token" time="0.005" /><testcase classname="tests.test_oauth_hardening" name="test_apple_verify_rejects_random_bytes" time="0.004" /><testcase classname="tests.test_oauth_hardening" name="test_apple_endpoint_rejects_garbage_token" time="0.550" /><testcase classname="tests.test_oauth_hardening" name="test_apple_endpoint_rejects_too_short_token" time="0.275" /><testcase classname="tests.test_oauth_hardening" name="test_apple_audiences_env_parsing" time="0.005" /><testcase classname="tests.test_oauth_hardening" name="test_collision_email_password_user_hit_by_google" time="0.417" /><testcase classname="tests.test_oauth_hardening" name="test_collision_google_user_hit_by_apple" time="0.017" /><testcase classname="tests.test_oauth_hardening" name="test_no_collision_when_same_provider" time="0.016" /><testcase classname="tests.test_oauth_hardening" name="test_rate_limit_applies_to_apple_endpoint" time="4.735" /><testcase classname="tests.test_oauth_hardening" name="test_rate_limit_primitive_wired_via_check_login_rate_limit" time="0.009" /><testcase classname="tests.test_oauth_hardening" name="test_email_login_records_method_email" time="0.498" /><testcase classname="tests.test_oauth_hardening" name="test_apple_first_login_persists_email" time="0.008" /><testcase classname="tests.test_password_change_revokes_sessions" name="test_password_change_revokes_other_sessions" time="3.672" /><testcase classname="tests.test_password_change_revokes_sessions" name="test_password_change_wrong_current_does_not_revoke" time="1.833" /><testcase classname="tests.test_password_change_revokes_sessions" name="test_password_change_reports_revoked_count" time="1.557" /><testcase classname="tests.test_phase2_features" name="test_booking_creates_conversation" time="1.127" /><testcase classname="tests.test_phase2_features" name="test_list_conversations_client" time="0.070" /><testcase classname="tests.test_phase2_features" name="test_list_conversations_artisan" time="0.079" /><testcase classname="tests.test_phase2_features" name="test_get_conversation_ok" time="0.066" /><testcase classname="tests.test_phase2_features" name="test_get_conversation_forbidden_for_outsider" time="0.358" /><testcase classname="tests.test_phase2_features" name="test_send_message_updates_last_message" time="0.249" /><testcase classname="tests.test_phase2_features" name="test_send_message_forbidden" time="0.361" /><testcase classname="tests.test_phase2_features" name="test_review_requires_completed" time="0.199" /><testcase classname="tests.test_phase2_features" name="test_client_reviews_artisan_and_rating_updates" time="0.311" /><testcase classname="tests.test_phase2_features" name="test_artisan_reviews_client_mutual" time="0.063" /><testcase classname="tests.test_phase2_features" name="test_bookings_mine_includes_reviewed_and_conv_id" time="0.077" /><testcase classname="tests.test_phase2_features" name="test_bookings_received_includes_reviewed_and_conv_id" time="0.072" /><testcase classname="tests.test_phase2_features" name="test_filter_max_rate" time="0.084" /><testcase classname="tests.test_phase2_features" name="test_filter_min_rating" time="0.065" /><testcase classname="tests.test_phase2_features" name="test_filter_sort_rate_asc" time="0.064" /><testcase classname="tests.test_phase2_features" name="test_filter_distance" time="0.071" /><testcase classname="tests.test_phase2_features" name="test_filter_available" time="0.063" /><testcase classname="tests.test_phase3_ai_missions" name="test_diagnose_unauthenticated" time="0.182" /><testcase classname="tests.test_phase3_ai_missions" name="test_diagnose_text_only_returns_valid_schema" time="3.599" /><testcase classname="tests.test_phase3_ai_missions" name="test_diagnose_picks_relevant_trade" time="0.004" /><testcase classname="tests.test_phase3_ai_missions" name="test_transcribe_unauthenticated" time="0.058" /><testcase classname="tests.test_phase3_ai_missions" name="test_create_mission_shape" time="0.075" /><testcase classname="tests.test_phase3_ai_missions" name="test_mission_refuse_advances_and_exhausts" time="0.325" /><testcase classname="tests.test_phase3_ai_missions" name="test_mission_confirm_sets_en_route" time="0.085" /><testcase classname="tests.test_phase3_ai_missions" name="test_mission_get_returns_live_position" time="0.056" /><testcase classname="tests.test_phase3_ai_missions" name="test_mission_complete" time="0.118" /><testcase classname="tests.test_phase3_ai_missions" name="test_missions_mine_lists_own" time="0.209" /><testcase classname="tests.test_phase3_ai_missions" name="test_other_user_cannot_get_mission" time="0.462" /><testcase classname="tests.test_phase3_ai_missions" name="test_other_user_cannot_confirm_mission" time="0.062" /><testcase classname="tests.test_phase3_ai_missions" name="test_other_user_cannot_refuse_mission" time="0.060" /><testcase classname="tests.test_phase3_ai_missions" name="test_login_smoke" time="0.306" /><testcase classname="tests.test_phase3_ai_missions" name="test_artisans_filter_plombier" time="0.062" /><testcase classname="tests.test_proconnect_api" name="test_root" time="0.175" /><testcase classname="tests.test_proconnect_api" name="test_register_duplicate" time="0.396" /><testcase classname="tests.test_proconnect_api" name="test_login_ok" time="0.314" /><testcase classname="tests.test_proconnect_api" name="test_login_bad" time="0.318" /><testcase classname="tests.test_proconnect_api" name="test_me_with_token" time="0.082" /><testcase classname="tests.test_proconnect_api" name="test_me_no_token" time="0.083" /><testcase classname="tests.test_proconnect_api" name="test_protected_no_token" time="0.222" /><testcase classname="tests.test_proconnect_api" name="test_categories" time="0.075" /><testcase classname="tests.test_proconnect_api" name="test_top_artisans" time="0.081" /><testcase classname="tests.test_proconnect_api" name="test_filter_category" time="0.076" /><testcase classname="tests.test_proconnect_api" name="test_search_q" time="0.081" /><testcase classname="tests.test_proconnect_api" name="test_get_artisan_by_id" time="0.137" /><testcase classname="tests.test_proconnect_api" name="test_get_artisan_404" time="0.076" /><testcase classname="tests.test_proconnect_api" name="test_client_cannot_create_profile" time="0.076" /><testcase classname="tests.test_proconnect_api" name="test_artisan_profile_flow" time="0.646" /><testcase classname="tests.test_proconnect_api" name="test_booking_full_flow" time="0.664" /><testcase classname="tests.test_proconnect_api" name="test_booking_invalid_artisan" time="0.089" /><testcase classname="tests.test_proconnect_api" name="test_logout" time="0.498" /><testcase classname="tests.test_reminders_whitelist" name="test_patch_reminder_valid_field_accepted" time="1.019" /><testcase classname="tests.test_reminders_whitelist" name="test_patch_reminder_valid_status_accepted" time="0.293" /><testcase classname="tests.test_reminders_whitelist" name="test_patch_reminder_rejects_reminder_id_override" time="0.148" /><testcase classname="tests.test_reminders_whitelist" name="test_patch_reminder_rejects_user_id_override" time="0.249" /><testcase classname="tests.test_reminders_whitelist" name="test_patch_reminder_rejects_property_id_override" time="0.161" /><testcase classname="tests.test_reminders_whitelist" name="test_patch_reminder_rejects_created_at_override" time="0.407" /><testcase classname="tests.test_reminders_whitelist" name="test_patch_reminder_rejects_arbitrary_field" time="0.329" /><testcase classname="tests.test_reminders_whitelist" name="test_patch_reminder_rejects_invalid_status" time="0.198" /><testcase classname="tests.test_reminders_whitelist" name="test_patch_reminder_empty_body_rejected" time="0.785" /><testcase classname="tests.test_security_sprint" name="test_sessions_listed" time="0.682" /><testcase classname="tests.test_security_sprint" name="test_security_overview" time="0.271" /><testcase classname="tests.test_security_sprint" name="test_revoke_others" time="2.616" /><testcase classname="tests.test_security_sprint" name="test_audit_log_records_login" time="0.518" /><testcase classname="tests.test_security_sprint" name="test_audit_denies_others_verification" time="0.919" /><testcase classname="tests.test_security_sprint" name="test_gdpr_consents_crud" time="0.380" /><testcase classname="tests.test_security_sprint" name="test_gdpr_export" time="0.379" /><testcase classname="tests.test_security_sprint" name="test_mfa_flow" time="1.118" /><testcase classname="tests.test_security_sprint" name="test_password_change_wrong_current" time="0.376" /><testcase classname="tests.test_security_sprint" name="test_password_change_short" time="0.485" /><testcase classname="tests.test_security_sprint" name="test_roles_endpoint" time="0.297" /><testcase classname="tests.test_security_sprint" name="test_admin_sessions_forbidden_for_client" time="0.269" /><testcase classname="tests.test_security_sprint" name="test_brute_force_lockout" time="2.905" /><testcase classname="tests.test_security_sprint_extra" name="test_delete_specific_session" time="2.734" /><testcase classname="tests.test_security_sprint_extra" name="test_overview_full_shape" time="0.986" /><testcase classname="tests.test_security_sprint_extra" name="test_audit_hides_hash_fields" time="1.366" /><testcase classname="tests.test_security_sprint_extra" name="test_audit_all_forbidden_for_client" time="0.619" /><testcase classname="tests.test_security_sprint_extra" name="test_gdpr_consents_defaults" time="0.944" /><testcase classname="tests.test_security_sprint_extra" name="test_gdpr_account_soft_delete" time="1.326" /><testcase classname="tests.test_security_sprint_extra" name="test_mfa_status_shape" time="0.987" /><testcase classname="tests.test_security_sprint_extra" name="test_roles_endpoint_returns_nine" time="0.540" /><testcase classname="tests.test_security_sprint_extra" name="test_password_change_success_and_revert" time="1.715" /><testcase classname="tests.test_security_sprint_extra" name="test_distributed_brute_force_by_ip" time="0.338" /><testcase classname="tests.test_sprint14_bloc2_smoke" name="test_1_patch_me_name" time="0.378" /><testcase classname="tests.test_sprint14_bloc2_smoke" name="test_2_no_privilege_escalation" time="0.101" /><testcase classname="tests.test_sprint14_bloc2_smoke" name="test_3_phone_sanitization" time="0.027" /><testcase classname="tests.test_sprint14_bloc2_smoke" name="test_4_patch_requires_auth" time="0.027" /><testcase classname="tests.test_sprint14_bloc2_smoke" name="test_5_get_notifications" time="0.027" /><testcase classname="tests.test_sprint14_bloc2_smoke" name="test_6_notifications_persistence" time="0.073" /><testcase classname="tests.test_sprint14_bloc2_smoke" name="test_7_create_pm" time="0.074" /><testcase classname="tests.test_sprint14_bloc2_smoke" name="test_8_list_pm" time="0.100" /><testcase classname="tests.test_sprint14_bloc2_smoke" name="test_9_normalization" time="0.073" /><testcase classname="tests.test_sprint14_bloc2_smoke" name="test_10_ownership_404" time="0.375" /><testcase classname="tests.test_sprint14_bloc2_smoke" name="test_11_pm_requires_auth" time="0.025" /><testcase classname="tests.test_sprint14_p1_bloc2_users" name="test_patch_me_updates_name" time="0.361" /><testcase classname="tests.test_sprint14_p1_bloc2_users" name="test_patch_me_rejects_invalid_phone" time="0.027" /><testcase classname="tests.test_sprint14_p1_bloc2_users" name="test_patch_me_ignores_unknown_fields" time="0.099" /><testcase classname="tests.test_sprint14_p1_bloc2_users" name="test_patch_me_requires_auth" time="0.025" /><testcase classname="tests.test_sprint14_p1_bloc2_users" name="test_notif_prefs_defaults" time="0.027" /><testcase classname="tests.test_sprint14_p1_bloc2_users" name="test_notif_prefs_roundtrip" time="0.074" /><testcase classname="tests.test_sprint14_p1_bloc2_users" name="test_pm_create_list_delete" time="0.094" /><testcase classname="tests.test_sprint14_p1_bloc2_users" name="test_pm_delete_foreign_returns_404" time="0.378" /><testcase classname="tests.test_sprint14_p1_bloc2_users" name="test_pm_last4_truncated_server_side" time="0.074" /><testcase classname="tests.test_sprint14_p1_bloc2_users" name="test_pm_unknown_brand_defaults_to_other" time="0.073" /><testcase classname="tests.test_sprint14_p1_bloc2_users" name="test_pm_requires_auth" time="0.055" /><testcase classname="tests.test_sprint14_p1_bloc3_artisans" name="test_list_artisans_returns_only_visible" time="0.029" /><testcase classname="tests.test_sprint14_p1_bloc3_artisans" name="test_get_artisan_by_id_public" time="0.049" /><testcase classname="tests.test_sprint14_p1_bloc3_artisans" name="test_get_unapproved_artisan_returns_404" time="0.319" /><testcase classname="tests.test_sprint14_p1_bloc3_artisans" name="test_new_profile_has_honest_initial_values" time="0.004" /><testcase classname="tests.test_sprint14_p1_bloc3_artisans" name="test_upsert_drops_sensitive_fields" time="0.063" /><testcase classname="tests.test_sprint14_p1_bloc3_artisans" name="test_client_cannot_create_artisan_profile" time="0.286" /><testcase classname="tests.test_sprint14_p1_bloc3_artisans" name="test_upsert_rejects_bad_trade_slug" time="0.031" /><testcase classname="tests.test_sprint14_p1_bloc3_artisans" name="test_upsert_rejects_bad_working_hours" time="0.028" /><testcase classname="tests.test_sprint14_p1_bloc3_artisans" name="test_upsert_rejects_bad_intervention_zone" time="0.027" /><testcase classname="tests.test_sprint14_p1_bloc3_artisans" name="test_upsert_rejects_bad_hourly_rate" time="0.029" /><testcase classname="tests.test_sprint14_p1_bloc3_artisans" name="test_slots_ownership_cannot_delete_others" time="0.646" /><testcase classname="tests.test_sprint14_p1_bloc3_artisans" name="test_slot_rejects_bad_date" time="0.027" /><testcase classname="tests.test_sprint14_p1_bloc3_artisans" name="test_slot_rejects_bad_time" time="0.026" /><testcase classname="tests.test_sprint14_p1_bloc3_artisans" name="test_gallery_ownership" time="0.106" /><testcase classname="tests.test_sprint14_p1_bloc3_artisans" name="test_client_gets_403_on_artisan_only[/api/artisans/me/subscribe-POST-None]" time="0.027" /><testcase classname="tests.test_sprint14_p1_bloc3_artisans" name="test_client_gets_403_on_artisan_only[/api/artisans/me/position-POST-body1]" time="0.027" /><testcase classname="tests.test_sprint14_p1_bloc3_artisans" name="test_client_gets_403_on_artisan_only[/api/artisans/me/available-now-POST-None]" time="0.033" /><testcase classname="tests.test_sprint14_p1_bloc3_artisans" name="test_client_gets_403_on_artisan_only[/api/artisans/me/slots-POST-body3]" time="0.027" /><testcase classname="tests.test_sprint14_p1_bloc3_artisans" name="test_client_gets_403_on_artisan_only[/api/artisans/me/gallery-POST-body4]" time="0.027" /><testcase classname="tests.test_sprint14_p1_bloc3_artisans" name="test_client_gets_404_on_scoreboard" time="0.030" /><testcase classname="tests.test_sprint14_p1_bloc3_artisans" name="test_client_gets_403_on_pro_only_reads[/api/artisans/me/finance]" time="0.027" /><testcase classname="tests.test_sprint14_p1_bloc3_artisans" name="test_client_gets_403_on_pro_only_reads[/api/artisans/me/earnings]" time="0.028" /><testcase classname="tests.test_sprint14_p1_bloc3_artisans" name="test_finance_returns_simulated_flag" time="0.029" /><testcase classname="tests.test_sprint14_p1_bloc3_artisans" name="test_earnings_returns_simulated_flag" time="0.028" /><testcase classname="tests.test_sprint14_p1_bloc3_artisans" name="test_calendar_connect_marks_simulated" time="0.041" /><testcase classname="tests.test_sprint14_p1_bloc3_artisans" name="test_calendar_connect_bad_provider" time="0.028" /><testcase classname="tests.test_sprint14_p1_bloc4_mission_flow" name="test_booking_create_marks_simulated" time="0.320" /><testcase classname="tests.test_sprint14_p1_bloc4_mission_flow" name="test_booking_rejects_bad_slot" time="0.027" /><testcase classname="tests.test_sprint14_p1_bloc4_mission_flow" name="test_booking_rejects_xss_description" time="0.026" /><testcase classname="tests.test_sprint14_p1_bloc4_mission_flow" name="test_booking_ownership_stranger_gets_404" time="0.329" /><testcase classname="tests.test_sprint14_p1_bloc4_mission_flow" name="test_booking_unauth_returns_401" time="0.026" /><testcase classname="tests.test_sprint14_p1_bloc4_mission_flow" name="test_booking_illegal_transition_returns_400" time="0.068" /><testcase classname="tests.test_sprint14_p1_bloc4_mission_flow" name="test_booking_completed_terminal" time="0.099" /><testcase classname="tests.test_sprint14_p1_bloc4_mission_flow" name="test_mission_marked_simulated" time="0.039" /><testcase classname="tests.test_sprint14_p1_bloc4_mission_flow" name="test_mission_rejects_bad_urgency" time="0.027" /><testcase classname="tests.test_sprint14_p1_bloc4_mission_flow" name="test_mission_ownership_stranger_gets_404" time="0.070" /><testcase classname="tests.test_sprint14_p1_bloc4_mission_flow" name="test_pro_accept_requires_auth" time="0.062" /><testcase classname="tests.test_sprint14_p1_bloc4_mission_flow" name="test_pro_accept_rejects_non_artisan" time="0.077" /><testcase classname="tests.test_sprint14_p1_bloc4_mission_flow" name="test_pro_accept_double_acceptance_returns_409" time="0.366" /><testcase classname="tests.test_sprint14_p1_bloc4_mission_flow" name="test_pro_accept_non_emergency_returns_400" time="0.063" /><testcase classname="tests.test_sprint14_p1_bloc4_mission_flow" name="test_intervention_marks_simulated" time="0.039" /><testcase classname="tests.test_sprint14_p1_bloc4_mission_flow" name="test_intervention_rejects_bad_lat" time="0.034" /><testcase classname="tests.test_sprint14_p1_bloc4_mission_flow" name="test_intervention_stranger_cannot_read" time="0.063" /><testcase classname="tests.test_sprint14_p1_bloc4_mission_flow" name="test_intervention_stranger_cannot_cancel" time="0.065" /><testcase classname="tests.test_sprint14_p1_bloc4_mission_flow" name="test_intervention_client_cannot_accept" time="0.063" /><testcase classname="tests.test_sprint14_p1_bloc4_mission_flow" name="test_intervention_illegal_transition_returns_400" time="0.100" /><testcase classname="tests.test_sprint14_p1_bloc4_mission_flow" name="test_intervention_unknown_returns_404" time="0.028" /><testcase classname="tests.test_sprint14_p1_bloc4_mission_flow" name="test_intervention_mine_lists_only_own" time="0.062" /><testcase classname="tests.test_sprint14_p1_migration" name="test_root_ok" time="0.028" /><testcase classname="tests.test_sprint14_p1_migration" name="test_login_wrong_password_401" time="0.262" /><testcase classname="tests.test_sprint14_p1_migration" name="test_login_unknown_user_401" time="0.040" /><testcase classname="tests.test_sprint14_p1_migration" name="test_auth_me_without_token_401" time="0.025" /><testcase classname="tests.test_sprint14_p1_migration" name="test_auth_me_with_valid_token_200" time="0.285" /><testcase classname="tests.test_sprint14_p1_migration" name="test_auth_me_with_bad_token_401" time="0.026" /><testcase classname="tests.test_sprint14_p1_migration" name="test_logout_invalidates_session" time="0.064" /><testcase classname="tests.test_sprint14_p1_migration" name="test_security_overview_shape" time="0.299" /><testcase classname="tests.test_sprint14_p1_migration" name="test_security_sessions_lists_own" time="0.296" /><testcase classname="tests.test_sprint14_p1_migration" name="test_security_roles_shape" time="0.285" /><testcase classname="tests.test_sprint14_p1_migration" name="test_security_audit_lists_only_own_actor" time="0.315" /><testcase classname="tests.test_sprint14_p1_migration" name="test_security_audit_all_requires_admin" time="0.285" /><testcase classname="tests.test_sprint1_stripe_live_smoke" name="test_root_returns_faqtotum_api" time="0.156" /><testcase classname="tests.test_sprint1_stripe_live_smoke" name="test_email_login_client" time="0.388" /><testcase classname="tests.test_sprint1_stripe_live_smoke" name="test_email_login_artisan" time="0.414" /><testcase classname="tests.test_sprint1_stripe_live_smoke" name="test_apple_bogus_token_returns_401_not_500" time="0.156" /><testcase classname="tests.test_sprint1_stripe_live_smoke" name="test_google_bogus_token_returns_4xx_not_500" time="0.241" /><testcase classname="tests.test_sprint1_stripe_live_smoke" name="test_connect_status_artisan_no_500" time="0.557" /><testcase classname="tests.test_sprint1_stripe_live_smoke" name="test_connect_status_client_forbidden_no_500" time="0.501" /><testcase classname="tests.test_sprint1_stripe_live_smoke" name="test_payments_create_intent_client_no_500" time="0.538" /><testcase classname="tests.test_sprint1_stripe_live_smoke" name="test_escrows_mine_client_no_500" time="0.572" /><testcase classname="tests.test_sprint1_stripe_live_smoke" name="test_payment_summary_missing_intervention_no_500" time="0.521" /><testcase classname="tests.test_sprint_new_features" name="test_diagnose_returns_causes_array" time="3.083" /><testcase classname="tests.test_sprint_new_features" name="test_top_matches_present_and_ranked" time="0.084" /><testcase classname="tests.test_sprint_new_features" name="test_book_specific_artisan_sets_en_route" time="0.143" /><testcase classname="tests.test_sprint_new_features" name="test_book_unknown_artisan_returns_404" time="0.179" /><testcase classname="tests.test_sprint_new_features" name="test_book_someone_elses_mission_returns_404" time="0.467" /><testcase classname="tests.test_sprint_new_features" name="test_login_smoke" time="0.306" /><testcase classname="tests.test_sprint_new_features" name="test_artisans_plombier" time="0.065" /><testcase classname="tests.test_sprint_new_features" name="test_bookings_mine" time="0.082" /><testcase classname="tests.test_stripe_boot_validation" name="test_current_dev_has_real_test_mode_keys" time="0.181" /><testcase classname="tests.test_stripe_boot_validation" name="test_prod_refuses_missing_api_key" time="0.085" /><testcase classname="tests.test_stripe_boot_validation" name="test_prod_refuses_test_key_in_live" time="0.089" /><testcase classname="tests.test_stripe_boot_validation" name="test_prod_refuses_missing_webhook_secret" time="0.087" /><testcase classname="tests.test_stripe_boot_validation" name="test_prod_refuses_wrong_publishable_key" time="0.090" /><testcase classname="tests.test_stripe_boot_validation" name="test_prod_accepts_valid_live_config" time="0.087" /><testcase classname="tests.test_stripe_boot_validation" name="test_dev_tolerates_missing_stripe" time="0.091" /></testsuite></testsuites>