<?xml version="1.0" encoding="utf-8"?><testsuites name="pytest tests"><testsuite name="pytest" errors="0" failures="0" skipped="0" tests="27" time="4.985" timestamp="2026-07-08T17:56:40.602804+00:00" hostname="agent-env-92625e3a-3dc2-4d39-b8b8-0d15ea5c373b"><testcase classname="backend.tests.test_my_home.TestAuthGuards" name="test_list_properties_requires_auth" time="0.127" /><testcase classname="backend.tests.test_my_home.TestAuthGuards" name="test_get_property_requires_auth" time="0.099" /><testcase classname="backend.tests.test_my_home.TestAuthGuards" name="test_get_property_404_when_not_owner" time="0.464" /><testcase classname="backend.tests.test_my_home.TestPropertiesCRUD" name="test_create_invalid_type_returns_400" time="0.096" /><testcase classname="backend.tests.test_my_home.TestPropertiesCRUD" name="test_create_missing_name_returns_422" time="0.101" /><testcase classname="backend.tests.test_my_home.TestPropertiesCRUD" name="test_create_and_get_property" time="0.313" /><testcase classname="backend.tests.test_my_home.TestPropertiesCRUD" name="test_list_properties_has_counts" time="0.203" /><testcase classname="backend.tests.test_my_home.TestPropertiesCRUD" name="test_patch_property" time="0.276" /><testcase classname="backend.tests.test_my_home.TestPropertiesCRUD" name="test_delete_property_cascade" time="0.728" /><testcase classname="backend.tests.test_my_home.TestEquipment" name="test_create_equipment" time="0.116" /><testcase classname="backend.tests.test_my_home.TestEquipment" name="test_list_equipment" time="0.123" /><testcase classname="backend.tests.test_my_home.TestEquipment" name="test_get_equipment" time="0.113" /><testcase classname="backend.tests.test_my_home.TestEquipment" name="test_patch_equipment" time="0.107" /><testcase classname="backend.tests.test_my_home.TestEquipment" name="test_invalid_status_returns_400" time="0.100" /><testcase classname="backend.tests.test_my_home.TestDocuments" name="test_create_document" time="0.121" /><testcase classname="backend.tests.test_my_home.TestDocuments" name="test_invalid_category_returns_400" time="0.104" /><testcase classname="backend.tests.test_my_home.TestDocuments" name="test_list_documents" time="0.109" /><testcase classname="backend.tests.test_my_home.TestDocuments" name="test_delete_document" time="0.107" /><testcase classname="backend.tests.test_my_home.TestReminders" name="test_create_reminder_upcoming" time="0.111" /><testcase classname="backend.tests.test_my_home.TestReminders" name="test_create_reminder_due_auto_flag" time="0.222" /><testcase classname="backend.tests.test_my_home.TestReminders" name="test_patch_reminder_done" time="0.109" /><testcase classname="backend.tests.test_my_home.TestReminders" name="test_invalid_status" time="0.114" /><testcase classname="backend.tests.test_my_home.TestReminders" name="test_delete_reminder" time="0.111" /><testcase classname="backend.tests.test_my_home.TestTimeline" name="test_timeline_structure" time="0.095" /><testcase classname="backend.tests.test_my_home.TestInsights" name="test_insights_shape" time="0.112" /><testcase classname="backend.tests.test_my_home.TestInsights" name="test_insights_demo_values_when_empty" time="0.336" /><testcase classname="backend.tests.test_my_home.TestAICards" name="test_ai_cards" time="0.272" /></testsuite></testsuites>