<?xml version="1.0" encoding="utf-8"?><testsuites name="pytest tests"><testsuite name="pytest" errors="0" failures="0" skipped="0" tests="17" time="3.055" timestamp="2026-06-30T17:55:29.716337+00:00" hostname="agent-env-f7939756-170e-482d-adc5-1a71ac872695"><testcase classname="backend.tests.test_phase2_features" name="test_booking_creates_conversation" time="1.063" /><testcase classname="backend.tests.test_phase2_features" name="test_list_conversations_client" time="0.054" /><testcase classname="backend.tests.test_phase2_features" name="test_list_conversations_artisan" time="0.055" /><testcase classname="backend.tests.test_phase2_features" name="test_get_conversation_ok" time="0.048" /><testcase classname="backend.tests.test_phase2_features" name="test_get_conversation_forbidden_for_outsider" time="0.368" /><testcase classname="backend.tests.test_phase2_features" name="test_send_message_updates_last_message" time="0.194" /><testcase classname="backend.tests.test_phase2_features" name="test_send_message_forbidden" time="0.323" /><testcase classname="backend.tests.test_phase2_features" name="test_review_requires_completed" time="0.161" /><testcase classname="backend.tests.test_phase2_features" name="test_client_reviews_artisan_and_rating_updates" time="0.276" /><testcase classname="backend.tests.test_phase2_features" name="test_artisan_reviews_client_mutual" time="0.052" /><testcase classname="backend.tests.test_phase2_features" name="test_bookings_mine_includes_reviewed_and_conv_id" time="0.054" /><testcase classname="backend.tests.test_phase2_features" name="test_bookings_received_includes_reviewed_and_conv_id" time="0.050" /><testcase classname="backend.tests.test_phase2_features" name="test_filter_max_rate" time="0.050" /><testcase classname="backend.tests.test_phase2_features" name="test_filter_min_rating" time="0.058" /><testcase classname="backend.tests.test_phase2_features" name="test_filter_sort_rate_asc" time="0.054" /><testcase classname="backend.tests.test_phase2_features" name="test_filter_distance" time="0.053" /><testcase classname="backend.tests.test_phase2_features" name="test_filter_available" time="0.054" /></testsuite></testsuites>