<?xml version="1.0" encoding="utf-8"?><testsuites name="pytest tests"><testsuite name="pytest" errors="0" failures="0" skipped="0" tests="15" time="5.089" timestamp="2026-06-30T20:15:26.982730+00:00" hostname="agent-env-f7939756-170e-482d-adc5-1a71ac872695"><testcase classname="backend.tests.test_phase3_ai_missions" name="test_diagnose_unauthenticated" time="0.319" /><testcase classname="backend.tests.test_phase3_ai_missions" name="test_diagnose_text_only_returns_valid_schema" time="3.376" /><testcase classname="backend.tests.test_phase3_ai_missions" name="test_diagnose_picks_relevant_trade" time="0.000" /><testcase classname="backend.tests.test_phase3_ai_missions" name="test_transcribe_unauthenticated" time="0.051" /><testcase classname="backend.tests.test_phase3_ai_missions" name="test_create_mission_shape" time="0.057" /><testcase classname="backend.tests.test_phase3_ai_missions" name="test_mission_refuse_advances_and_exhausts" time="0.202" /><testcase classname="backend.tests.test_phase3_ai_missions" name="test_mission_confirm_sets_en_route" time="0.057" /><testcase classname="backend.tests.test_phase3_ai_missions" name="test_mission_get_returns_live_position" time="0.052" /><testcase classname="backend.tests.test_phase3_ai_missions" name="test_mission_complete" time="0.102" /><testcase classname="backend.tests.test_phase3_ai_missions" name="test_missions_mine_lists_own" time="0.050" /><testcase classname="backend.tests.test_phase3_ai_missions" name="test_other_user_cannot_get_mission" time="0.330" /><testcase classname="backend.tests.test_phase3_ai_missions" name="test_other_user_cannot_confirm_mission" time="0.052" /><testcase classname="backend.tests.test_phase3_ai_missions" name="test_other_user_cannot_refuse_mission" time="0.047" /><testcase classname="backend.tests.test_phase3_ai_missions" name="test_login_smoke" time="0.270" /><testcase classname="backend.tests.test_phase3_ai_missions" name="test_artisans_filter_plombier" time="0.058" /></testsuite></testsuites>