<?xml version="1.0" encoding="utf-8"?><testsuites name="pytest tests"><testsuite name="pytest" errors="0" failures="0" skipped="0" tests="41" time="5.996" timestamp="2026-07-08T19:32:43.492545+00:00" hostname="agent-env-92625e3a-3dc2-4d39-b8b8-0d15ea5c373b"><testcase classname="backend.tests.test_pro_hub.TestProHubModule" name="test_academy_categories_shape" time="0.000" /><testcase classname="backend.tests.test_pro_hub.TestProHubModule" name="test_academy_cards_all_coming_soon" time="0.000" /><testcase classname="backend.tests.test_pro_hub.TestProHubModule" name="test_marketing_modules_count" time="0.000" /><testcase classname="backend.tests.test_pro_hub.TestProHubModule" name="test_coach_returns_max_6_sorted_by_impact_desc" time="0.000" /><testcase classname="backend.tests.test_pro_hub.TestProHubModule" name="test_coach_adds_milestone_for_next_badge" time="0.000" /><testcase classname="backend.tests.test_pro_hub.TestProHubModule" name="test_coach_milestone_100" time="0.000" /><testcase classname="backend.tests.test_pro_hub.TestProHubModule" name="test_coach_milestone_500" time="0.000" /><testcase classname="backend.tests.test_pro_hub.TestProHubModule" name="test_coach_milestone_1000" time="0.000" /><testcase classname="backend.tests.test_pro_hub.TestProHubModule" name="test_coach_no_milestone_beyond_1000" time="0.000" /><testcase classname="backend.tests.test_pro_hub.TestProHubModule" name="test_coach_adds_trust_90_when_below" time="0.000" /><testcase classname="backend.tests.test_pro_hub.TestProHubModule" name="test_coach_omits_trust_90_when_already_high" time="0.000" /><testcase classname="backend.tests.test_pro_hub.TestProHubModule" name="test_coach_ignores_high_scoring_factors" time="0.000" /><testcase classname="backend.tests.test_pro_hub.TestProHubModule" name="test_profile_completion_bounds_and_shape" time="0.000" /><testcase classname="backend.tests.test_pro_hub.TestProHubModule" name="test_profile_completion_full" time="0.000" /><testcase classname="backend.tests.test_pro_hub.TestProDashboard" name="test_dashboard_ok_for_pro" time="0.635" /><testcase classname="backend.tests.test_pro_hub.TestProDashboard" name="test_dashboard_forbidden_for_client" time="0.459" /><testcase classname="backend.tests.test_pro_hub.TestProProfileEnrichment" name="test_patch_profile_enriches_and_computes_completion" time="0.111" /><testcase classname="backend.tests.test_pro_hub.TestProProfileEnrichment" name="test_patch_profile_forbidden_for_client" time="0.101" /><testcase classname="backend.tests.test_pro_hub.TestProCoach" name="test_coach_endpoint_shape" time="0.101" /><testcase classname="backend.tests.test_pro_hub.TestProCoach" name="test_coach_forbidden_for_client" time="0.106" /><testcase classname="backend.tests.test_pro_hub.TestProInsights" name="test_insights_shape" time="0.105" /><testcase classname="backend.tests.test_pro_hub.TestProInsights" name="test_insights_forbidden_for_client" time="0.233" /><testcase classname="backend.tests.test_pro_hub.TestCommunity" name="test_feed_returns_liked_bookmarked_flags" time="0.098" /><testcase classname="backend.tests.test_pro_hub.TestCommunity" name="test_feed_kind_invalid_400" time="0.100" /><testcase classname="backend.tests.test_pro_hub.TestCommunity" name="test_feed_kind_valid_ok" time="0.119" /><testcase classname="backend.tests.test_pro_hub.TestCommunity" name="test_client_cannot_create_post" time="0.102" /><testcase classname="backend.tests.test_pro_hub.TestCommunity" name="test_create_post_invalid_kind" time="0.104" /><testcase classname="backend.tests.test_pro_hub.TestCommunity" name="test_create_post_ok_with_author_enrichment_and_caps" time="0.102" /><testcase classname="backend.tests.test_pro_hub.TestCommunity" name="test_like_toggle_idempotent_updates_count" time="0.595" /><testcase classname="backend.tests.test_pro_hub.TestCommunity" name="test_bookmark_toggle_idempotent" time="0.638" /><testcase classname="backend.tests.test_pro_hub.TestCommunity" name="test_comments_increment_count_and_ordered" time="0.520" /><testcase classname="backend.tests.test_pro_hub.TestCommunity" name="test_follow_self_400" time="0.207" /><testcase classname="backend.tests.test_pro_hub.TestCommunity" name="test_follow_toggle_idempotent" time="0.370" /><testcase classname="backend.tests.test_pro_hub.TestAcademy" name="test_categories_endpoint" time="0.108" /><testcase classname="backend.tests.test_pro_hub.TestAcademy" name="test_cards_endpoint" time="0.104" /><testcase classname="backend.tests.test_pro_hub.TestAcademy" name="test_cards_category_filter" time="0.136" /><testcase classname="backend.tests.test_pro_hub.TestAcademy" name="test_cards_unknown_category_empty" time="0.100" /><testcase classname="backend.tests.test_pro_hub.TestMarketing" name="test_modules_returns_5" time="0.111" /><testcase classname="backend.tests.test_pro_hub.TestMarketing" name="test_interest_unknown_module_400" time="0.103" /><testcase classname="backend.tests.test_pro_hub.TestMarketing" name="test_interest_upsert_idempotent" time="0.193" /><testcase classname="backend.tests.test_pro_hub.TestGalleryPatch" name="test_patch_gallery_project" time="0.209" /></testsuite></testsuites>