<?xml version="1.0" encoding="utf-8"?><testsuites name="pytest tests"><testsuite name="pytest" errors="0" failures="0" skipped="0" tests="35" time="6.409" timestamp="2026-06-30T17:58:43.712854+00:00" hostname="agent-env-f7939756-170e-482d-adc5-1a71ac872695"><testcase classname="backend.tests.test_phase2_features" name="test_booking_creates_conversation" time="1.011" /><testcase classname="backend.tests.test_phase2_features" name="test_list_conversations_client" time="0.068" /><testcase classname="backend.tests.test_phase2_features" name="test_list_conversations_artisan" time="0.050" /><testcase classname="backend.tests.test_phase2_features" name="test_get_conversation_ok" time="0.051" /><testcase classname="backend.tests.test_phase2_features" name="test_get_conversation_forbidden_for_outsider" time="0.331" /><testcase classname="backend.tests.test_phase2_features" name="test_send_message_updates_last_message" time="0.338" /><testcase classname="backend.tests.test_phase2_features" name="test_send_message_forbidden" time="0.336" /><testcase classname="backend.tests.test_phase2_features" name="test_review_requires_completed" time="0.299" /><testcase classname="backend.tests.test_phase2_features" name="test_client_reviews_artisan_and_rating_updates" time="0.290" /><testcase classname="backend.tests.test_phase2_features" name="test_artisan_reviews_client_mutual" time="0.065" /><testcase classname="backend.tests.test_phase2_features" name="test_bookings_mine_includes_reviewed_and_conv_id" time="0.053" /><testcase classname="backend.tests.test_phase2_features" name="test_bookings_received_includes_reviewed_and_conv_id" time="0.051" /><testcase classname="backend.tests.test_phase2_features" name="test_filter_max_rate" time="0.063" /><testcase classname="backend.tests.test_phase2_features" name="test_filter_min_rating" time="0.046" /><testcase classname="backend.tests.test_phase2_features" name="test_filter_sort_rate_asc" time="0.070" /><testcase classname="backend.tests.test_phase2_features" name="test_filter_distance" time="0.051" /><testcase classname="backend.tests.test_phase2_features" name="test_filter_available" time="0.046" /><testcase classname="backend.tests.test_proconnect_api" name="test_root" time="0.105" /><testcase classname="backend.tests.test_proconnect_api" name="test_register_duplicate" time="0.330" /><testcase classname="backend.tests.test_proconnect_api" name="test_login_ok" time="0.271" /><testcase classname="backend.tests.test_proconnect_api" name="test_login_bad" time="0.272" /><testcase classname="backend.tests.test_proconnect_api" name="test_me_with_token" time="0.072" /><testcase classname="backend.tests.test_proconnect_api" name="test_me_no_token" time="0.100" /><testcase classname="backend.tests.test_proconnect_api" name="test_protected_no_token" time="0.162" /><testcase classname="backend.tests.test_proconnect_api" name="test_categories" time="0.058" /><testcase classname="backend.tests.test_proconnect_api" name="test_top_artisans" time="0.049" /><testcase classname="backend.tests.test_proconnect_api" name="test_filter_category" time="0.057" /><testcase classname="backend.tests.test_proconnect_api" name="test_search_q" time="0.049" /><testcase classname="backend.tests.test_proconnect_api" name="test_get_artisan_by_id" time="0.125" /><testcase classname="backend.tests.test_proconnect_api" name="test_get_artisan_404" time="0.053" /><testcase classname="backend.tests.test_proconnect_api" name="test_client_cannot_create_profile" time="0.055" /><testcase classname="backend.tests.test_proconnect_api" name="test_artisan_profile_flow" time="0.470" /><testcase classname="backend.tests.test_proconnect_api" name="test_booking_full_flow" time="0.431" /><testcase classname="backend.tests.test_proconnect_api" name="test_booking_invalid_artisan" time="0.053" /><testcase classname="backend.tests.test_proconnect_api" name="test_logout" time="0.398" /></testsuite></testsuites>