<?xml version="1.0" encoding="utf-8"?><testsuites name="pytest tests"><testsuite name="pytest" errors="0" failures="0" skipped="0" tests="18" time="3.099" timestamp="2026-06-30T17:24:20.399987+00:00" hostname="agent-env-f7939756-170e-482d-adc5-1a71ac872695"><testcase classname="backend.tests.test_proconnect_api" name="test_root" time="0.316" /><testcase classname="backend.tests.test_proconnect_api" name="test_register_duplicate" time="0.325" /><testcase classname="backend.tests.test_proconnect_api" name="test_login_ok" time="0.269" /><testcase classname="backend.tests.test_proconnect_api" name="test_login_bad" time="0.273" /><testcase classname="backend.tests.test_proconnect_api" name="test_me_with_token" time="0.047" /><testcase classname="backend.tests.test_proconnect_api" name="test_me_no_token" time="0.047" /><testcase classname="backend.tests.test_proconnect_api" name="test_protected_no_token" time="0.143" /><testcase classname="backend.tests.test_proconnect_api" name="test_categories" time="0.044" /><testcase classname="backend.tests.test_proconnect_api" name="test_top_artisans" time="0.047" /><testcase classname="backend.tests.test_proconnect_api" name="test_filter_category" time="0.043" /><testcase classname="backend.tests.test_proconnect_api" name="test_search_q" time="0.045" /><testcase classname="backend.tests.test_proconnect_api" name="test_get_artisan_by_id" time="0.085" /><testcase classname="backend.tests.test_proconnect_api" name="test_get_artisan_404" time="0.048" /><testcase classname="backend.tests.test_proconnect_api" name="test_client_cannot_create_profile" time="0.048" /><testcase classname="backend.tests.test_proconnect_api" name="test_artisan_profile_flow" time="0.454" /><testcase classname="backend.tests.test_proconnect_api" name="test_booking_full_flow" time="0.371" /><testcase classname="backend.tests.test_proconnect_api" name="test_booking_invalid_artisan" time="0.050" /><testcase classname="backend.tests.test_proconnect_api" name="test_logout" time="0.363" /></testsuite></testsuites>