<?xml version="1.0" encoding="utf-8"?><testsuites name="pytest tests"><testsuite name="pytest" errors="0" failures="0" skipped="0" tests="237" time="32.086" timestamp="2026-07-08T19:33:05.980340+00:00" hostname="agent-env-92625e3a-3dc2-4d39-b8b8-0d15ea5c373b"><testcase classname="tests.test_my_home.TestAuthGuards" name="test_list_properties_requires_auth" time="0.136" /><testcase classname="tests.test_my_home.TestAuthGuards" name="test_get_property_requires_auth" time="0.116" /><testcase classname="tests.test_my_home.TestAuthGuards" name="test_get_property_404_when_not_owner" time="0.430" /><testcase classname="tests.test_my_home.TestPropertiesCRUD" name="test_create_invalid_type_returns_400" time="0.104" /><testcase classname="tests.test_my_home.TestPropertiesCRUD" name="test_create_missing_name_returns_422" time="0.104" /><testcase classname="tests.test_my_home.TestPropertiesCRUD" name="test_create_and_get_property" time="0.370" /><testcase classname="tests.test_my_home.TestPropertiesCRUD" name="test_list_properties_has_counts" time="0.205" /><testcase classname="tests.test_my_home.TestPropertiesCRUD" name="test_patch_property" time="0.225" /><testcase classname="tests.test_my_home.TestPropertiesCRUD" name="test_delete_property_cascade" time="0.629" /><testcase classname="tests.test_my_home.TestEquipment" name="test_create_equipment" time="0.107" /><testcase classname="tests.test_my_home.TestEquipment" name="test_list_equipment" time="0.102" /><testcase classname="tests.test_my_home.TestEquipment" name="test_get_equipment" time="0.109" /><testcase classname="tests.test_my_home.TestEquipment" name="test_patch_equipment" time="0.109" /><testcase classname="tests.test_my_home.TestEquipment" name="test_invalid_status_returns_400" time="0.110" /><testcase classname="tests.test_my_home.TestDocuments" name="test_create_document" time="0.100" /><testcase classname="tests.test_my_home.TestDocuments" name="test_invalid_category_returns_400" time="0.108" /><testcase classname="tests.test_my_home.TestDocuments" name="test_list_documents" time="0.106" /><testcase classname="tests.test_my_home.TestDocuments" name="test_delete_document" time="0.102" /><testcase classname="tests.test_my_home.TestReminders" name="test_create_reminder_upcoming" time="0.103" /><testcase classname="tests.test_my_home.TestReminders" name="test_create_reminder_due_auto_flag" time="0.214" /><testcase classname="tests.test_my_home.TestReminders" name="test_patch_reminder_done" time="0.105" /><testcase classname="tests.test_my_home.TestReminders" name="test_invalid_status" time="0.117" /><testcase classname="tests.test_my_home.TestReminders" name="test_delete_reminder" time="0.101" /><testcase classname="tests.test_my_home.TestTimeline" name="test_timeline_structure" time="0.111" /><testcase classname="tests.test_my_home.TestInsights" name="test_insights_shape" time="0.154" /><testcase classname="tests.test_my_home.TestInsights" name="test_insights_demo_values_when_empty" time="0.345" /><testcase classname="tests.test_my_home.TestAICards" name="test_ai_cards" time="0.225" /><testcase classname="tests.test_trust_engine.TestEngineInvariants" name="test_weights_sum_to_100" time="0.000" /><testcase classname="tests.test_trust_engine.TestEngineInvariants" name="test_all_20_factors_present" time="0.000" /><testcase classname="tests.test_trust_engine.TestEngineInvariants" name="test_compute_shape_and_bounds" time="0.000" /><testcase classname="tests.test_trust_engine.TestEngineInvariants" name="test_deterministic" time="0.000" /><testcase classname="tests.test_trust_engine.TestEngineInvariants" name="test_invalid_severity_ignored_in_helper" time="0.000" /><testcase classname="tests.test_trust_engine.TestTrustEndpoints" name="test_get_trust" time="0.180" /><testcase classname="tests.test_trust_engine.TestTrustEndpoints" name="test_trust_404" time="0.056" /><testcase classname="tests.test_trust_engine.TestTrustEndpoints" name="test_confidence_card" time="0.063" /><testcase classname="tests.test_trust_engine.TestTrustEndpoints" name="test_badges_top_rated_gold" time="0.116" /><testcase classname="tests.test_trust_engine.TestTrustEndpoints" name="test_badges_jobs_tiers_exclusive" time="0.000" /><testcase classname="tests.test_trust_engine.TestTrustEndpoints" name="test_artisan_get_enriched" time="0.054" /><testcase classname="tests.test_trust_engine.TestTrustEndpoints" name="test_recompute_trust_idempotent" time="0.406" /><testcase classname="tests.test_trust_engine.TestTrustEndpoints" name="test_recompute_404" time="0.055" /><testcase classname="tests.test_trust_engine.TestScoreboard" name="test_scoreboard_pro" time="0.327" /><testcase classname="tests.test_trust_engine.TestScoreboard" name="test_scoreboard_client_404" time="0.055" /><testcase classname="tests.test_trust_engine.TestDisputes" name="test_invalid_severity_400" time="0.054" /><testcase classname="tests.test_trust_engine.TestDisputes" name="test_minor_dispute_bumps_resolved" time="0.157" /><testcase classname="tests.test_trust_engine.TestDisputes" name="test_severe_dispute_manual_review_no_ban" time="0.102" /><testcase classname="tests.test_trust_engine.TestDisputes" name="test_moderate_lowers_score" time="0.155" /><testcase classname="tests.test_trust_engine.TestDisputes" name="test_disputes_mine_client" time="0.056" /><testcase classname="tests.test_trust_engine.TestDisputes" name="test_disputes_mine_artisan" time="0.052" /><testcase classname="tests.test_trust_engine.TestSmartRecos" name="test_smart_alternatives" time="0.058" /><testcase classname="tests.test_trust_engine.TestStartupPersistence" name="test_all_seeds_have_trust_persisted" time="0.056" /><testcase classname="tests.test_fintech_sprint" name="test_subscription_plans_public_no_leak" time="0.159" /><testcase classname="tests.test_fintech_sprint" name="test_future_features" time="0.052" /><testcase classname="tests.test_fintech_sprint" name="test_connect_onboard_non_artisan_403" time="0.317" /><testcase classname="tests.test_fintech_sprint" name="test_connect_onboard_artisan_ok_and_reuse" time="0.365" /><testcase classname="tests.test_fintech_sprint" name="test_connect_status_shapes" time="0.096" /><testcase classname="tests.test_fintech_sprint" name="test_payment_intent_and_duplicate" time="0.194" /><testcase classname="tests.test_fintech_sprint" name="test_mock_confirm_moves_state" time="0.202" /><testcase classname="tests.test_fintech_sprint" name="test_commission_precedence_global_then_promo_then_exemption" time="0.936" /><testcase classname="tests.test_fintech_sprint" name="test_release_state_machine_only_held" time="0.142" /><testcase classname="tests.test_fintech_sprint" name="test_freeze_authorization" time="0.663" /><testcase classname="tests.test_fintech_sprint" name="test_refund_from_held" time="0.253" /><testcase classname="tests.test_fintech_sprint" name="test_subscribe_starter_free" time="0.051" /><testcase classname="tests.test_fintech_sprint" name="test_subscribe_professional_paid" time="0.045" /><testcase classname="tests.test_fintech_sprint" name="test_subscribe_artisan_only" time="0.048" /><testcase classname="tests.test_fintech_sprint" name="test_subscription_cancel" time="0.093" /><testcase classname="tests.test_fintech_sprint" name="test_artisan_finance_shape" time="0.053" /><testcase classname="tests.test_fintech_sprint" name="test_artisan_finance_client_403" time="0.047" /><testcase classname="tests.test_fintech_sprint" name="test_admin_endpoints_non_admin_403" time="0.139" /><testcase classname="tests.test_fintech_sprint" name="test_admin_finance_overview" time="0.052" /><testcase classname="tests.test_fintech_sprint" name="test_admin_commissions_get_and_put" time="0.093" /><testcase classname="tests.test_fintech_sprint" name="test_admin_commission_rule_invalid_kind" time="0.047" /><testcase classname="tests.test_fintech_sprint" name="test_admin_commission_rule_create_and_deactivate" time="0.155" /><testcase classname="tests.test_fintech_sprint" name="test_admin_audit_logs" time="0.051" /><testcase classname="tests.test_fintech_sprint" name="test_webhook_idempotency" time="0.095" /><testcase classname="tests.test_fintech_sprint" name="test_smart_recommendations_no_subscription_bias" time="0.102" /><testcase classname="tests.test_fintech_sprint" name="test_matching_source_no_subscription_reference" time="0.000" /><testcase classname="tests.test_fintech_sprint" name="test_regression_properties_list" time="0.053" /><testcase classname="tests.test_fintech_sprint" name="test_regression_trust_endpoint" time="0.050" /><testcase classname="tests.test_concierge.TestConciergeUnit" name="test_initial_greeting_deterministic" time="0.000" /><testcase classname="tests.test_concierge.TestConciergeUnit" name="test_new_session_id_format" time="0.000" /><testcase classname="tests.test_concierge.TestConciergeUnit" name="test_augment_safety_gas_smell" time="0.000" /><testcase classname="tests.test_concierge.TestConciergeUnit" name="test_augment_safety_electrocution" time="0.000" /><testcase classname="tests.test_concierge.TestConciergeUnit" name="test_augment_safety_dedup" time="0.000" /><testcase classname="tests.test_concierge.TestConciergeUnit" name="test_augment_safety_no_trigger" time="0.000" /><testcase classname="tests.test_concierge.TestConciergeUnit" name="test_sanitize_bad_urgency_and_confidence" time="0.000" /><testcase classname="tests.test_concierge.TestConciergeUnit" name="test_sanitize_defaults_fill" time="0.000" /><testcase classname="tests.test_concierge.TestConciergeUnit" name="test_sanitize_augments_safety_from_user_text" time="0.000" /><testcase classname="tests.test_concierge.TestConciergeLifecycle" name="test_start_persists_greeting_turn" time="0.433" /><testcase classname="tests.test_concierge.TestConciergeLifecycle" name="test_get_foreign_session_404" time="0.322" /><testcase classname="tests.test_concierge.TestConciergeLifecycle" name="test_delete_foreign_session_404" time="0.047" /><testcase classname="tests.test_concierge.TestConciergeLifecycle" name="test_message_gas_smell_triggers_safety" time="3.787" /><testcase classname="tests.test_concierge.TestConciergeLifecycle" name="test_message_appends_turns" time="0.053" /><testcase classname="tests.test_concierge.TestConciergeLifecycle" name="test_list_sessions_contains_this_one" time="0.048" /><testcase classname="tests.test_concierge.TestConciergeLifecycle" name="test_video_placeholder" time="0.100" /><testcase classname="tests.test_concierge.TestConciergeLifecycle" name="test_finish_completes_session" time="0.098" /><testcase classname="tests.test_concierge.TestConciergeLifecycle" name="test_message_after_finish_400" time="0.058" /><testcase classname="tests.test_concierge.TestConciergeLifecycle" name="test_finish_idempotent" time="0.053" /><testcase classname="tests.test_concierge.TestConciergeLifecycle" name="test_delete_own_session" time="0.105" /><testcase classname="tests.test_concierge.TestMultiTurnMemory" name="test_memory_boiler_context" time="6.150" /><testcase classname="tests.test_concierge.TestAuthGuards" name="test_start_unauth_401" time="0.049" /><testcase classname="tests.test_concierge.TestAuthGuards" name="test_list_unauth_401" time="0.051" /><testcase classname="tests.test_concierge.TestAuthGuards" name="test_get_missing_404" time="0.054" /><testcase classname="tests.test_growth_sprint.TestGrowthUnit" name="test_pro_level_bronze_minimum" time="0.000" /><testcase classname="tests.test_growth_sprint.TestGrowthUnit" name="test_pro_level_below_bronze_still_returns_bronze" time="0.000" /><testcase classname="tests.test_growth_sprint.TestGrowthUnit" name="test_pro_level_gold_seed_pro" time="0.000" /><testcase classname="tests.test_growth_sprint.TestGrowthUnit" name="test_pro_level_gold_when_thresholds_met" time="0.000" /><testcase classname="tests.test_growth_sprint.TestGrowthUnit" name="test_pro_level_elite_top" time="0.000" /><testcase classname="tests.test_growth_sprint.TestGrowthUnit" name="test_pro_level_progress_clamped" time="0.000" /><testcase classname="tests.test_growth_sprint.TestGrowthUnit" name="test_points_earn_table" time="0.000" /><testcase classname="tests.test_growth_sprint.TestGrowthUnit" name="test_loyalty_tier_mapping[0-member]" time="0.000" /><testcase classname="tests.test_growth_sprint.TestGrowthUnit" name="test_loyalty_tier_mapping[499-member]" time="0.000" /><testcase classname="tests.test_growth_sprint.TestGrowthUnit" name="test_loyalty_tier_mapping[500-silver]" time="0.000" /><testcase classname="tests.test_growth_sprint.TestGrowthUnit" name="test_loyalty_tier_mapping[1999-silver]" time="0.000" /><testcase classname="tests.test_growth_sprint.TestGrowthUnit" name="test_loyalty_tier_mapping[2000-gold]" time="0.000" /><testcase classname="tests.test_growth_sprint.TestGrowthUnit" name="test_loyalty_tier_mapping[4999-gold]" time="0.000" /><testcase classname="tests.test_growth_sprint.TestGrowthUnit" name="test_loyalty_tier_mapping[5000-platinum]" time="0.000" /><testcase classname="tests.test_growth_sprint.TestGrowthUnit" name="test_loyalty_tier_mapping[14999-platinum]" time="0.000" /><testcase classname="tests.test_growth_sprint.TestGrowthUnit" name="test_loyalty_tier_mapping[15000-vip]" time="0.000" /><testcase classname="tests.test_growth_sprint.TestGrowthUnit" name="test_loyalty_tier_mapping[999999-vip]" time="0.000" /><testcase classname="tests.test_growth_sprint.TestGrowthUnit" name="test_health_label[100-excellent]" time="0.000" /><testcase classname="tests.test_growth_sprint.TestGrowthUnit" name="test_health_label[90-excellent]" time="0.000" /><testcase classname="tests.test_growth_sprint.TestGrowthUnit" name="test_health_label[89-good]" time="0.000" /><testcase classname="tests.test_growth_sprint.TestGrowthUnit" name="test_health_label[75-good]" time="0.000" /><testcase classname="tests.test_growth_sprint.TestGrowthUnit" name="test_health_label[74-attention]" time="0.000" /><testcase classname="tests.test_growth_sprint.TestGrowthUnit" name="test_health_label[55-attention]" time="0.000" /><testcase classname="tests.test_growth_sprint.TestGrowthUnit" name="test_health_label[54-critical]" time="0.000" /><testcase classname="tests.test_growth_sprint.TestGrowthUnit" name="test_health_label[0-critical]" time="0.000" /><testcase classname="tests.test_growth_sprint.TestGrowthUnit" name="test_referral_code_deterministic" time="0.000" /><testcase classname="tests.test_growth_sprint.TestGrowthUnit" name="test_referral_code_unique_per_user" time="0.000" /><testcase classname="tests.test_growth_sprint.TestGrowthUnit" name="test_suggest_maintenance_unknown_category_returns_none" time="0.000" /><testcase classname="tests.test_growth_sprint.TestGrowthUnit" name="test_suggest_maintenance_boiler_12mo" time="0.000" /><testcase classname="tests.test_growth_sprint.TestGrowthUnit" name="test_suggest_maintenance_intervals[heat_pump-12]" time="0.000" /><testcase classname="tests.test_growth_sprint.TestGrowthUnit" name="test_suggest_maintenance_intervals[vmc-12]" time="0.000" /><testcase classname="tests.test_growth_sprint.TestGrowthUnit" name="test_suggest_maintenance_intervals[smoke_detector-12]" time="0.000" /><testcase classname="tests.test_growth_sprint.TestGrowthUnit" name="test_suggest_maintenance_intervals[water_heater-24]" time="0.000" /><testcase classname="tests.test_growth_sprint.TestGrowthUnit" name="test_suggest_maintenance_intervals[roof-24]" time="0.000" /><testcase classname="tests.test_growth_sprint.TestGrowthUnit" name="test_suggest_maintenance_intervals[solar-24]" time="0.000" /><testcase classname="tests.test_growth_sprint.TestGrowthUnit" name="test_suggest_maintenance_intervals[ev_charger-24]" time="0.000" /><testcase classname="tests.test_growth_sprint.TestGrowthUnit" name="test_suggest_maintenance_intervals[water_softener-6]" time="0.000" /><testcase classname="tests.test_growth_sprint.TestGrowthUnit" name="test_suggest_maintenance_intervals[panel-60]" time="0.000" /><testcase classname="tests.test_growth_sprint.TestGrowthUnit" name="test_suggest_maintenance_intervals[windows-60]" time="0.000" /><testcase classname="tests.test_growth_sprint.TestGrowthUnit" name="test_suggest_maintenance_intervals[doors-60]" time="0.000" /><testcase classname="tests.test_growth_sprint.TestTrustedPros" name="test_list_and_add_idempotent" time="0.518" /><testcase classname="tests.test_growth_sprint.TestTrustedPros" name="test_delete_trusted_pro" time="0.151" /><testcase classname="tests.test_growth_sprint.TestLoyalty" name="test_summary_schema" time="0.047" /><testcase classname="tests.test_growth_sprint.TestLoyalty" name="test_ledger_desc" time="0.049" /><testcase classname="tests.test_growth_sprint.TestLoyalty" name="test_redeem_unknown_reward_404" time="0.113" /><testcase classname="tests.test_growth_sprint.TestLoyalty" name="test_redeem_insufficient_400" time="0.107" /><testcase classname="tests.test_growth_sprint.TestLoyaltyHooks" name="test_property_creation_credits_50" time="0.257" /><testcase classname="tests.test_growth_sprint.TestReferrals" name="test_referrals_mine_deterministic_code" time="0.051" /><testcase classname="tests.test_growth_sprint.TestReferrals" name="test_referral_invalid_code_404" time="0.049" /><testcase classname="tests.test_growth_sprint.TestReferrals" name="test_referral_self_400" time="0.047" /><testcase classname="tests.test_growth_sprint.TestReferrals" name="test_referral_duplicate_conversion_400" time="0.322" /><testcase classname="tests.test_growth_sprint.TestProLevels" name="test_growth_levels_catalog" time="0.049" /><testcase classname="tests.test_growth_sprint.TestProLevels" name="test_artisan_level_endpoint" time="0.051" /><testcase classname="tests.test_growth_sprint.TestProLevels" name="test_artisan_level_404" time="0.052" /><testcase classname="tests.test_growth_sprint.TestGallery" name="test_client_cannot_post_gallery" time="0.055" /><testcase classname="tests.test_growth_sprint.TestGallery" name="test_pro_create_list_delete_gallery" time="0.188" /><testcase classname="tests.test_growth_sprint.TestPropertyHealth" name="test_property_health_endpoint" time="0.107" /><testcase classname="tests.test_growth_sprint.TestPropertyHealth" name="test_property_health_no_equipment_returns_demo" time="0.152" /><testcase classname="tests.test_growth_sprint.TestMaintenancePlanner" name="test_maintenance_plan_returns_sorted" time="0.047" /><testcase classname="tests.test_growth_sprint.TestMaintenancePlanner" name="test_generate_reminders_idempotent" time="0.097" /><testcase classname="tests.test_growth_sprint.TestBusiness" name="test_setup_invalid_type_400" time="0.048" /><testcase classname="tests.test_growth_sprint.TestBusiness" name="test_setup_and_get" time="0.098" /><testcase classname="tests.test_growth_sprint.TestBusiness" name="test_get_default_individual" time="0.102" /><testcase classname="tests.test_growth_sprint.TestFamily" name="test_invalid_role_400" time="0.049" /><testcase classname="tests.test_growth_sprint.TestFamily" name="test_invite_unknown_email_becomes_invited" time="0.095" /><testcase classname="tests.test_growth_sprint.TestFamily" name="test_invite_existing_user_becomes_active" time="0.101" /><testcase classname="tests.test_growth_sprint.TestFamily" name="test_list_members" time="0.058" /><testcase classname="tests.test_growth_sprint.TestFavourites" name="test_invalid_kind_query_400" time="0.045" /><testcase classname="tests.test_growth_sprint.TestFavourites" name="test_invalid_kind_post_400" time="0.047" /><testcase classname="tests.test_growth_sprint.TestFavourites" name="test_add_favourite_idempotent" time="0.168" /><testcase classname="tests.test_growth_sprint.TestFavourites" name="test_list_filter_by_kind" time="0.048" /><testcase classname="tests.test_growth_sprint.TestAnalytics" name="test_analytics_schema" time="0.080" /><testcase classname="tests.test_growth_sprint.TestAuthGuards" name="test_trusted_pros_unauth_401" time="0.044" /><testcase classname="tests.test_growth_sprint.TestAuthGuards" name="test_loyalty_summary_unauth_401" time="0.045" /><testcase classname="tests.test_growth_sprint.TestAuthGuards" name="test_favourites_unauth_401" time="0.046" /><testcase classname="tests.test_enterprise_sprint.TestEnterpriseModule" name="test_account_types_length" time="0.000" /><testcase classname="tests.test_enterprise_sprint.TestEnterpriseModule" name="test_org_types_length" time="0.000" /><testcase classname="tests.test_enterprise_sprint.TestEnterpriseModule" name="test_team_roles_length" time="0.000" /><testcase classname="tests.test_enterprise_sprint.TestEnterpriseModule" name="test_permissions_owner_largest" time="0.000" /><testcase classname="tests.test_enterprise_sprint.TestEnterpriseModule" name="test_permissions_viewer_empty" time="0.000" /><testcase classname="tests.test_enterprise_sprint.TestEnterpriseModule" name="test_work_order_statuses" time="0.000" /><testcase classname="tests.test_enterprise_sprint.TestEnterpriseModule" name="test_work_order_transitions" time="0.000" /><testcase classname="tests.test_enterprise_sprint.TestEnterpriseModule" name="test_has_permission" time="0.000" /><testcase classname="tests.test_enterprise_sprint.TestEnterpriseMeta" name="test_roles_capabilities" time="0.105" /><testcase classname="tests.test_enterprise_sprint.TestEnterpriseMeta" name="test_account_types" time="0.052" /><testcase classname="tests.test_enterprise_sprint.TestOrganizationsCRUD" name="test_create_org_invalid_type_400" time="0.336" /><testcase classname="tests.test_enterprise_sprint.TestOrganizationsCRUD" name="test_create_org_valid_and_persists" time="0.106" /><testcase classname="tests.test_enterprise_sprint.TestOrganizationsCRUD" name="test_seed_org_owner_role" time="0.048" /><testcase classname="tests.test_enterprise_sprint.TestOrganizationsCRUD" name="test_patch_org_invalid_type_400" time="0.049" /><testcase classname="tests.test_enterprise_sprint.TestOrganizationsCRUD" name="test_patch_org_updates_only_allowed_fields" time="0.047" /><testcase classname="tests.test_enterprise_sprint.TestOrganizationsCRUD" name="test_patch_org_non_owner_403" time="0.319" /><testcase classname="tests.test_enterprise_sprint.TestOrgMembers" name="test_list_members_forbids_non_member" time="0.050" /><testcase classname="tests.test_enterprise_sprint.TestOrgMembers" name="test_list_members_owner_ok" time="0.050" /><testcase classname="tests.test_enterprise_sprint.TestOrgMembers" name="test_invite_invalid_role_400" time="0.049" /><testcase classname="tests.test_enterprise_sprint.TestOrgMembers" name="test_invite_owner_role_400" time="0.050" /><testcase classname="tests.test_enterprise_sprint.TestOrgMembers" name="test_invite_known_email_becomes_active" time="0.050" /><testcase classname="tests.test_enterprise_sprint.TestOrgMembers" name="test_invite_unknown_email_becomes_invited" time="0.051" /><testcase classname="tests.test_enterprise_sprint.TestOrgMembers" name="test_invite_without_permission_403" time="0.000" /><testcase classname="tests.test_enterprise_sprint.TestOrgMembers" name="test_update_role_invalid_400" time="0.054" /><testcase classname="tests.test_enterprise_sprint.TestOrgMembers" name="test_update_role_owner_400" time="0.059" /><testcase classname="tests.test_enterprise_sprint.TestOrgMembers" name="test_update_role_downgrade_to_viewer" time="0.055" /><testcase classname="tests.test_enterprise_sprint.TestOrgMembers" name="test_viewer_cannot_invite_403" time="0.058" /><testcase classname="tests.test_enterprise_sprint.TestOrgMembers" name="test_viewer_cannot_update_role_403" time="0.054" /><testcase classname="tests.test_enterprise_sprint.TestOrgMembers" name="test_viewer_cannot_remove_member_403" time="0.047" /><testcase classname="tests.test_enterprise_sprint.TestOrgMembers" name="test_owner_can_remove" time="0.053" /><testcase classname="tests.test_enterprise_sprint.TestOrgProperties" name="test_link_property_not_owned_404" time="0.050" /><testcase classname="tests.test_enterprise_sprint.TestOrgProperties" name="test_link_property_without_permission_403" time="0.047" /><testcase classname="tests.test_enterprise_sprint.TestOrgProperties" name="test_seed_org_lists_property" time="0.047" /><testcase classname="tests.test_enterprise_sprint.TestWorkOrders" name="test_create_wo_invalid_priority_400" time="0.048" /><testcase classname="tests.test_enterprise_sprint.TestWorkOrders" name="test_create_wo_no_permission_403" time="0.050" /><testcase classname="tests.test_enterprise_sprint.TestWorkOrders" name="test_owner_creates_in_draft" time="0.050" /><testcase classname="tests.test_enterprise_sprint.TestWorkOrders" name="test_employee_creates_in_pending_approval" time="0.146" /><testcase classname="tests.test_enterprise_sprint.TestWorkOrders" name="test_list_all_my_orgs_no_filter" time="0.047" /><testcase classname="tests.test_enterprise_sprint.TestWorkOrders" name="test_list_status_invalid_400" time="0.049" /><testcase classname="tests.test_enterprise_sprint.TestWorkOrders" name="test_list_filter_org_not_member_403" time="0.111" /><testcase classname="tests.test_enterprise_sprint.TestWorkOrders" name="test_get_wo_404" time="0.051" /><testcase classname="tests.test_enterprise_sprint.TestWorkOrders" name="test_get_wo_non_member_403" time="0.106" /><testcase classname="tests.test_enterprise_sprint.TestWorkOrders" name="test_transition_invalid_status_400" time="0.053" /><testcase classname="tests.test_enterprise_sprint.TestWorkOrders" name="test_transition_disallowed_by_workflow_400" time="0.047" /><testcase classname="tests.test_enterprise_sprint.TestWorkOrders" name="test_full_workflow_draft_to_completed" time="0.249" /><testcase classname="tests.test_enterprise_sprint.TestWorkOrders" name="test_transition_from_terminal_400" time="0.048" /><testcase classname="tests.test_enterprise_sprint.TestDashboardAnalyticsMap" name="test_dashboard_keys" time="0.058" /><testcase classname="tests.test_enterprise_sprint.TestDashboardAnalyticsMap" name="test_dashboard_non_member_403" time="0.050" /><testcase classname="tests.test_enterprise_sprint.TestDashboardAnalyticsMap" name="test_analytics_keys" time="0.051" /><testcase classname="tests.test_enterprise_sprint.TestDashboardAnalyticsMap" name="test_map" time="0.050" /><testcase classname="tests.test_enterprise_sprint.TestOrgDocuments" name="test_upload_invalid_category_400" time="0.048" /><testcase classname="tests.test_enterprise_sprint.TestOrgDocuments" name="test_upload_ok_all_categories" time="0.476" /><testcase classname="tests.test_enterprise_sprint.TestOrgDocuments" name="test_upload_without_permission_403" time="0.050" /><testcase classname="tests.test_enterprise_sprint.TestOrgDocuments" name="test_list_filter_invalid_category_400" time="0.084" /><testcase classname="tests.test_enterprise_sprint.TestOrgDocuments" name="test_list_filter_ok" time="0.062" /><testcase classname="tests.test_enterprise_sprint.TestOrgDocuments" name="test_delete_document_owner_ok" time="0.049" /><testcase classname="tests.test_enterprise_sprint.TestIntegrations" name="test_catalog_shape" time="0.045" /><testcase classname="tests.test_enterprise_sprint.TestIntegrations" name="test_configure_unknown_key_400" time="0.048" /><testcase classname="tests.test_enterprise_sprint.TestIntegrations" name="test_configure_without_permission_403" time="0.050" /><testcase classname="tests.test_enterprise_sprint.TestIntegrations" name="test_configure_owner_ok_status_coming_soon" time="0.096" /></testsuite></testsuites>