<?xml version="1.0" encoding="utf-8"?><testsuites name="pytest tests"><testsuite name="pytest" errors="0" failures="0" skipped="0" tests="78" time="11.038" timestamp="2026-07-08T18:49:49.672142+00:00" hostname="agent-env-92625e3a-3dc2-4d39-b8b8-0d15ea5c373b"><testcase classname="tests.test_my_home.TestAuthGuards" name="test_list_properties_requires_auth" time="0.138" /><testcase classname="tests.test_my_home.TestAuthGuards" name="test_get_property_requires_auth" time="0.103" /><testcase classname="tests.test_my_home.TestAuthGuards" name="test_get_property_404_when_not_owner" time="0.437" /><testcase classname="tests.test_my_home.TestPropertiesCRUD" name="test_create_invalid_type_returns_400" time="0.105" /><testcase classname="tests.test_my_home.TestPropertiesCRUD" name="test_create_missing_name_returns_422" time="0.115" /><testcase classname="tests.test_my_home.TestPropertiesCRUD" name="test_create_and_get_property" time="0.303" /><testcase classname="tests.test_my_home.TestPropertiesCRUD" name="test_list_properties_has_counts" time="0.245" /><testcase classname="tests.test_my_home.TestPropertiesCRUD" name="test_patch_property" time="0.215" /><testcase classname="tests.test_my_home.TestPropertiesCRUD" name="test_delete_property_cascade" time="0.666" /><testcase classname="tests.test_my_home.TestEquipment" name="test_create_equipment" time="0.101" /><testcase classname="tests.test_my_home.TestEquipment" name="test_list_equipment" time="0.110" /><testcase classname="tests.test_my_home.TestEquipment" name="test_get_equipment" time="0.106" /><testcase classname="tests.test_my_home.TestEquipment" name="test_patch_equipment" time="0.112" /><testcase classname="tests.test_my_home.TestEquipment" name="test_invalid_status_returns_400" time="0.108" /><testcase classname="tests.test_my_home.TestDocuments" name="test_create_document" time="0.113" /><testcase classname="tests.test_my_home.TestDocuments" name="test_invalid_category_returns_400" time="0.101" /><testcase classname="tests.test_my_home.TestDocuments" name="test_list_documents" time="0.099" /><testcase classname="tests.test_my_home.TestDocuments" name="test_delete_document" time="0.107" /><testcase classname="tests.test_my_home.TestReminders" name="test_create_reminder_upcoming" time="0.097" /><testcase classname="tests.test_my_home.TestReminders" name="test_create_reminder_due_auto_flag" time="0.215" /><testcase classname="tests.test_my_home.TestReminders" name="test_patch_reminder_done" time="0.101" /><testcase classname="tests.test_my_home.TestReminders" name="test_invalid_status" time="0.101" /><testcase classname="tests.test_my_home.TestReminders" name="test_delete_reminder" time="0.099" /><testcase classname="tests.test_my_home.TestTimeline" name="test_timeline_structure" time="0.108" /><testcase classname="tests.test_my_home.TestInsights" name="test_insights_shape" time="0.105" /><testcase classname="tests.test_my_home.TestInsights" name="test_insights_demo_values_when_empty" time="0.304" /><testcase classname="tests.test_my_home.TestAICards" name="test_ai_cards" time="0.246" /><testcase classname="tests.test_trust_engine.TestEngineInvariants" name="test_weights_sum_to_100" time="0.000" /><testcase classname="tests.test_trust_engine.TestEngineInvariants" name="test_all_20_factors_present" time="0.000" /><testcase classname="tests.test_trust_engine.TestEngineInvariants" name="test_compute_shape_and_bounds" time="0.000" /><testcase classname="tests.test_trust_engine.TestEngineInvariants" name="test_deterministic" time="0.000" /><testcase classname="tests.test_trust_engine.TestEngineInvariants" name="test_invalid_severity_ignored_in_helper" time="0.000" /><testcase classname="tests.test_trust_engine.TestTrustEndpoints" name="test_get_trust" time="0.162" /><testcase classname="tests.test_trust_engine.TestTrustEndpoints" name="test_trust_404" time="0.050" /><testcase classname="tests.test_trust_engine.TestTrustEndpoints" name="test_confidence_card" time="0.046" /><testcase classname="tests.test_trust_engine.TestTrustEndpoints" name="test_badges_top_rated_gold" time="0.095" /><testcase classname="tests.test_trust_engine.TestTrustEndpoints" name="test_badges_jobs_tiers_exclusive" time="0.000" /><testcase classname="tests.test_trust_engine.TestTrustEndpoints" name="test_artisan_get_enriched" time="0.046" /><testcase classname="tests.test_trust_engine.TestTrustEndpoints" name="test_recompute_trust_idempotent" time="0.384" /><testcase classname="tests.test_trust_engine.TestTrustEndpoints" name="test_recompute_404" time="0.049" /><testcase classname="tests.test_trust_engine.TestScoreboard" name="test_scoreboard_pro" time="0.316" /><testcase classname="tests.test_trust_engine.TestScoreboard" name="test_scoreboard_client_404" time="0.045" /><testcase classname="tests.test_trust_engine.TestDisputes" name="test_invalid_severity_400" time="0.045" /><testcase classname="tests.test_trust_engine.TestDisputes" name="test_minor_dispute_bumps_resolved" time="0.143" /><testcase classname="tests.test_trust_engine.TestDisputes" name="test_severe_dispute_manual_review_no_ban" time="0.094" /><testcase classname="tests.test_trust_engine.TestDisputes" name="test_moderate_lowers_score" time="0.142" /><testcase classname="tests.test_trust_engine.TestDisputes" name="test_disputes_mine_client" time="0.046" /><testcase classname="tests.test_trust_engine.TestDisputes" name="test_disputes_mine_artisan" time="0.046" /><testcase classname="tests.test_trust_engine.TestSmartRecos" name="test_smart_alternatives" time="0.050" /><testcase classname="tests.test_trust_engine.TestStartupPersistence" name="test_all_seeds_have_trust_persisted" time="0.052" /><testcase classname="tests.test_fintech_sprint" name="test_subscription_plans_public_no_leak" time="0.130" /><testcase classname="tests.test_fintech_sprint" name="test_future_features" time="0.047" /><testcase classname="tests.test_fintech_sprint" name="test_connect_onboard_non_artisan_403" time="0.315" /><testcase classname="tests.test_fintech_sprint" name="test_connect_onboard_artisan_ok_and_reuse" time="0.353" /><testcase classname="tests.test_fintech_sprint" name="test_connect_status_shapes" time="0.087" /><testcase classname="tests.test_fintech_sprint" name="test_payment_intent_and_duplicate" time="0.215" /><testcase classname="tests.test_fintech_sprint" name="test_mock_confirm_moves_state" time="0.190" /><testcase classname="tests.test_fintech_sprint" name="test_commission_precedence_global_then_promo_then_exemption" time="0.903" /><testcase classname="tests.test_fintech_sprint" name="test_release_state_machine_only_held" time="0.143" /><testcase classname="tests.test_fintech_sprint" name="test_freeze_authorization" time="0.653" /><testcase classname="tests.test_fintech_sprint" name="test_refund_from_held" time="0.226" /><testcase classname="tests.test_fintech_sprint" name="test_subscribe_starter_free" time="0.047" /><testcase classname="tests.test_fintech_sprint" name="test_subscribe_professional_paid" time="0.045" /><testcase classname="tests.test_fintech_sprint" name="test_subscribe_artisan_only" time="0.052" /><testcase classname="tests.test_fintech_sprint" name="test_subscription_cancel" time="0.130" /><testcase classname="tests.test_fintech_sprint" name="test_artisan_finance_shape" time="0.050" /><testcase classname="tests.test_fintech_sprint" name="test_artisan_finance_client_403" time="0.046" /><testcase classname="tests.test_fintech_sprint" name="test_admin_endpoints_non_admin_403" time="0.152" /><testcase classname="tests.test_fintech_sprint" name="test_admin_finance_overview" time="0.048" /><testcase classname="tests.test_fintech_sprint" name="test_admin_commissions_get_and_put" time="0.094" /><testcase classname="tests.test_fintech_sprint" name="test_admin_commission_rule_invalid_kind" time="0.043" /><testcase classname="tests.test_fintech_sprint" name="test_admin_commission_rule_create_and_deactivate" time="0.144" /><testcase classname="tests.test_fintech_sprint" name="test_admin_audit_logs" time="0.054" /><testcase classname="tests.test_fintech_sprint" name="test_webhook_idempotency" time="0.096" /><testcase classname="tests.test_fintech_sprint" name="test_smart_recommendations_no_subscription_bias" time="0.111" /><testcase classname="tests.test_fintech_sprint" name="test_matching_source_no_subscription_reference" time="0.000" /><testcase classname="tests.test_fintech_sprint" name="test_regression_properties_list" time="0.051" /><testcase classname="tests.test_fintech_sprint" name="test_regression_trust_endpoint" time="0.049" /></testsuite></testsuites>