<?xml version="1.0" encoding="utf-8"?><testsuites name="pytest tests"><testsuite name="pytest" errors="0" failures="0" skipped="0" tests="13" time="7.313" timestamp="2026-07-08T19:55:19.858210+00:00" hostname="agent-env-92625e3a-3dc2-4d39-b8b8-0d15ea5c373b"><testcase classname="backend.tests.test_security_sprint" name="test_sessions_listed" time="0.706" /><testcase classname="backend.tests.test_security_sprint" name="test_security_overview" time="0.147" /><testcase classname="backend.tests.test_security_sprint" name="test_revoke_others" time="1.588" /><testcase classname="backend.tests.test_security_sprint" name="test_audit_log_records_login" time="0.144" /><testcase classname="backend.tests.test_security_sprint" name="test_audit_denies_others_verification" time="0.526" /><testcase classname="backend.tests.test_security_sprint" name="test_gdpr_consents_crud" time="0.213" /><testcase classname="backend.tests.test_security_sprint" name="test_gdpr_export" time="0.195" /><testcase classname="backend.tests.test_security_sprint" name="test_mfa_flow" time="0.570" /><testcase classname="backend.tests.test_security_sprint" name="test_password_change_wrong_current" time="0.340" /><testcase classname="backend.tests.test_security_sprint" name="test_password_change_short" time="0.336" /><testcase classname="backend.tests.test_security_sprint" name="test_roles_endpoint" time="0.126" /><testcase classname="backend.tests.test_security_sprint" name="test_admin_sessions_forbidden_for_client" time="0.102" /><testcase classname="backend.tests.test_security_sprint" name="test_brute_force_lockout" time="2.255" /></testsuite></testsuites>