<?xml version="1.0" encoding="utf-8"?><testsuites name="pytest tests"><testsuite name="pytest" errors="0" failures="0" skipped="0" tests="10" time="11.537" timestamp="2026-07-08T19:56:06.756617+00:00" hostname="agent-env-92625e3a-3dc2-4d39-b8b8-0d15ea5c373b"><testcase classname="backend.tests.test_security_sprint_extra" name="test_delete_specific_session" time="1.441" /><testcase classname="backend.tests.test_security_sprint_extra" name="test_overview_full_shape" time="0.795" /><testcase classname="backend.tests.test_security_sprint_extra" name="test_audit_hides_hash_fields" time="0.795" /><testcase classname="backend.tests.test_security_sprint_extra" name="test_audit_all_forbidden_for_client" time="0.423" /><testcase classname="backend.tests.test_security_sprint_extra" name="test_gdpr_consents_defaults" time="0.769" /><testcase classname="backend.tests.test_security_sprint_extra" name="test_gdpr_account_soft_delete" time="1.030" /><testcase classname="backend.tests.test_security_sprint_extra" name="test_mfa_status_shape" time="0.761" /><testcase classname="backend.tests.test_security_sprint_extra" name="test_roles_endpoint_returns_nine" time="0.433" /><testcase classname="backend.tests.test_security_sprint_extra" name="test_password_change_success_and_revert" time="1.571" /><testcase classname="backend.tests.test_security_sprint_extra" name="test_distributed_brute_force_by_ip" time="3.441" /></testsuite></testsuites>