<?xml version="1.0" encoding="utf-8"?><testsuites name="pytest tests"><testsuite name="pytest" errors="0" failures="0" skipped="0" tests="44" time="46.391" timestamp="2026-08-19T16:02:58.806751+00:00" hostname="agent-env-92625e3a-3dc2-4d39-b8b8-0d15ea5c373b"><testcase classname="tests.test_password_change_revokes_sessions" name="test_password_change_revokes_other_sessions" time="9.943" /><testcase classname="tests.test_password_change_revokes_sessions" name="test_password_change_wrong_current_does_not_revoke" time="9.265" /><testcase classname="tests.test_password_change_revokes_sessions" name="test_password_change_reports_revoked_count" time="8.711" /><testcase classname="tests.test_emails" name="test_templates_pass_guardrail_gate[tpl_welcome-args0]" time="0.005" /><testcase classname="tests.test_emails" name="test_templates_pass_guardrail_gate[tpl_booking_client-args1]" time="0.004" /><testcase classname="tests.test_emails" name="test_templates_pass_guardrail_gate[tpl_booking_artisan-args2]" time="0.005" /><testcase classname="tests.test_emails" name="test_templates_pass_guardrail_gate[tpl_payment_confirmed-args3]" time="0.004" /><testcase classname="tests.test_emails" name="test_templates_pass_guardrail_gate[tpl_intervention_validated-args4]" time="0.004" /><testcase classname="tests.test_emails" name="test_templates_pass_guardrail_gate[tpl_password_reset-args5]" time="0.004" /><testcase classname="tests.test_emails" name="test_templates_contain_faqtotum_brand" time="0.004" /><testcase classname="tests.test_emails" name="test_gate_rejects_form" time="0.004" /><testcase classname="tests.test_emails" name="test_gate_rejects_http_link" time="0.004" /><testcase classname="tests.test_emails" name="test_gate_rejects_shortener" time="0.004" /><testcase classname="tests.test_emails" name="test_gate_rejects_anchor_host_mismatch" time="0.004" /><testcase classname="tests.test_emails" name="test_gate_rejects_credential_ask" time="0.004" /><testcase classname="tests.test_emails" name="test_send_email_safe_swallow_on_bad_recipient" time="0.004" /><testcase classname="tests.test_emails" name="test_send_email_safe_swallow_on_bad_html" time="0.004" /><testcase classname="tests.test_oauth_hardening" name="test_google_rejects_empty_email" time="0.284" /><testcase classname="tests.test_oauth_hardening" name="test_google_rejects_malformed_email" time="0.005" /><testcase classname="tests.test_oauth_hardening" name="test_google_rejects_invalid_session_token_shape" time="0.139" /><testcase classname="tests.test_oauth_hardening" name="test_apple_verify_rejects_garbage_token" time="0.005" /><testcase classname="tests.test_oauth_hardening" name="test_apple_verify_rejects_random_bytes" time="0.004" /><testcase classname="tests.test_oauth_hardening" name="test_apple_endpoint_rejects_garbage_token" time="0.151" /><testcase classname="tests.test_oauth_hardening" name="test_apple_endpoint_rejects_too_short_token" time="0.182" /><testcase classname="tests.test_oauth_hardening" name="test_apple_audiences_env_parsing" time="0.005" /><testcase classname="tests.test_oauth_hardening" name="test_collision_email_password_user_hit_by_google" time="7.638" /><testcase classname="tests.test_oauth_hardening" name="test_collision_google_user_hit_by_apple" time="0.017" /><testcase classname="tests.test_oauth_hardening" name="test_no_collision_when_same_provider" time="0.017" /><testcase classname="tests.test_oauth_hardening" name="test_rate_limit_applies_to_apple_endpoint" time="1.966" /><testcase classname="tests.test_oauth_hardening" name="test_rate_limit_primitive_wired_via_check_login_rate_limit" time="0.011" /><testcase classname="tests.test_oauth_hardening" name="test_email_login_records_method_email" time="7.568" /><testcase classname="tests.test_oauth_hardening" name="test_apple_first_login_persists_email" time="0.009" /><testcase classname="tests.test_mfa_bypass_hardening" name="test_mfa_demo_bypass_rejected_when_env_unset" time="0.007" /><testcase classname="tests.test_mfa_bypass_hardening" name="test_mfa_demo_bypass_rejected_in_production" time="0.007" /><testcase classname="tests.test_mfa_bypass_hardening" name="test_mfa_demo_bypass_rejected_when_flag_false" time="0.007" /><testcase classname="tests.test_mfa_bypass_hardening" name="test_mfa_demo_bypass_accepted_when_explicitly_enabled" time="0.009" /><testcase classname="tests.test_mfa_bypass_hardening" name="test_mfa_arbitrary_code_always_rejected" time="0.007" /><testcase classname="tests.test_mfa_bypass_hardening" name="test_mfa_prepare_returns_base32_secret_and_provisioning_uri" time="0.011" /><testcase classname="tests.test_mfa_bypass_hardening" name="test_mfa_secret_is_encrypted_at_rest" time="0.011" /><testcase classname="tests.test_mfa_bypass_hardening" name="test_mfa_verify_accepts_valid_totp_code" time="0.015" /><testcase classname="tests.test_mfa_bypass_hardening" name="test_mfa_verify_rejects_wrong_totp_code" time="0.013" /><testcase classname="tests.test_mfa_bypass_hardening" name="test_mfa_real_secret_bypasses_demo_mode" time="0.012" /><testcase classname="tests.test_mfa_bypass_hardening" name="test_mfa_disable_clears_secret" time="0.017" /><testcase classname="tests.test_mfa_bypass_hardening" name="test_mfa_only_totp_method_supported" time="0.008" /></testsuite></testsuites>