<?xml version="1.0" encoding="utf-8"?><testsuites name="pytest tests"><testsuite name="pytest" errors="0" failures="0" skipped="0" tests="8" time="4.123" timestamp="2026-06-30T20:16:08.780220+00:00" hostname="agent-env-f7939756-170e-482d-adc5-1a71ac872695"><testcase classname="backend.tests.test_sprint_new_features" name="test_diagnose_returns_causes_array" time="3.029" /><testcase classname="backend.tests.test_sprint_new_features" name="test_top_matches_present_and_ranked" time="0.062" /><testcase classname="backend.tests.test_sprint_new_features" name="test_book_specific_artisan_sets_en_route" time="0.108" /><testcase classname="backend.tests.test_sprint_new_features" name="test_book_unknown_artisan_returns_404" time="0.105" /><testcase classname="backend.tests.test_sprint_new_features" name="test_book_someone_elses_mission_returns_404" time="0.374" /><testcase classname="backend.tests.test_sprint_new_features" name="test_login_smoke" time="0.271" /><testcase classname="backend.tests.test_sprint_new_features" name="test_artisans_plombier" time="0.049" /><testcase classname="backend.tests.test_sprint_new_features" name="test_bookings_mine" time="0.053" /></testsuite></testsuites>