<?xml version="1.0" encoding="utf-8"?><testsuites name="pytest tests"><testsuite name="pytest" errors="0" failures="0" skipped="0" tests="21" time="7.763" timestamp="2026-08-19T16:02:31.963926+00:00" hostname="agent-env-92625e3a-3dc2-4d39-b8b8-0d15ea5c373b"><testcase classname="tests.test_sprint1_b2_emails_integration.TestRegisterWelcomeEmail" name="test_register_returns_200_with_token" time="0.551" /><testcase classname="tests.test_sprint1_b2_emails_integration.TestRegisterWelcomeEmail" name="test_register_not_blocked_when_email_fails" time="0.394" /><testcase classname="tests.test_sprint1_b2_emails_integration.TestRegisterWelcomeEmail" name="test_register_duplicate_email_rejected_no_mail" time="0.448" /><testcase classname="tests.test_sprint1_b2_emails_integration.TestPasswordResetFlow" name="test_forgot_returns_ok_for_unknown_email" time="0.077" /><testcase classname="tests.test_sprint1_b2_emails_integration.TestPasswordResetFlow" name="test_forgot_returns_ok_for_known_email" time="0.182" /><testcase classname="tests.test_sprint1_b2_emails_integration.TestPasswordResetFlow" name="test_forgot_invalid_email_format_rejected" time="0.078" /><testcase classname="tests.test_sprint1_b2_emails_integration.TestPasswordResetFlow" name="test_reset_full_flow" time="3.147" /><testcase classname="tests.test_sprint1_b2_emails_integration.TestPasswordResetFlow" name="test_reset_unknown_token_400" time="0.069" /><testcase classname="tests.test_sprint1_b2_emails_integration.TestPasswordResetFlow" name="test_reset_expired_token_400" time="0.462" /><testcase classname="tests.test_sprint1_b2_emails_integration.TestPasswordResetFlow" name="test_forgot_token_is_hashed_not_plaintext" time="0.556" /><testcase classname="tests.test_sprint1_b2_emails_integration.TestBookingEmails" name="test_booking_returns_200_and_is_not_blocking" time="0.490" /><testcase classname="tests.test_sprint1_b2_emails_integration.TestAuthNonRegression" name="test_login_client_test_still_works" time="0.312" /><testcase classname="tests.test_sprint1_b2_emails_integration.TestAuthNonRegression" name="test_me_endpoint_still_works" time="0.371" /><testcase classname="tests.test_sprint1_b2_emails_integration.TestAuthNonRegression" name="test_login_wrong_password_401" time="0.317" /><testcase classname="tests.test_sprint1_b2_emails_integration.TestEmailGuardrailSecurity" name="test_gate_rejects_input_field" time="0.005" /><testcase classname="tests.test_sprint1_b2_emails_integration.TestEmailGuardrailSecurity" name="test_gate_rejects_textarea" time="0.004" /><testcase classname="tests.test_sprint1_b2_emails_integration.TestEmailGuardrailSecurity" name="test_gate_rejects_http_link" time="0.004" /><testcase classname="tests.test_sprint1_b2_emails_integration.TestEmailGuardrailSecurity" name="test_gate_rejects_shortener_bitly" time="0.004" /><testcase classname="tests.test_sprint1_b2_emails_integration.TestEmailGuardrailSecurity" name="test_gate_rejects_anchor_spoofing" time="0.004" /><testcase classname="tests.test_sprint1_b2_emails_integration.TestEmailGuardrailSecurity" name="test_gate_rejects_credential_ask" time="0.004" /><testcase classname="tests.test_sprint1_b2_emails_integration.TestEmailGuardrailSecurity" name="test_gate_accepts_clean_faqtotum_templates" time="0.007" /></testsuite></testsuites>