<?xml version="1.0" encoding="utf-8"?><testsuites name="pytest tests"><testsuite name="pytest" errors="0" failures="0" skipped="0" tests="35" time="12.287" timestamp="2026-08-19T16:03:52.129679+00:00" hostname="agent-env-92625e3a-3dc2-4d39-b8b8-0d15ea5c373b"><testcase classname="tests.test_sprint14_p1_bloc2_users" name="test_patch_me_updates_name" time="0.373" /><testcase classname="tests.test_sprint14_p1_bloc2_users" name="test_patch_me_rejects_invalid_phone" time="0.029" /><testcase classname="tests.test_sprint14_p1_bloc2_users" name="test_patch_me_ignores_unknown_fields" time="0.093" /><testcase classname="tests.test_sprint14_p1_bloc2_users" name="test_patch_me_requires_auth" time="0.027" /><testcase classname="tests.test_sprint14_p1_bloc2_users" name="test_notif_prefs_defaults" time="0.027" /><testcase classname="tests.test_sprint14_p1_bloc2_users" name="test_notif_prefs_roundtrip" time="0.072" /><testcase classname="tests.test_sprint14_p1_bloc2_users" name="test_pm_create_list_delete" time="0.093" /><testcase classname="tests.test_sprint14_p1_bloc2_users" name="test_pm_delete_foreign_returns_404" time="0.373" /><testcase classname="tests.test_sprint14_p1_bloc2_users" name="test_pm_last4_truncated_server_side" time="0.072" /><testcase classname="tests.test_sprint14_p1_bloc2_users" name="test_pm_unknown_brand_defaults_to_other" time="0.071" /><testcase classname="tests.test_sprint14_p1_bloc2_users" name="test_pm_requires_auth" time="0.053" /><testcase classname="tests.test_sprint14_bloc2_smoke" name="test_1_patch_me_name" time="0.372" /><testcase classname="tests.test_sprint14_bloc2_smoke" name="test_2_no_privilege_escalation" time="0.095" /><testcase classname="tests.test_sprint14_bloc2_smoke" name="test_3_phone_sanitization" time="0.028" /><testcase classname="tests.test_sprint14_bloc2_smoke" name="test_4_patch_requires_auth" time="0.032" /><testcase classname="tests.test_sprint14_bloc2_smoke" name="test_5_get_notifications" time="0.027" /><testcase classname="tests.test_sprint14_bloc2_smoke" name="test_6_notifications_persistence" time="0.073" /><testcase classname="tests.test_sprint14_bloc2_smoke" name="test_7_create_pm" time="0.071" /><testcase classname="tests.test_sprint14_bloc2_smoke" name="test_8_list_pm" time="0.097" /><testcase classname="tests.test_sprint14_bloc2_smoke" name="test_9_normalization" time="0.072" /><testcase classname="tests.test_sprint14_bloc2_smoke" name="test_10_ownership_404" time="0.372" /><testcase classname="tests.test_sprint14_bloc2_smoke" name="test_11_pm_requires_auth" time="0.025" /><testcase classname="tests.test_security_sprint" name="test_sessions_listed" time="0.571" /><testcase classname="tests.test_security_sprint" name="test_security_overview" time="0.162" /><testcase classname="tests.test_security_sprint" name="test_revoke_others" time="2.792" /><testcase classname="tests.test_security_sprint" name="test_audit_log_records_login" time="0.132" /><testcase classname="tests.test_security_sprint" name="test_audit_denies_others_verification" time="0.541" /><testcase classname="tests.test_security_sprint" name="test_gdpr_consents_crud" time="0.403" /><testcase classname="tests.test_security_sprint" name="test_gdpr_export" time="0.469" /><testcase classname="tests.test_security_sprint" name="test_mfa_flow" time="0.839" /><testcase classname="tests.test_security_sprint" name="test_password_change_wrong_current" time="0.393" /><testcase classname="tests.test_security_sprint" name="test_password_change_short" time="0.357" /><testcase classname="tests.test_security_sprint" name="test_roles_endpoint" time="0.170" /><testcase classname="tests.test_security_sprint" name="test_admin_sessions_forbidden_for_client" time="0.134" /><testcase classname="tests.test_security_sprint" name="test_brute_force_lockout" time="2.670" /></testsuite></testsuites>