<?xml version="1.0" encoding="utf-8"?><testsuites name="pytest tests"><testsuite name="pytest" errors="0" failures="0" skipped="0" tests="437" time="152.228" timestamp="2026-07-16T23:09:54.822797+00:00" hostname="agent-env-92625e3a-3dc2-4d39-b8b8-0d15ea5c373b"><testcase classname="tests.test_chief_ai_sprint.TestMissionStandard" name="test_status_and_mode" time="0.630" /><testcase classname="tests.test_chief_ai_sprint.TestMissionStandard" name="test_top_matches_present_and_shape" time="0.003" /><testcase classname="tests.test_chief_ai_sprint.TestMissionStandard" name="test_match_label_is_french" time="0.003" /><testcase classname="tests.test_chief_ai_sprint.TestMissionStandard" name="test_best_pro_first" time="0.003" /><testcase classname="tests.test_chief_ai_sprint.TestMissionEmergency" name="test_mode_and_status" time="0.054" /><testcase classname="tests.test_chief_ai_sprint.TestMissionEmergency" name="test_notified_pros_populated_and_capped" time="0.003" /><testcase classname="tests.test_chief_ai_sprint.TestRefuseConfirm" name="test_refuse_advances_to_next_candidate_with_reasons" time="0.121" /><testcase classname="tests.test_chief_ai_sprint.TestRefuseConfirm" name="test_refuse_exhausts_to_no_pro" time="0.202" /><testcase classname="tests.test_chief_ai_sprint.TestRefuseConfirm" name="test_confirm_sets_en_route_with_eta" time="0.101" /><testcase classname="tests.test_chief_ai_sprint.TestProAccept" name="test_first_pro_accept_succeeds" time="0.097" /><testcase classname="tests.test_chief_ai_sprint.TestProAccept" name="test_second_pro_accept_returns_409" time="0.141" /><testcase classname="tests.test_chief_ai_sprint.TestProAccept" name="test_non_notified_pro_returns_403" time="0.142" /><testcase classname="tests.test_chief_ai_sprint.TestProAccept" name="test_non_emergency_mission_returns_400" time="0.094" /><testcase classname="tests.test_chief_ai_sprint.TestProAccept" name="test_unknown_mission_returns_404" time="0.050" /><testcase classname="tests.test_chief_ai_sprint.TestAvailability" name="test_availability_shape_and_slots" time="0.103" /><testcase classname="tests.test_chief_ai_sprint.TestAvailability" name="test_availability_404_unknown" time="0.061" /><testcase classname="tests.test_chief_ai_sprint.TestCalendarConnect" name="test_connect_google_mock" time="0.423" /><testcase classname="tests.test_chief_ai_sprint.TestCalendarConnect" name="test_connect_invalid_provider_400" time="0.049" /><testcase classname="tests.test_chief_ai_sprint.TestCalendarConnect" name="test_connect_without_artisan_profile_404" time="0.049" /><testcase classname="tests.test_chief_ai_sprint.TestCompleteMission" name="test_complete_returns_ids" time="0.155" /><testcase classname="tests.test_chief_ai_sprint.TestCompleteMission" name="test_invoice_created_and_listed" time="0.052" /><testcase classname="tests.test_chief_ai_sprint.TestCompleteMission" name="test_guarantee_created_and_listed_12_months" time="0.058" /><testcase classname="tests.test_chief_ai_sprint.TestCompleteMission" name="test_passport_history_entry_added" time="0.052" /><testcase classname="tests.test_chief_ai_sprint.TestHomePassport" name="test_get_home_passport_returns_shape" time="0.048" /><testcase classname="tests.test_chief_ai_sprint.TestHomePassport" name="test_add_equipment_persists" time="0.102" /><testcase classname="tests.test_chief_ai_sprint.TestHomePassport" name="test_unauthenticated_returns_401" time="0.137" /><testcase classname="tests.test_chief_ai_sprint.TestRegression" name="test_login" time="0.292" /><testcase classname="tests.test_chief_ai_sprint.TestRegression" name="test_categories" time="0.049" /><testcase classname="tests.test_chief_ai_sprint.TestRegression" name="test_artisans_list" time="0.055" /><testcase classname="tests.test_chief_ai_sprint.TestRegression" name="test_artisans_filter" time="0.047" /><testcase classname="tests.test_chief_ai_sprint.TestRegression" name="test_bookings_mine" time="0.066" /><testcase classname="tests.test_chief_ai_sprint.TestRegression" name="test_create_booking_and_review" time="0.097" /><testcase classname="tests.test_chief_ai_sprint.TestRegression" name="test_conversations_mine" time="0.050" /><testcase classname="tests.test_chief_ai_sprint.TestRegression" name="test_ai_diagnose_auth_gating" time="0.053" /><testcase classname="tests.test_concierge.TestConciergeUnit" name="test_initial_greeting_deterministic" time="0.003" /><testcase classname="tests.test_concierge.TestConciergeUnit" name="test_new_session_id_format" time="0.003" /><testcase classname="tests.test_concierge.TestConciergeUnit" name="test_augment_safety_gas_smell" time="0.003" /><testcase classname="tests.test_concierge.TestConciergeUnit" name="test_augment_safety_electrocution" time="0.002" /><testcase classname="tests.test_concierge.TestConciergeUnit" name="test_augment_safety_dedup" time="0.003" /><testcase classname="tests.test_concierge.TestConciergeUnit" name="test_augment_safety_no_trigger" time="0.003" /><testcase classname="tests.test_concierge.TestConciergeUnit" name="test_sanitize_bad_urgency_and_confidence" time="0.002" /><testcase classname="tests.test_concierge.TestConciergeUnit" name="test_sanitize_defaults_fill" time="0.003" /><testcase classname="tests.test_concierge.TestConciergeUnit" name="test_sanitize_augments_safety_from_user_text" time="0.003" /><testcase classname="tests.test_concierge.TestConciergeLifecycle" name="test_start_persists_greeting_turn" time="0.448" /><testcase classname="tests.test_concierge.TestConciergeLifecycle" name="test_get_foreign_session_404" time="0.343" /><testcase classname="tests.test_concierge.TestConciergeLifecycle" name="test_delete_foreign_session_404" time="0.055" /><testcase classname="tests.test_concierge.TestConciergeLifecycle" name="test_message_gas_smell_triggers_safety" time="4.856" /><testcase classname="tests.test_concierge.TestConciergeLifecycle" name="test_message_appends_turns" time="0.059" /><testcase classname="tests.test_concierge.TestConciergeLifecycle" name="test_list_sessions_contains_this_one" time="0.058" /><testcase classname="tests.test_concierge.TestConciergeLifecycle" name="test_video_placeholder" time="0.112" /><testcase classname="tests.test_concierge.TestConciergeLifecycle" name="test_finish_completes_session" time="0.118" /><testcase classname="tests.test_concierge.TestConciergeLifecycle" name="test_message_after_finish_400" time="0.056" /><testcase classname="tests.test_concierge.TestConciergeLifecycle" name="test_finish_idempotent" time="0.056" /><testcase classname="tests.test_concierge.TestConciergeLifecycle" name="test_delete_own_session" time="0.115" /><testcase classname="tests.test_concierge.TestMultiTurnMemory" name="test_memory_boiler_context" time="8.847" /><testcase classname="tests.test_concierge.TestAuthGuards" name="test_start_unauth_401" time="0.055" /><testcase classname="tests.test_concierge.TestAuthGuards" name="test_list_unauth_401" time="0.054" /><testcase classname="tests.test_concierge.TestAuthGuards" name="test_get_missing_404" time="0.053" /><testcase classname="tests.test_enterprise_sprint.TestEnterpriseModule" name="test_account_types_length" time="0.003" /><testcase classname="tests.test_enterprise_sprint.TestEnterpriseModule" name="test_org_types_length" time="0.003" /><testcase classname="tests.test_enterprise_sprint.TestEnterpriseModule" name="test_team_roles_length" time="0.003" /><testcase classname="tests.test_enterprise_sprint.TestEnterpriseModule" name="test_permissions_owner_largest" time="0.003" /><testcase classname="tests.test_enterprise_sprint.TestEnterpriseModule" name="test_permissions_viewer_empty" time="0.003" /><testcase classname="tests.test_enterprise_sprint.TestEnterpriseModule" name="test_work_order_statuses" time="0.003" /><testcase classname="tests.test_enterprise_sprint.TestEnterpriseModule" name="test_work_order_transitions" time="0.003" /><testcase classname="tests.test_enterprise_sprint.TestEnterpriseModule" name="test_has_permission" time="0.003" /><testcase classname="tests.test_enterprise_sprint.TestEnterpriseMeta" name="test_roles_capabilities" time="0.171" /><testcase classname="tests.test_enterprise_sprint.TestEnterpriseMeta" name="test_account_types" time="0.067" /><testcase classname="tests.test_enterprise_sprint.TestOrganizationsCRUD" name="test_create_org_invalid_type_400" time="0.373" /><testcase classname="tests.test_enterprise_sprint.TestOrganizationsCRUD" name="test_create_org_valid_and_persists" time="0.151" /><testcase classname="tests.test_enterprise_sprint.TestOrganizationsCRUD" name="test_seed_org_owner_role" time="0.068" /><testcase classname="tests.test_enterprise_sprint.TestOrganizationsCRUD" name="test_patch_org_invalid_type_400" time="0.070" /><testcase classname="tests.test_enterprise_sprint.TestOrganizationsCRUD" name="test_patch_org_updates_only_allowed_fields" time="0.071" /><testcase classname="tests.test_enterprise_sprint.TestOrganizationsCRUD" name="test_patch_org_non_owner_403" time="0.359" /><testcase classname="tests.test_enterprise_sprint.TestOrgMembers" name="test_list_members_forbids_non_member" time="0.071" /><testcase classname="tests.test_enterprise_sprint.TestOrgMembers" name="test_list_members_owner_ok" time="0.065" /><testcase classname="tests.test_enterprise_sprint.TestOrgMembers" name="test_invite_invalid_role_400" time="0.071" /><testcase classname="tests.test_enterprise_sprint.TestOrgMembers" name="test_invite_owner_role_400" time="0.073" /><testcase classname="tests.test_enterprise_sprint.TestOrgMembers" name="test_invite_known_email_becomes_active" time="0.066" /><testcase classname="tests.test_enterprise_sprint.TestOrgMembers" name="test_invite_unknown_email_becomes_invited" time="0.069" /><testcase classname="tests.test_enterprise_sprint.TestOrgMembers" name="test_invite_without_permission_403" time="0.003" /><testcase classname="tests.test_enterprise_sprint.TestOrgMembers" name="test_update_role_invalid_400" time="0.067" /><testcase classname="tests.test_enterprise_sprint.TestOrgMembers" name="test_update_role_owner_400" time="0.070" /><testcase classname="tests.test_enterprise_sprint.TestOrgMembers" name="test_update_role_downgrade_to_viewer" time="0.066" /><testcase classname="tests.test_enterprise_sprint.TestOrgMembers" name="test_viewer_cannot_invite_403" time="0.069" /><testcase classname="tests.test_enterprise_sprint.TestOrgMembers" name="test_viewer_cannot_update_role_403" time="0.066" /><testcase classname="tests.test_enterprise_sprint.TestOrgMembers" name="test_viewer_cannot_remove_member_403" time="0.066" /><testcase classname="tests.test_enterprise_sprint.TestOrgMembers" name="test_owner_can_remove" time="0.068" /><testcase classname="tests.test_enterprise_sprint.TestOrgProperties" name="test_link_property_not_owned_404" time="0.090" /><testcase classname="tests.test_enterprise_sprint.TestOrgProperties" name="test_link_property_without_permission_403" time="0.065" /><testcase classname="tests.test_enterprise_sprint.TestOrgProperties" name="test_seed_org_lists_property" time="0.083" /><testcase classname="tests.test_enterprise_sprint.TestWorkOrders" name="test_create_wo_invalid_priority_400" time="0.067" /><testcase classname="tests.test_enterprise_sprint.TestWorkOrders" name="test_create_wo_no_permission_403" time="0.067" /><testcase classname="tests.test_enterprise_sprint.TestWorkOrders" name="test_owner_creates_in_draft" time="0.069" /><testcase classname="tests.test_enterprise_sprint.TestWorkOrders" name="test_employee_creates_in_pending_approval" time="0.199" /><testcase classname="tests.test_enterprise_sprint.TestWorkOrders" name="test_list_all_my_orgs_no_filter" time="0.071" /><testcase classname="tests.test_enterprise_sprint.TestWorkOrders" name="test_list_status_invalid_400" time="0.069" /><testcase classname="tests.test_enterprise_sprint.TestWorkOrders" name="test_list_filter_org_not_member_403" time="0.131" /><testcase classname="tests.test_enterprise_sprint.TestWorkOrders" name="test_get_wo_404" time="0.069" /><testcase classname="tests.test_enterprise_sprint.TestWorkOrders" name="test_get_wo_non_member_403" time="0.132" /><testcase classname="tests.test_enterprise_sprint.TestWorkOrders" name="test_transition_invalid_status_400" time="0.073" /><testcase classname="tests.test_enterprise_sprint.TestWorkOrders" name="test_transition_disallowed_by_workflow_400" time="0.065" /><testcase classname="tests.test_enterprise_sprint.TestWorkOrders" name="test_full_workflow_draft_to_completed" time="0.328" /><testcase classname="tests.test_enterprise_sprint.TestWorkOrders" name="test_transition_from_terminal_400" time="0.068" /><testcase classname="tests.test_enterprise_sprint.TestDashboardAnalyticsMap" name="test_dashboard_keys" time="0.082" /><testcase classname="tests.test_enterprise_sprint.TestDashboardAnalyticsMap" name="test_dashboard_non_member_403" time="0.070" /><testcase classname="tests.test_enterprise_sprint.TestDashboardAnalyticsMap" name="test_analytics_keys" time="0.073" /><testcase classname="tests.test_enterprise_sprint.TestDashboardAnalyticsMap" name="test_map" time="0.069" /><testcase classname="tests.test_enterprise_sprint.TestOrgDocuments" name="test_upload_invalid_category_400" time="0.069" /><testcase classname="tests.test_enterprise_sprint.TestOrgDocuments" name="test_upload_ok_all_categories" time="0.588" /><testcase classname="tests.test_enterprise_sprint.TestOrgDocuments" name="test_upload_without_permission_403" time="0.066" /><testcase classname="tests.test_enterprise_sprint.TestOrgDocuments" name="test_list_filter_invalid_category_400" time="0.072" /><testcase classname="tests.test_enterprise_sprint.TestOrgDocuments" name="test_list_filter_ok" time="0.069" /><testcase classname="tests.test_enterprise_sprint.TestOrgDocuments" name="test_delete_document_owner_ok" time="0.070" /><testcase classname="tests.test_enterprise_sprint.TestIntegrations" name="test_catalog_shape" time="0.073" /><testcase classname="tests.test_enterprise_sprint.TestIntegrations" name="test_configure_unknown_key_400" time="0.075" /><testcase classname="tests.test_enterprise_sprint.TestIntegrations" name="test_configure_without_permission_403" time="0.077" /><testcase classname="tests.test_enterprise_sprint.TestIntegrations" name="test_configure_owner_ok_status_coming_soon" time="0.133" /><testcase classname="tests.test_fintech_sprint" name="test_subscription_plans_public_no_leak" time="0.203" /><testcase classname="tests.test_fintech_sprint" name="test_future_features" time="0.056" /><testcase classname="tests.test_fintech_sprint" name="test_connect_onboard_non_artisan_403" time="0.338" /><testcase classname="tests.test_fintech_sprint" name="test_connect_onboard_artisan_ok_and_reuse" time="0.378" /><testcase classname="tests.test_fintech_sprint" name="test_connect_status_shapes" time="0.101" /><testcase classname="tests.test_fintech_sprint" name="test_payment_intent_and_duplicate" time="0.212" /><testcase classname="tests.test_fintech_sprint" name="test_mock_confirm_moves_state" time="0.207" /><testcase classname="tests.test_fintech_sprint" name="test_commission_precedence_global_then_promo_then_exemption" time="1.079" /><testcase classname="tests.test_fintech_sprint" name="test_release_state_machine_only_held" time="0.152" /><testcase classname="tests.test_fintech_sprint" name="test_freeze_authorization" time="0.688" /><testcase classname="tests.test_fintech_sprint" name="test_refund_from_held" time="0.324" /><testcase classname="tests.test_fintech_sprint" name="test_subscribe_starter_free" time="0.055" /><testcase classname="tests.test_fintech_sprint" name="test_subscribe_professional_paid" time="0.054" /><testcase classname="tests.test_fintech_sprint" name="test_subscribe_artisan_only" time="0.052" /><testcase classname="tests.test_fintech_sprint" name="test_subscription_cancel" time="0.108" /><testcase classname="tests.test_fintech_sprint" name="test_artisan_finance_shape" time="0.057" /><testcase classname="tests.test_fintech_sprint" name="test_artisan_finance_client_403" time="0.052" /><testcase classname="tests.test_fintech_sprint" name="test_admin_endpoints_non_admin_403" time="0.151" /><testcase classname="tests.test_fintech_sprint" name="test_admin_finance_overview" time="0.058" /><testcase classname="tests.test_fintech_sprint" name="test_admin_commissions_get_and_put" time="0.110" /><testcase classname="tests.test_fintech_sprint" name="test_admin_commission_rule_invalid_kind" time="0.056" /><testcase classname="tests.test_fintech_sprint" name="test_admin_commission_rule_create_and_deactivate" time="0.158" /><testcase classname="tests.test_fintech_sprint" name="test_admin_audit_logs" time="0.053" /><testcase classname="tests.test_fintech_sprint" name="test_webhook_idempotency" time="0.103" /><testcase classname="tests.test_fintech_sprint" name="test_smart_recommendations_no_subscription_bias" time="0.104" /><testcase classname="tests.test_fintech_sprint" name="test_matching_source_no_subscription_reference" time="0.003" /><testcase classname="tests.test_fintech_sprint" name="test_regression_properties_list" time="0.052" /><testcase classname="tests.test_fintech_sprint" name="test_regression_trust_endpoint" time="0.058" /><testcase classname="tests.test_growth_sprint.TestGrowthUnit" name="test_pro_level_bronze_minimum" time="0.003" /><testcase classname="tests.test_growth_sprint.TestGrowthUnit" name="test_pro_level_below_bronze_still_returns_bronze" time="0.002" /><testcase classname="tests.test_growth_sprint.TestGrowthUnit" name="test_pro_level_gold_seed_pro" time="0.003" /><testcase classname="tests.test_growth_sprint.TestGrowthUnit" name="test_pro_level_gold_when_thresholds_met" time="0.003" /><testcase classname="tests.test_growth_sprint.TestGrowthUnit" name="test_pro_level_elite_top" time="0.003" /><testcase classname="tests.test_growth_sprint.TestGrowthUnit" name="test_pro_level_progress_clamped" time="0.003" /><testcase classname="tests.test_growth_sprint.TestGrowthUnit" name="test_points_earn_table" time="0.003" /><testcase classname="tests.test_growth_sprint.TestGrowthUnit" name="test_loyalty_tier_mapping[0-member]" time="0.003" /><testcase classname="tests.test_growth_sprint.TestGrowthUnit" name="test_loyalty_tier_mapping[499-member]" time="0.003" /><testcase classname="tests.test_growth_sprint.TestGrowthUnit" name="test_loyalty_tier_mapping[500-silver]" time="0.002" /><testcase classname="tests.test_growth_sprint.TestGrowthUnit" name="test_loyalty_tier_mapping[1999-silver]" time="0.003" /><testcase classname="tests.test_growth_sprint.TestGrowthUnit" name="test_loyalty_tier_mapping[2000-gold]" time="0.003" /><testcase classname="tests.test_growth_sprint.TestGrowthUnit" name="test_loyalty_tier_mapping[4999-gold]" time="0.003" /><testcase classname="tests.test_growth_sprint.TestGrowthUnit" name="test_loyalty_tier_mapping[5000-platinum]" time="0.002" /><testcase classname="tests.test_growth_sprint.TestGrowthUnit" name="test_loyalty_tier_mapping[14999-platinum]" time="0.003" /><testcase classname="tests.test_growth_sprint.TestGrowthUnit" name="test_loyalty_tier_mapping[15000-vip]" time="0.003" /><testcase classname="tests.test_growth_sprint.TestGrowthUnit" name="test_loyalty_tier_mapping[999999-vip]" time="0.003" /><testcase classname="tests.test_growth_sprint.TestGrowthUnit" name="test_health_label[100-excellent]" time="0.003" /><testcase classname="tests.test_growth_sprint.TestGrowthUnit" name="test_health_label[90-excellent]" time="0.002" /><testcase classname="tests.test_growth_sprint.TestGrowthUnit" name="test_health_label[89-good]" time="0.002" /><testcase classname="tests.test_growth_sprint.TestGrowthUnit" name="test_health_label[75-good]" time="0.003" /><testcase classname="tests.test_growth_sprint.TestGrowthUnit" name="test_health_label[74-attention]" time="0.003" /><testcase classname="tests.test_growth_sprint.TestGrowthUnit" name="test_health_label[55-attention]" time="0.003" /><testcase classname="tests.test_growth_sprint.TestGrowthUnit" name="test_health_label[54-critical]" time="0.003" /><testcase classname="tests.test_growth_sprint.TestGrowthUnit" name="test_health_label[0-critical]" time="0.003" /><testcase classname="tests.test_growth_sprint.TestGrowthUnit" name="test_referral_code_deterministic" time="0.002" /><testcase classname="tests.test_growth_sprint.TestGrowthUnit" name="test_referral_code_unique_per_user" time="0.003" /><testcase classname="tests.test_growth_sprint.TestGrowthUnit" name="test_suggest_maintenance_unknown_category_returns_none" time="0.003" /><testcase classname="tests.test_growth_sprint.TestGrowthUnit" name="test_suggest_maintenance_boiler_12mo" time="0.003" /><testcase classname="tests.test_growth_sprint.TestGrowthUnit" name="test_suggest_maintenance_intervals[heat_pump-12]" time="0.003" /><testcase classname="tests.test_growth_sprint.TestGrowthUnit" name="test_suggest_maintenance_intervals[vmc-12]" time="0.003" /><testcase classname="tests.test_growth_sprint.TestGrowthUnit" name="test_suggest_maintenance_intervals[smoke_detector-12]" time="0.003" /><testcase classname="tests.test_growth_sprint.TestGrowthUnit" name="test_suggest_maintenance_intervals[water_heater-24]" time="0.003" /><testcase classname="tests.test_growth_sprint.TestGrowthUnit" name="test_suggest_maintenance_intervals[roof-24]" time="0.003" /><testcase classname="tests.test_growth_sprint.TestGrowthUnit" name="test_suggest_maintenance_intervals[solar-24]" time="0.003" /><testcase classname="tests.test_growth_sprint.TestGrowthUnit" name="test_suggest_maintenance_intervals[ev_charger-24]" time="0.003" /><testcase classname="tests.test_growth_sprint.TestGrowthUnit" name="test_suggest_maintenance_intervals[water_softener-6]" time="0.003" /><testcase classname="tests.test_growth_sprint.TestGrowthUnit" name="test_suggest_maintenance_intervals[panel-60]" time="0.003" /><testcase classname="tests.test_growth_sprint.TestGrowthUnit" name="test_suggest_maintenance_intervals[windows-60]" time="0.003" /><testcase classname="tests.test_growth_sprint.TestGrowthUnit" name="test_suggest_maintenance_intervals[doors-60]" time="0.002" /><testcase classname="tests.test_growth_sprint.TestTrustedPros" name="test_list_and_add_idempotent" time="0.544" /><testcase classname="tests.test_growth_sprint.TestTrustedPros" name="test_delete_trusted_pro" time="0.175" /><testcase classname="tests.test_growth_sprint.TestLoyalty" name="test_summary_schema" time="0.060" /><testcase classname="tests.test_growth_sprint.TestLoyalty" name="test_ledger_desc" time="0.055" /><testcase classname="tests.test_growth_sprint.TestLoyalty" name="test_redeem_unknown_reward_404" time="0.056" /><testcase classname="tests.test_growth_sprint.TestLoyalty" name="test_redeem_insufficient_400" time="0.108" /><testcase classname="tests.test_growth_sprint.TestLoyaltyHooks" name="test_property_creation_credits_50" time="0.302" /><testcase classname="tests.test_growth_sprint.TestReferrals" name="test_referrals_mine_deterministic_code" time="0.053" /><testcase classname="tests.test_growth_sprint.TestReferrals" name="test_referral_invalid_code_404" time="0.057" /><testcase classname="tests.test_growth_sprint.TestReferrals" name="test_referral_self_400" time="0.054" /><testcase classname="tests.test_growth_sprint.TestReferrals" name="test_referral_duplicate_conversion_400" time="0.336" /><testcase classname="tests.test_growth_sprint.TestProLevels" name="test_growth_levels_catalog" time="0.053" /><testcase classname="tests.test_growth_sprint.TestProLevels" name="test_artisan_level_endpoint" time="0.055" /><testcase classname="tests.test_growth_sprint.TestProLevels" name="test_artisan_level_404" time="0.057" /><testcase classname="tests.test_growth_sprint.TestGallery" name="test_client_cannot_post_gallery" time="0.067" /><testcase classname="tests.test_growth_sprint.TestGallery" name="test_pro_create_list_delete_gallery" time="0.174" /><testcase classname="tests.test_growth_sprint.TestPropertyHealth" name="test_property_health_endpoint" time="0.125" /><testcase classname="tests.test_growth_sprint.TestPropertyHealth" name="test_property_health_no_equipment_returns_demo" time="0.170" /><testcase classname="tests.test_growth_sprint.TestMaintenancePlanner" name="test_maintenance_plan_returns_sorted" time="0.059" /><testcase classname="tests.test_growth_sprint.TestMaintenancePlanner" name="test_generate_reminders_idempotent" time="0.109" /><testcase classname="tests.test_growth_sprint.TestBusiness" name="test_setup_invalid_type_400" time="0.056" /><testcase classname="tests.test_growth_sprint.TestBusiness" name="test_setup_and_get" time="0.109" /><testcase classname="tests.test_growth_sprint.TestBusiness" name="test_get_default_individual" time="0.117" /><testcase classname="tests.test_growth_sprint.TestFamily" name="test_invalid_role_400" time="0.059" /><testcase classname="tests.test_growth_sprint.TestFamily" name="test_invite_unknown_email_becomes_invited" time="0.109" /><testcase classname="tests.test_growth_sprint.TestFamily" name="test_invite_existing_user_becomes_active" time="0.115" /><testcase classname="tests.test_growth_sprint.TestFamily" name="test_list_members" time="0.055" /><testcase classname="tests.test_growth_sprint.TestFavourites" name="test_invalid_kind_query_400" time="0.057" /><testcase classname="tests.test_growth_sprint.TestFavourites" name="test_invalid_kind_post_400" time="0.056" /><testcase classname="tests.test_growth_sprint.TestFavourites" name="test_add_favourite_idempotent" time="0.162" /><testcase classname="tests.test_growth_sprint.TestFavourites" name="test_list_filter_by_kind" time="0.056" /><testcase classname="tests.test_growth_sprint.TestAnalytics" name="test_analytics_schema" time="0.097" /><testcase classname="tests.test_growth_sprint.TestAuthGuards" name="test_trusted_pros_unauth_401" time="0.052" /><testcase classname="tests.test_growth_sprint.TestAuthGuards" name="test_loyalty_summary_unauth_401" time="0.054" /><testcase classname="tests.test_growth_sprint.TestAuthGuards" name="test_favourites_unauth_401" time="0.054" /><testcase classname="tests.test_home_os_passport.TestPropertyEnhancedFields" name="test_create_property_returns_all_new_fields" time="0.483" /><testcase classname="tests.test_home_os_passport.TestPropertyEnhancedFields" name="test_patch_updates_rooms_and_dpe" time="0.108" /><testcase classname="tests.test_home_os_passport.TestEquipmentAutoReminders" name="test_create_equipment_returns_auto_reminders_counter" time="0.069" /><testcase classname="tests.test_home_os_passport.TestEquipmentAutoReminders" name="test_reminders_endpoint_lists_auto_generated_entries" time="0.060" /><testcase classname="tests.test_home_os_passport.TestPropertyPassportShare" name="test_enable_share_returns_token_and_url" time="0.059" /><testcase classname="tests.test_home_os_passport.TestPropertyPassportShare" name="test_public_passport_no_auth_returns_property" time="0.105" /><testcase classname="tests.test_home_os_passport.TestPropertyPassportShare" name="test_disable_share_revokes_public_access" time="0.184" /><testcase classname="tests.test_home_os_passport.TestPropertyBudget" name="test_budget_shape" time="0.062" /><testcase classname="tests.test_home_os_passport.TestPropertyBudget" name="test_post_event_endpoint_exists" time="0.067" /><testcase classname="tests.test_home_os_passport.TestPropertyBudget" name="test_budget_reflects_new_event" time="0.121" /><testcase classname="tests.test_my_home.TestAuthGuards" name="test_list_properties_requires_auth" time="0.133" /><testcase classname="tests.test_my_home.TestAuthGuards" name="test_get_property_requires_auth" time="0.102" /><testcase classname="tests.test_my_home.TestAuthGuards" name="test_get_property_404_when_not_owner" time="0.435" /><testcase classname="tests.test_my_home.TestPropertiesCRUD" name="test_create_invalid_type_returns_400" time="0.106" /><testcase classname="tests.test_my_home.TestPropertiesCRUD" name="test_create_missing_name_returns_422" time="0.099" /><testcase classname="tests.test_my_home.TestPropertiesCRUD" name="test_create_and_get_property" time="0.333" /><testcase classname="tests.test_my_home.TestPropertiesCRUD" name="test_list_properties_has_counts" time="0.236" /><testcase classname="tests.test_my_home.TestPropertiesCRUD" name="test_patch_property" time="0.196" /><testcase classname="tests.test_my_home.TestPropertiesCRUD" name="test_delete_property_cascade" time="0.655" /><testcase classname="tests.test_my_home.TestEquipment" name="test_create_equipment" time="0.119" /><testcase classname="tests.test_my_home.TestEquipment" name="test_list_equipment" time="0.103" /><testcase classname="tests.test_my_home.TestEquipment" name="test_get_equipment" time="0.103" /><testcase classname="tests.test_my_home.TestEquipment" name="test_patch_equipment" time="0.112" /><testcase classname="tests.test_my_home.TestEquipment" name="test_invalid_status_returns_400" time="0.103" /><testcase classname="tests.test_my_home.TestDocuments" name="test_create_document" time="0.103" /><testcase classname="tests.test_my_home.TestDocuments" name="test_invalid_category_returns_400" time="0.110" /><testcase classname="tests.test_my_home.TestDocuments" name="test_list_documents" time="0.102" /><testcase classname="tests.test_my_home.TestDocuments" name="test_delete_document" time="0.103" /><testcase classname="tests.test_my_home.TestReminders" name="test_create_reminder_upcoming" time="0.105" /><testcase classname="tests.test_my_home.TestReminders" name="test_create_reminder_due_auto_flag" time="0.222" /><testcase classname="tests.test_my_home.TestReminders" name="test_patch_reminder_done" time="0.114" /><testcase classname="tests.test_my_home.TestReminders" name="test_invalid_status" time="0.108" /><testcase classname="tests.test_my_home.TestReminders" name="test_delete_reminder" time="0.108" /><testcase classname="tests.test_my_home.TestTimeline" name="test_timeline_structure" time="0.117" /><testcase classname="tests.test_my_home.TestInsights" name="test_insights_shape" time="0.128" /><testcase classname="tests.test_my_home.TestInsights" name="test_insights_demo_values_when_empty" time="0.326" /><testcase classname="tests.test_my_home.TestAICards" name="test_ai_cards" time="0.220" /><testcase classname="tests.test_phase2_features" name="test_booking_creates_conversation" time="0.931" /><testcase classname="tests.test_phase2_features" name="test_list_conversations_client" time="0.052" /><testcase classname="tests.test_phase2_features" name="test_list_conversations_artisan" time="0.057" /><testcase classname="tests.test_phase2_features" name="test_get_conversation_ok" time="0.050" /><testcase classname="tests.test_phase2_features" name="test_get_conversation_forbidden_for_outsider" time="0.330" /><testcase classname="tests.test_phase2_features" name="test_send_message_updates_last_message" time="0.202" /><testcase classname="tests.test_phase2_features" name="test_send_message_forbidden" time="0.330" /><testcase classname="tests.test_phase2_features" name="test_review_requires_completed" time="0.158" /><testcase classname="tests.test_phase2_features" name="test_client_reviews_artisan_and_rating_updates" time="0.242" /><testcase classname="tests.test_phase2_features" name="test_artisan_reviews_client_mutual" time="0.050" /><testcase classname="tests.test_phase2_features" name="test_bookings_mine_includes_reviewed_and_conv_id" time="0.060" /><testcase classname="tests.test_phase2_features" name="test_bookings_received_includes_reviewed_and_conv_id" time="0.063" /><testcase classname="tests.test_phase2_features" name="test_filter_max_rate" time="0.052" /><testcase classname="tests.test_phase2_features" name="test_filter_min_rating" time="0.094" /><testcase classname="tests.test_phase2_features" name="test_filter_sort_rate_asc" time="0.054" /><testcase classname="tests.test_phase2_features" name="test_filter_distance" time="0.049" /><testcase classname="tests.test_phase2_features" name="test_filter_available" time="0.059" /><testcase classname="tests.test_phase3_ai_missions" name="test_diagnose_unauthenticated" time="0.154" /><testcase classname="tests.test_phase3_ai_missions" name="test_diagnose_text_only_returns_valid_schema" time="2.374" /><testcase classname="tests.test_phase3_ai_missions" name="test_diagnose_picks_relevant_trade" time="0.003" /><testcase classname="tests.test_phase3_ai_missions" name="test_transcribe_unauthenticated" time="0.054" /><testcase classname="tests.test_phase3_ai_missions" name="test_create_mission_shape" time="0.053" /><testcase classname="tests.test_phase3_ai_missions" name="test_mission_refuse_advances_and_exhausts" time="0.264" /><testcase classname="tests.test_phase3_ai_missions" name="test_mission_confirm_sets_en_route" time="0.052" /><testcase classname="tests.test_phase3_ai_missions" name="test_mission_get_returns_live_position" time="0.051" /><testcase classname="tests.test_phase3_ai_missions" name="test_mission_complete" time="0.107" /><testcase classname="tests.test_phase3_ai_missions" name="test_missions_mine_lists_own" time="0.101" /><testcase classname="tests.test_phase3_ai_missions" name="test_other_user_cannot_get_mission" time="0.354" /><testcase classname="tests.test_phase3_ai_missions" name="test_other_user_cannot_confirm_mission" time="0.051" /><testcase classname="tests.test_phase3_ai_missions" name="test_other_user_cannot_refuse_mission" time="0.057" /><testcase classname="tests.test_phase3_ai_missions" name="test_login_smoke" time="0.276" /><testcase classname="tests.test_phase3_ai_missions" name="test_artisans_filter_plombier" time="0.049" /><testcase classname="tests.test_pro_hub.TestProHubModule" name="test_academy_categories_shape" time="0.003" /><testcase classname="tests.test_pro_hub.TestProHubModule" name="test_academy_cards_all_coming_soon" time="0.003" /><testcase classname="tests.test_pro_hub.TestProHubModule" name="test_marketing_modules_count" time="0.003" /><testcase classname="tests.test_pro_hub.TestProHubModule" name="test_coach_returns_max_6_sorted_by_impact_desc" time="0.003" /><testcase classname="tests.test_pro_hub.TestProHubModule" name="test_coach_adds_milestone_for_next_badge" time="0.003" /><testcase classname="tests.test_pro_hub.TestProHubModule" name="test_coach_milestone_100" time="0.003" /><testcase classname="tests.test_pro_hub.TestProHubModule" name="test_coach_milestone_500" time="0.003" /><testcase classname="tests.test_pro_hub.TestProHubModule" name="test_coach_milestone_1000" time="0.002" /><testcase classname="tests.test_pro_hub.TestProHubModule" name="test_coach_no_milestone_beyond_1000" time="0.003" /><testcase classname="tests.test_pro_hub.TestProHubModule" name="test_coach_adds_trust_90_when_below" time="0.002" /><testcase classname="tests.test_pro_hub.TestProHubModule" name="test_coach_omits_trust_90_when_already_high" time="0.002" /><testcase classname="tests.test_pro_hub.TestProHubModule" name="test_coach_ignores_high_scoring_factors" time="0.003" /><testcase classname="tests.test_pro_hub.TestProHubModule" name="test_profile_completion_bounds_and_shape" time="0.003" /><testcase classname="tests.test_pro_hub.TestProHubModule" name="test_profile_completion_full" time="0.003" /><testcase classname="tests.test_pro_hub.TestProDashboard" name="test_dashboard_ok_for_pro" time="0.444" /><testcase classname="tests.test_pro_hub.TestProDashboard" name="test_dashboard_forbidden_for_client" time="0.465" /><testcase classname="tests.test_pro_hub.TestProProfileEnrichment" name="test_patch_profile_enriches_and_computes_completion" time="0.107" /><testcase classname="tests.test_pro_hub.TestProProfileEnrichment" name="test_patch_profile_forbidden_for_client" time="0.193" /><testcase classname="tests.test_pro_hub.TestProCoach" name="test_coach_endpoint_shape" time="0.105" /><testcase classname="tests.test_pro_hub.TestProCoach" name="test_coach_forbidden_for_client" time="0.095" /><testcase classname="tests.test_pro_hub.TestProInsights" name="test_insights_shape" time="0.115" /><testcase classname="tests.test_pro_hub.TestProInsights" name="test_insights_forbidden_for_client" time="0.123" /><testcase classname="tests.test_pro_hub.TestCommunity" name="test_feed_returns_liked_bookmarked_flags" time="0.110" /><testcase classname="tests.test_pro_hub.TestCommunity" name="test_feed_kind_invalid_400" time="0.105" /><testcase classname="tests.test_pro_hub.TestCommunity" name="test_feed_kind_valid_ok" time="0.102" /><testcase classname="tests.test_pro_hub.TestCommunity" name="test_client_cannot_create_post" time="0.111" /><testcase classname="tests.test_pro_hub.TestCommunity" name="test_create_post_invalid_kind" time="0.103" /><testcase classname="tests.test_pro_hub.TestCommunity" name="test_create_post_ok_with_author_enrichment_and_caps" time="0.104" /><testcase classname="tests.test_pro_hub.TestCommunity" name="test_like_toggle_idempotent_updates_count" time="0.555" /><testcase classname="tests.test_pro_hub.TestCommunity" name="test_bookmark_toggle_idempotent" time="0.512" /><testcase classname="tests.test_pro_hub.TestCommunity" name="test_comments_increment_count_and_ordered" time="0.591" /><testcase classname="tests.test_pro_hub.TestCommunity" name="test_follow_self_400" time="0.231" /><testcase classname="tests.test_pro_hub.TestCommunity" name="test_follow_toggle_idempotent" time="0.324" /><testcase classname="tests.test_pro_hub.TestAcademy" name="test_categories_endpoint" time="0.095" /><testcase classname="tests.test_pro_hub.TestAcademy" name="test_cards_endpoint" time="0.112" /><testcase classname="tests.test_pro_hub.TestAcademy" name="test_cards_category_filter" time="0.131" /><testcase classname="tests.test_pro_hub.TestAcademy" name="test_cards_unknown_category_empty" time="0.111" /><testcase classname="tests.test_pro_hub.TestMarketing" name="test_modules_returns_5" time="0.120" /><testcase classname="tests.test_pro_hub.TestMarketing" name="test_interest_unknown_module_400" time="0.103" /><testcase classname="tests.test_pro_hub.TestMarketing" name="test_interest_upsert_idempotent" time="0.214" /><testcase classname="tests.test_pro_hub.TestGalleryPatch" name="test_patch_gallery_project" time="0.224" /><testcase classname="tests.test_proconnect_api" name="test_root" time="68.199" /><testcase classname="tests.test_proconnect_api" name="test_register_duplicate" time="0.330" /><testcase classname="tests.test_proconnect_api" name="test_login_ok" time="0.278" /><testcase classname="tests.test_proconnect_api" name="test_login_bad" time="0.275" /><testcase classname="tests.test_proconnect_api" name="test_me_with_token" time="0.052" /><testcase classname="tests.test_proconnect_api" name="test_me_no_token" time="0.044" /><testcase classname="tests.test_proconnect_api" name="test_protected_no_token" time="0.132" /><testcase classname="tests.test_proconnect_api" name="test_categories" time="0.048" /><testcase classname="tests.test_proconnect_api" name="test_top_artisans" time="0.050" /><testcase classname="tests.test_proconnect_api" name="test_filter_category" time="0.047" /><testcase classname="tests.test_proconnect_api" name="test_search_q" time="0.045" /><testcase classname="tests.test_proconnect_api" name="test_get_artisan_by_id" time="0.112" /><testcase classname="tests.test_proconnect_api" name="test_get_artisan_404" time="0.045" /><testcase classname="tests.test_proconnect_api" name="test_client_cannot_create_profile" time="0.047" /><testcase classname="tests.test_proconnect_api" name="test_artisan_profile_flow" time="0.460" /><testcase classname="tests.test_proconnect_api" name="test_booking_full_flow" time="0.394" /><testcase classname="tests.test_proconnect_api" name="test_booking_invalid_artisan" time="0.048" /><testcase classname="tests.test_proconnect_api" name="test_logout" time="0.374" /><testcase classname="tests.test_security_sprint" name="test_sessions_listed" time="0.538" /><testcase classname="tests.test_security_sprint" name="test_security_overview" time="0.106" /><testcase classname="tests.test_security_sprint" name="test_revoke_others" time="1.568" /><testcase classname="tests.test_security_sprint" name="test_audit_log_records_login" time="0.104" /><testcase classname="tests.test_security_sprint" name="test_audit_denies_others_verification" time="0.424" /><testcase classname="tests.test_security_sprint" name="test_gdpr_consents_crud" time="0.230" /><testcase classname="tests.test_security_sprint" name="test_gdpr_export" time="0.160" /><testcase classname="tests.test_security_sprint" name="test_mfa_flow" time="0.543" /><testcase classname="tests.test_security_sprint" name="test_password_change_wrong_current" time="0.333" /><testcase classname="tests.test_security_sprint" name="test_password_change_short" time="0.354" /><testcase classname="tests.test_security_sprint" name="test_roles_endpoint" time="0.106" /><testcase classname="tests.test_security_sprint" name="test_admin_sessions_forbidden_for_client" time="0.101" /><testcase classname="tests.test_security_sprint" name="test_brute_force_lockout" time="2.247" /><testcase classname="tests.test_security_sprint_extra" name="test_delete_specific_session" time="1.425" /><testcase classname="tests.test_security_sprint_extra" name="test_overview_full_shape" time="0.797" /><testcase classname="tests.test_security_sprint_extra" name="test_audit_hides_hash_fields" time="0.796" /><testcase classname="tests.test_security_sprint_extra" name="test_audit_all_forbidden_for_client" time="0.448" /><testcase classname="tests.test_security_sprint_extra" name="test_gdpr_consents_defaults" time="0.794" /><testcase classname="tests.test_security_sprint_extra" name="test_gdpr_account_soft_delete" time="0.980" /><testcase classname="tests.test_security_sprint_extra" name="test_mfa_status_shape" time="0.789" /><testcase classname="tests.test_security_sprint_extra" name="test_roles_endpoint_returns_nine" time="0.451" /><testcase classname="tests.test_security_sprint_extra" name="test_password_change_success_and_revert" time="1.543" /><testcase classname="tests.test_security_sprint_extra" name="test_distributed_brute_force_by_ip" time="3.345" /><testcase classname="tests.test_sprint14_bloc2_smoke" name="test_1_patch_me_name" time="0.346" /><testcase classname="tests.test_sprint14_bloc2_smoke" name="test_2_no_privilege_escalation" time="0.077" /><testcase classname="tests.test_sprint14_bloc2_smoke" name="test_3_phone_sanitization" time="0.025" /><testcase classname="tests.test_sprint14_bloc2_smoke" name="test_4_patch_requires_auth" time="0.026" /><testcase classname="tests.test_sprint14_bloc2_smoke" name="test_5_get_notifications" time="0.025" /><testcase classname="tests.test_sprint14_bloc2_smoke" name="test_6_notifications_persistence" time="0.069" /><testcase classname="tests.test_sprint14_bloc2_smoke" name="test_7_create_pm" time="0.053" /><testcase classname="tests.test_sprint14_bloc2_smoke" name="test_8_list_pm" time="0.077" /><testcase classname="tests.test_sprint14_bloc2_smoke" name="test_9_normalization" time="0.052" /><testcase classname="tests.test_sprint14_bloc2_smoke" name="test_10_ownership_404" time="0.345" /><testcase classname="tests.test_sprint14_bloc2_smoke" name="test_11_pm_requires_auth" time="0.024" /><testcase classname="tests.test_sprint14_p1_bloc2_users" name="test_patch_me_updates_name" time="0.324" /><testcase classname="tests.test_sprint14_p1_bloc2_users" name="test_patch_me_rejects_invalid_phone" time="0.033" /><testcase classname="tests.test_sprint14_p1_bloc2_users" name="test_patch_me_ignores_unknown_fields" time="0.075" /><testcase classname="tests.test_sprint14_p1_bloc2_users" name="test_patch_me_requires_auth" time="0.023" /><testcase classname="tests.test_sprint14_p1_bloc2_users" name="test_notif_prefs_defaults" time="0.028" /><testcase classname="tests.test_sprint14_p1_bloc2_users" name="test_notif_prefs_roundtrip" time="0.072" /><testcase classname="tests.test_sprint14_p1_bloc2_users" name="test_pm_create_list_delete" time="0.078" /><testcase classname="tests.test_sprint14_p1_bloc2_users" name="test_pm_delete_foreign_returns_404" time="0.344" /><testcase classname="tests.test_sprint14_p1_bloc2_users" name="test_pm_last4_truncated_server_side" time="0.052" /><testcase classname="tests.test_sprint14_p1_bloc2_users" name="test_pm_unknown_brand_defaults_to_other" time="0.052" /><testcase classname="tests.test_sprint14_p1_bloc2_users" name="test_pm_requires_auth" time="0.050" /><testcase classname="tests.test_sprint14_p1_migration" name="test_root_ok" time="0.024" /><testcase classname="tests.test_sprint14_p1_migration" name="test_login_wrong_password_401" time="0.250" /><testcase classname="tests.test_sprint14_p1_migration" name="test_login_unknown_user_401" time="0.029" /><testcase classname="tests.test_sprint14_p1_migration" name="test_auth_me_without_token_401" time="0.024" /><testcase classname="tests.test_sprint14_p1_migration" name="test_auth_me_with_valid_token_200" time="0.272" /><testcase classname="tests.test_sprint14_p1_migration" name="test_auth_me_with_bad_token_401" time="0.024" /><testcase classname="tests.test_sprint14_p1_migration" name="test_logout_invalidates_session" time="0.051" /><testcase classname="tests.test_sprint14_p1_migration" name="test_security_overview_shape" time="0.277" /><testcase classname="tests.test_sprint14_p1_migration" name="test_security_sessions_lists_own" time="0.279" /><testcase classname="tests.test_sprint14_p1_migration" name="test_security_roles_shape" time="0.273" /><testcase classname="tests.test_sprint14_p1_migration" name="test_security_audit_lists_only_own_actor" time="0.298" /><testcase classname="tests.test_sprint14_p1_migration" name="test_security_audit_all_requires_admin" time="0.273" /><testcase classname="tests.test_sprint_new_features" name="test_diagnose_returns_causes_array" time="2.145" /><testcase classname="tests.test_sprint_new_features" name="test_top_matches_present_and_ranked" time="0.064" /><testcase classname="tests.test_sprint_new_features" name="test_book_specific_artisan_sets_en_route" time="0.101" /><testcase classname="tests.test_sprint_new_features" name="test_book_unknown_artisan_returns_404" time="0.098" /><testcase classname="tests.test_sprint_new_features" name="test_book_someone_elses_mission_returns_404" time="0.382" /><testcase classname="tests.test_sprint_new_features" name="test_login_smoke" time="0.277" /><testcase classname="tests.test_sprint_new_features" name="test_artisans_plombier" time="0.076" /><testcase classname="tests.test_sprint_new_features" name="test_bookings_mine" time="0.068" /><testcase classname="tests.test_trust_engine.TestEngineInvariants" name="test_weights_sum_to_100" time="0.003" /><testcase classname="tests.test_trust_engine.TestEngineInvariants" name="test_all_20_factors_present" time="0.003" /><testcase classname="tests.test_trust_engine.TestEngineInvariants" name="test_compute_shape_and_bounds" time="0.003" /><testcase classname="tests.test_trust_engine.TestEngineInvariants" name="test_deterministic" time="0.003" /><testcase classname="tests.test_trust_engine.TestEngineInvariants" name="test_invalid_severity_ignored_in_helper" time="0.003" /><testcase classname="tests.test_trust_engine.TestTrustEndpoints" name="test_get_trust" time="0.159" /><testcase classname="tests.test_trust_engine.TestTrustEndpoints" name="test_trust_404" time="0.055" /><testcase classname="tests.test_trust_engine.TestTrustEndpoints" name="test_confidence_card" time="0.056" /><testcase classname="tests.test_trust_engine.TestTrustEndpoints" name="test_badges_top_rated_gold" time="0.101" /><testcase classname="tests.test_trust_engine.TestTrustEndpoints" name="test_badges_jobs_tiers_exclusive" time="0.003" /><testcase classname="tests.test_trust_engine.TestTrustEndpoints" name="test_artisan_get_enriched" time="0.057" /><testcase classname="tests.test_trust_engine.TestTrustEndpoints" name="test_recompute_trust_idempotent" time="0.376" /><testcase classname="tests.test_trust_engine.TestTrustEndpoints" name="test_recompute_404" time="0.053" /><testcase classname="tests.test_trust_engine.TestScoreboard" name="test_scoreboard_pro" time="0.332" /><testcase classname="tests.test_trust_engine.TestScoreboard" name="test_scoreboard_client_404" time="0.052" /><testcase classname="tests.test_trust_engine.TestDisputes" name="test_invalid_severity_400" time="0.052" /><testcase classname="tests.test_trust_engine.TestDisputes" name="test_minor_dispute_bumps_resolved" time="0.145" /><testcase classname="tests.test_trust_engine.TestDisputes" name="test_severe_dispute_manual_review_no_ban" time="0.103" /><testcase classname="tests.test_trust_engine.TestDisputes" name="test_moderate_lowers_score" time="0.157" /><testcase classname="tests.test_trust_engine.TestDisputes" name="test_disputes_mine_client" time="0.056" /><testcase classname="tests.test_trust_engine.TestDisputes" name="test_disputes_mine_artisan" time="0.053" /><testcase classname="tests.test_trust_engine.TestSmartRecos" name="test_smart_alternatives" time="0.052" /><testcase classname="tests.test_trust_engine.TestStartupPersistence" name="test_all_seeds_have_trust_persisted" time="0.056" /></testsuite></testsuites>