<?xml version="1.0" encoding="utf-8"?><testsuites name="pytest tests"><testsuite name="pytest" errors="0" failures="0" skipped="0" tests="23" time="2.068" timestamp="2026-07-08T18:15:12.043441+00:00" hostname="agent-env-92625e3a-3dc2-4d39-b8b8-0d15ea5c373b"><testcase classname="tests.test_trust_engine.TestEngineInvariants" name="test_weights_sum_to_100" time="0.000" /><testcase classname="tests.test_trust_engine.TestEngineInvariants" name="test_all_20_factors_present" time="0.000" /><testcase classname="tests.test_trust_engine.TestEngineInvariants" name="test_compute_shape_and_bounds" time="0.000" /><testcase classname="tests.test_trust_engine.TestEngineInvariants" name="test_deterministic" time="0.000" /><testcase classname="tests.test_trust_engine.TestEngineInvariants" name="test_invalid_severity_ignored_in_helper" time="0.000" /><testcase classname="tests.test_trust_engine.TestTrustEndpoints" name="test_get_trust" time="0.323" /><testcase classname="tests.test_trust_engine.TestTrustEndpoints" name="test_trust_404" time="0.046" /><testcase classname="tests.test_trust_engine.TestTrustEndpoints" name="test_confidence_card" time="0.044" /><testcase classname="tests.test_trust_engine.TestTrustEndpoints" name="test_badges_top_rated_gold" time="0.092" /><testcase classname="tests.test_trust_engine.TestTrustEndpoints" name="test_badges_jobs_tiers_exclusive" time="0.000" /><testcase classname="tests.test_trust_engine.TestTrustEndpoints" name="test_artisan_get_enriched" time="0.043" /><testcase classname="tests.test_trust_engine.TestTrustEndpoints" name="test_recompute_trust_idempotent" time="0.357" /><testcase classname="tests.test_trust_engine.TestTrustEndpoints" name="test_recompute_404" time="0.048" /><testcase classname="tests.test_trust_engine.TestScoreboard" name="test_scoreboard_pro" time="0.325" /><testcase classname="tests.test_trust_engine.TestScoreboard" name="test_scoreboard_client_404" time="0.048" /><testcase classname="tests.test_trust_engine.TestDisputes" name="test_invalid_severity_400" time="0.067" /><testcase classname="tests.test_trust_engine.TestDisputes" name="test_minor_dispute_bumps_resolved" time="0.148" /><testcase classname="tests.test_trust_engine.TestDisputes" name="test_severe_dispute_manual_review_no_ban" time="0.102" /><testcase classname="tests.test_trust_engine.TestDisputes" name="test_moderate_lowers_score" time="0.142" /><testcase classname="tests.test_trust_engine.TestDisputes" name="test_disputes_mine_client" time="0.046" /><testcase classname="tests.test_trust_engine.TestDisputes" name="test_disputes_mine_artisan" time="0.045" /><testcase classname="tests.test_trust_engine.TestSmartRecos" name="test_smart_alternatives" time="0.046" /><testcase classname="tests.test_trust_engine.TestStartupPersistence" name="test_all_seeds_have_trust_persisted" time="0.048" /></testsuite></testsuites>